# JRE version: OpenJDK Runtime Environment Temurin-21.0.8+9 (21.0.8+9) (build 21.0.8+9-LTS)
# Java VM: OpenJDK 64-Bit Server VM Temurin-21.0.8+9 (21.0.8+9-LTS, mixed mode, sharing, tiered, compressed oops, compressed class ptrs, parallel gc, windows-amd64)
GC Precious Log:
 CardTable entry size: 512
 CPUs: 12 total, 12 available
 Memory: 16230M
 Large Page Support: Disabled
 NUMA Support: Disabled
 Compressed Oops: Enabled (32-bit)
 Alignments: Space 512K, Generation 512K, Heap 2M
 Heap Min Capacity: 100M
 Heap Initial Capacity: 100M
 Heap Max Capacity: 2G
 Pre-touch: Disabled
 Parallel Workers: 10
Heap:
 PSYoungGen      total 2048K, used 437K [0x00000000d5580000, 0x00000000d5980000, 0x0000000100000000)
  eden space 1536K, 9% used [0x00000000d5580000,0x00000000d55a5658,0x00000000d5700000)
  from space 512K, 56% used [0x00000000d5900000,0x00000000d5948000,0x00000000d5980000)
  to   space 512K, 0% used [0x00000000d5880000,0x00000000d5880000,0x00000000d5900000)
 ParOldGen       total 589312K, used 246396K [0x0000000080000000, 0x00000000a3f80000, 0x00000000d5580000)
  object space 589312K, 41% used [0x0000000080000000,0x000000008f09f2b0,0x00000000a3f80000)
 Metaspace       used 77868K, committed 79360K, reserved 1179648K
  class space    used 8477K, committed 9152K, reserved 1048576K
GC Heap History (20 events):
Event: 1564.525 GC heap before
{Heap before GC invocations=1149 (full 4):
 PSYoungGen      total 2048K, used 1792K [0x00000000d5580000, 0x00000000d5980000, 0x0000000100000000)
  eden space 1536K, 100% used [0x00000000d5580000,0x00000000d5700000,0x00000000d5700000)
  from space 512K, 50% used [0x00000000d5900000,0x00000000d5940000,0x00000000d5980000)
  to   space 512K, 0% used [0x00000000d5880000,0x00000000d5880000,0x00000000d5900000)
 ParOldGen       total 589312K, used 245844K [0x0000000080000000, 0x00000000a3f80000, 0x00000000d5580000)
  object space 589312K, 41% used [0x0000000080000000,0x000000008f0152b0,0x00000000a3f80000)
 Metaspace       used 77804K, committed 79296K, reserved 1179648K
  class space    used 8477K, committed 9152K, reserved 1048576K
}
Event: 1564.526 GC heap after
{Heap after GC invocations=1149 (full 4):
 PSYoungGen      total 2048K, used 192K [0x00000000d5580000, 0x00000000d5980000, 0x0000000100000000)
  eden space 1536K, 0% used [0x00000000d5580000,0x00000000d5580000,0x00000000d5700000)
  from space 512K, 37% used [0x00000000d5880000,0x00000000d58b0000,0x00000000d5900000)
  to   space 512K, 0% used [0x00000000d5900000,0x00000000d5900000,0x00000000d5980000)
 ParOldGen       total 589312K, used 245900K [0x0000000080000000, 0x00000000a3f80000, 0x00000000d5580000)
  object space 589312K, 41% used [0x0000000080000000,0x000000008f0232b0,0x00000000a3f80000)
 Metaspace       used 77804K, committed 79296K, reserved 1179648K
  class space    used 8477K, committed 9152K, reserved 1048576K
}
Event: 1564.534 GC heap before
{Heap before GC invocations=1150 (full 4):
 PSYoungGen      total 2048K, used 1728K [0x00000000d5580000, 0x00000000d5980000, 0x0000000100000000)
  eden space 1536K, 100% used [0x00000000d5580000,0x00000000d5700000,0x00000000d5700000)
  from space 512K, 37% used [0x00000000d5880000,0x00000000d58b0000,0x00000000d5900000)
  to   space 512K, 0% used [0x00000000d5900000,0x00000000d5900000,0x00000000d5980000)
 ParOldGen       total 589312K, used 245900K [0x0000000080000000, 0x00000000a3f80000, 0x00000000d5580000)
  object space 589312K, 41% used [0x0000000080000000,0x000000008f0232b0,0x00000000a3f80000)
 Metaspace       used 77804K, committed 79296K, reserved 1179648K
  class space    used 8477K, committed 9152K, reserved 1048576K
}
Event: 1564.535 GC heap after
{Heap after GC invocations=1150 (full 4):
 PSYoungGen      total 2048K, used 192K [0x00000000d5580000, 0x00000000d5980000, 0x0000000100000000)
  eden space 1536K, 0% used [0x00000000d5580000,0x00000000d5580000,0x00000000d5700000)
  from space 512K, 37% used [0x00000000d5900000,0x00000000d5930000,0x00000000d5980000)
  to   space 512K, 0% used [0x00000000d5880000,0x00000000d5880000,0x00000000d5900000)
 ParOldGen       total 589312K, used 245980K [0x0000000080000000, 0x00000000a3f80000, 0x00000000d5580000)
  object space 589312K, 41% used [0x0000000080000000,0x000000008f0372b0,0x00000000a3f80000)
 Metaspace       used 77804K, committed 79296K, reserved 1179648K
  class space    used 8477K, committed 9152K, reserved 1048576K
}
Event: 1566.991 GC heap before
{Heap before GC invocations=1151 (full 4):
 PSYoungGen      total 2048K, used 1728K [0x00000000d5580000, 0x00000000d5980000, 0x0000000100000000)
  eden space 1536K, 100% used [0x00000000d5580000,0x00000000d5700000,0x00000000d5700000)
  from space 512K, 37% used [0x00000000d5900000,0x00000000d5930000,0x00000000d5980000)
  to   space 512K, 0% used [0x00000000d5880000,0x00000000d5880000,0x00000000d5900000)
 ParOldGen       total 589312K, used 245980K [0x0000000080000000, 0x00000000a3f80000, 0x00000000d5580000)
  object space 589312K, 41% used [0x0000000080000000,0x000000008f0372b0,0x00000000a3f80000)
 Metaspace       used 77804K, committed 79296K, reserved 1179648K
  class space    used 8477K, committed 9152K, reserved 1048576K
}
Event: 1566.992 GC heap after
{Heap after GC invocations=1151 (full 4):
 PSYoungGen      total 2048K, used 256K [0x00000000d5580000, 0x00000000d5980000, 0x0000000100000000)
  eden space 1536K, 0% used [0x00000000d5580000,0x00000000d5580000,0x00000000d5700000)
  from space 512K, 50% used [0x00000000d5880000,0x00000000d58c0000,0x00000000d5900000)
  to   space 512K, 0% used [0x00000000d5900000,0x00000000d5900000,0x00000000d5980000)
 ParOldGen       total 589312K, used 246004K [0x0000000080000000, 0x00000000a3f80000, 0x00000000d5580000)
  object space 589312K, 41% used [0x0000000080000000,0x000000008f03d2b0,0x00000000a3f80000)
 Metaspace       used 77804K, committed 79296K, reserved 1179648K
  class space    used 8477K, committed 9152K, reserved 1048576K
}
Event: 1595.550 GC heap before
{Heap before GC invocations=1152 (full 4):
 PSYoungGen      total 2048K, used 1792K [0x00000000d5580000, 0x00000000d5980000, 0x0000000100000000)
  eden space 1536K, 100% used [0x00000000d5580000,0x00000000d5700000,0x00000000d5700000)
  from space 512K, 50% used [0x00000000d5880000,0x00000000d58c0000,0x00000000d5900000)
  to   space 512K, 0% used [0x00000000d5900000,0x00000000d5900000,0x00000000d5980000)
 ParOldGen       total 589312K, used 246004K [0x0000000080000000, 0x00000000a3f80000, 0x00000000d5580000)
  object space 589312K, 41% used [0x0000000080000000,0x000000008f03d2b0,0x00000000a3f80000)
 Metaspace       used 77807K, committed 79296K, reserved 1179648K
  class space    used 8477K, committed 9152K, reserved 1048576K
}
Event: 1595.552 GC heap after
{Heap after GC invocations=1152 (full 4):
 PSYoungGen      total 2048K, used 288K [0x00000000d5580000, 0x00000000d5980000, 0x0000000100000000)
  eden space 1536K, 0% used [0x00000000d5580000,0x00000000d5580000,0x00000000d5700000)
  from space 512K, 56% used [0x00000000d5900000,0x00000000d5948000,0x00000000d5980000)
  to   space 512K, 0% used [0x00000000d5880000,0x00000000d5880000,0x00000000d5900000)
 ParOldGen       total 589312K, used 246084K [0x0000000080000000, 0x00000000a3f80000, 0x00000000d5580000)
  object space 589312K, 41% used [0x0000000080000000,0x000000008f0512b0,0x00000000a3f80000)
 Metaspace       used 77807K, committed 79296K, reserved 1179648K
  class space    used 8477K, committed 9152K, reserved 1048576K
}
Event: 1599.249 GC heap before
{Heap before GC invocations=1153 (full 4):
 PSYoungGen      total 2048K, used 1824K [0x00000000d5580000, 0x00000000d5980000, 0x0000000100000000)
  eden space 1536K, 100% used [0x00000000d5580000,0x00000000d5700000,0x00000000d5700000)
  from space 512K, 56% used [0x00000000d5900000,0x00000000d5948000,0x00000000d5980000)
  to   space 512K, 0% used [0x00000000d5880000,0x00000000d5880000,0x00000000d5900000)
 ParOldGen       total 589312K, used 246084K [0x0000000080000000, 0x00000000a3f80000, 0x00000000d5580000)
  object space 589312K, 41% used [0x0000000080000000,0x000000008f0512b0,0x00000000a3f80000)
 Metaspace       used 77807K, committed 79296K, reserved 1179648K
  class space    used 8477K, committed 9152K, reserved 1048576K
}
Event: 1599.250 GC heap after
{Heap after GC invocations=1153 (full 4):
 PSYoungGen      total 2048K, used 256K [0x00000000d5580000, 0x00000000d5980000, 0x0000000100000000)
  eden space 1536K, 0% used [0x00000000d5580000,0x00000000d5580000,0x00000000d5700000)
  from space 512K, 50% used [0x00000000d5880000,0x00000000d58c0000,0x00000000d5900000)
  to   space 512K, 0% used [0x00000000d5900000,0x00000000d5900000,0x00000000d5980000)
 ParOldGen       total 589312K, used 246156K [0x0000000080000000, 0x00000000a3f80000, 0x00000000d5580000)
  object space 589312K, 41% used [0x0000000080000000,0x000000008f0632b0,0x00000000a3f80000)
 Metaspace       used 77807K, committed 79296K, reserved 1179648K
  class space    used 8477K, committed 9152K, reserved 1048576K
}
Event: 1599.261 GC heap before
{Heap before GC invocations=1154 (full 4):
 PSYoungGen      total 2048K, used 1792K [0x00000000d5580000, 0x00000000d5980000, 0x0000000100000000)
  eden space 1536K, 100% used [0x00000000d5580000,0x00000000d5700000,0x00000000d5700000)
  from space 512K, 50% used [0x00000000d5880000,0x00000000d58c0000,0x00000000d5900000)
  to   space 512K, 0% used [0x00000000d5900000,0x00000000d5900000,0x00000000d5980000)
 ParOldGen       total 589312K, used 246156K [0x0000000080000000, 0x00000000a3f80000, 0x00000000d5580000)
  object space 589312K, 41% used [0x0000000080000000,0x000000008f0632b0,0x00000000a3f80000)
 Metaspace       used 77807K, committed 79296K, reserved 1179648K
  class space    used 8477K, committed 9152K, reserved 1048576K
}
Event: 1599.262 GC heap after
{Heap after GC invocations=1154 (full 4):
 PSYoungGen      total 2048K, used 256K [0x00000000d5580000, 0x00000000d5980000, 0x0000000100000000)
  eden space 1536K, 0% used [0x00000000d5580000,0x00000000d5580000,0x00000000d5700000)
  from space 512K, 50% used [0x00000000d5900000,0x00000000d5940000,0x00000000d5980000)
  to   space 512K, 0% used [0x00000000d5880000,0x00000000d5880000,0x00000000d5900000)
 ParOldGen       total 589312K, used 246220K [0x0000000080000000, 0x00000000a3f80000, 0x00000000d5580000)
  object space 589312K, 41% used [0x0000000080000000,0x000000008f0732b0,0x00000000a3f80000)
 Metaspace       used 77807K, committed 79296K, reserved 1179648K
  class space    used 8477K, committed 9152K, reserved 1048576K
}
Event: 1601.046 GC heap before
{Heap before GC invocations=1155 (full 4):
 PSYoungGen      total 2048K, used 1791K [0x00000000d5580000, 0x00000000d5980000, 0x0000000100000000)
  eden space 1536K, 99% used [0x00000000d5580000,0x00000000d56ffff8,0x00000000d5700000)
  from space 512K, 50% used [0x00000000d5900000,0x00000000d5940000,0x00000000d5980000)
  to   space 512K, 0% used [0x00000000d5880000,0x00000000d5880000,0x00000000d5900000)
 ParOldGen       total 589312K, used 246220K [0x0000000080000000, 0x00000000a3f80000, 0x00000000d5580000)
  object space 589312K, 41% used [0x0000000080000000,0x000000008f0732b0,0x00000000a3f80000)
 Metaspace       used 77807K, committed 79296K, reserved 1179648K
  class space    used 8477K, committed 9152K, reserved 1048576K
}
Event: 1601.047 GC heap after
{Heap after GC invocations=1155 (full 4):
 PSYoungGen      total 2048K, used 288K [0x00000000d5580000, 0x00000000d5980000, 0x0000000100000000)
  eden space 1536K, 0% used [0x00000000d5580000,0x00000000d5580000,0x00000000d5700000)
  from space 512K, 56% used [0x00000000d5880000,0x00000000d58c8000,0x00000000d5900000)
  to   space 512K, 0% used [0x00000000d5900000,0x00000000d5900000,0x00000000d5980000)
 ParOldGen       total 589312K, used 246236K [0x0000000080000000, 0x00000000a3f80000, 0x00000000d5580000)
  object space 589312K, 41% used [0x0000000080000000,0x000000008f0772b0,0x00000000a3f80000)
 Metaspace       used 77807K, committed 79296K, reserved 1179648K
  class space    used 8477K, committed 9152K, reserved 1048576K
}
Event: 1628.172 GC heap before
{Heap before GC invocations=1156 (full 4):
 PSYoungGen      total 2048K, used 1824K [0x00000000d5580000, 0x00000000d5980000, 0x0000000100000000)
  eden space 1536K, 100% used [0x00000000d5580000,0x00000000d5700000,0x00000000d5700000)
  from space 512K, 56% used [0x00000000d5880000,0x00000000d58c8000,0x00000000d5900000)
  to   space 512K, 0% used [0x00000000d5900000,0x00000000d5900000,0x00000000d5980000)
 ParOldGen       total 589312K, used 246236K [0x0000000080000000, 0x00000000a3f80000, 0x00000000d5580000)
  object space 589312K, 41% used [0x0000000080000000,0x000000008f0772b0,0x00000000a3f80000)
 Metaspace       used 77811K, committed 79296K, reserved 1179648K
  class space    used 8477K, committed 9152K, reserved 1048576K
}
Event: 1628.173 GC heap after
{Heap after GC invocations=1156 (full 4):
 PSYoungGen      total 2048K, used 224K [0x00000000d5580000, 0x00000000d5980000, 0x0000000100000000)
  eden space 1536K, 0% used [0x00000000d5580000,0x00000000d5580000,0x00000000d5700000)
  from space 512K, 43% used [0x00000000d5900000,0x00000000d5938000,0x00000000d5980000)
  to   space 512K, 0% used [0x00000000d5880000,0x00000000d5880000,0x00000000d5900000)
 ParOldGen       total 589312K, used 246292K [0x0000000080000000, 0x00000000a3f80000, 0x00000000d5580000)
  object space 589312K, 41% used [0x0000000080000000,0x000000008f0852b0,0x00000000a3f80000)
 Metaspace       used 77811K, committed 79296K, reserved 1179648K
  class space    used 8477K, committed 9152K, reserved 1048576K
}
Event: 3029.264 GC heap before
{Heap before GC invocations=1157 (full 4):
 PSYoungGen      total 2048K, used 1759K [0x00000000d5580000, 0x00000000d5980000, 0x0000000100000000)
  eden space 1536K, 99% used [0x00000000d5580000,0x00000000d56ffff0,0x00000000d5700000)
  from space 512K, 43% used [0x00000000d5900000,0x00000000d5938000,0x00000000d5980000)
  to   space 512K, 0% used [0x00000000d5880000,0x00000000d5880000,0x00000000d5900000)
 ParOldGen       total 589312K, used 246292K [0x0000000080000000, 0x00000000a3f80000, 0x00000000d5580000)
  object space 589312K, 41% used [0x0000000080000000,0x000000008f0852b0,0x00000000a3f80000)
 Metaspace       used 77834K, committed 79360K, reserved 1179648K
  class space    used 8477K, committed 9152K, reserved 1048576K
}
Event: 3029.266 GC heap after
{Heap after GC invocations=1157 (full 4):
 PSYoungGen      total 2048K, used 224K [0x00000000d5580000, 0x00000000d5980000, 0x0000000100000000)
  eden space 1536K, 0% used [0x00000000d5580000,0x00000000d5580000,0x00000000d5700000)
  from space 512K, 43% used [0x00000000d5880000,0x00000000d58b8000,0x00000000d5900000)
  to   space 512K, 0% used [0x00000000d5900000,0x00000000d5900000,0x00000000d5980000)
 ParOldGen       total 589312K, used 246340K [0x0000000080000000, 0x00000000a3f80000, 0x00000000d5580000)
  object space 589312K, 41% used [0x0000000080000000,0x000000008f0912b0,0x00000000a3f80000)
 Metaspace       used 77834K, committed 79360K, reserved 1179648K
  class space    used 8477K, committed 9152K, reserved 1048576K
}
Event: 12929.525 GC heap before
{Heap before GC invocations=1158 (full 4):
 PSYoungGen      total 2048K, used 1759K [0x00000000d5580000, 0x00000000d5980000, 0x0000000100000000)
  eden space 1536K, 99% used [0x00000000d5580000,0x00000000d56ffff0,0x00000000d5700000)
  from space 512K, 43% used [0x00000000d5880000,0x00000000d58b8000,0x00000000d5900000)
  to   space 512K, 0% used [0x00000000d5900000,0x00000000d5900000,0x00000000d5980000)
 ParOldGen       total 589312K, used 246340K [0x0000000080000000, 0x00000000a3f80000, 0x00000000d5580000)
  object space 589312K, 41% used [0x0000000080000000,0x000000008f0912b0,0x00000000a3f80000)
 Metaspace       used 77868K, committed 79360K, reserved 1179648K
  class space    used 8477K, committed 9152K, reserved 1048576K
}
Event: 12929.634 GC heap after
{Heap after GC invocations=1158 (full 4):
 PSYoungGen      total 2048K, used 288K [0x00000000d5580000, 0x00000000d5980000, 0x0000000100000000)
  eden space 1536K, 0% used [0x00000000d5580000,0x00000000d5580000,0x00000000d5700000)
  from space 512K, 56% used [0x00000000d5900000,0x00000000d5948000,0x00000000d5980000)
  to   space 512K, 0% used [0x00000000d5880000,0x00000000d5880000,0x00000000d5900000)
 ParOldGen       total 589312K, used 246396K [0x0000000080000000, 0x00000000a3f80000, 0x00000000d5580000)
  object space 589312K, 41% used [0x0000000080000000,0x000000008f09f2b0,0x00000000a3f80000)
 Metaspace       used 77868K, committed 79360K, reserved 1179648K
  class space    used 8477K, committed 9152K, reserved 1048576K
}

