{"D:\\w\\crypto-viewer\\App.tsx": {"path":"D:\\w\\crypto-viewer\\App.tsx","statementMap":{"0":{"start":{"line":5,"column":12},"end":{"line":9,"column":1}},"1":{"start":{"line":6,"column":2},"end":{"line":8,"column":17}}},"fnMap":{"0":{"name":"(anonymous_0)","decl":{"start":{"line":5,"column":12},"end":{"line":5,"column":13}},"loc":{"start":{"line":6,"column":2},"end":{"line":8,"column":17}},"line":6}},"branchMap":{},"s":{"0":0,"1":0},"f":{"0":0},"b":{}}
,"D:\\w\\crypto-viewer\\AppProviders.tsx": {"path":"D:\\w\\crypto-viewer\\AppProviders.tsx","statementMap":{"0":{"start":{"line":11,"column":43},"end":{"line":23,"column":1}},"1":{"start":{"line":14,"column":2},"end":{"line":22,"column":21}}},"fnMap":{"0":{"name":"(anonymous_0)","decl":{"start":{"line":11,"column":43},"end":{"line":11,"column":44}},"loc":{"start":{"line":14,"column":2},"end":{"line":22,"column":21}},"line":14}},"branchMap":{},"s":{"0":0,"1":0},"f":{"0":0},"b":{}}
,"D:\\w\\crypto-viewer\\constants.ts": {"path":"D:\\w\\crypto-viewer\\constants.ts","statementMap":{"0":{"start":{"line":1,"column":29},"end":{"line":10,"column":1}}},"fnMap":{},"branchMap":{},"s":{"0":4},"f":{},"b":{},"_coverageSchema":"1a1c01bbd47fc00a2c39e90264f33305004495a9","hash":"47563bb724ba7fbb306b526bbc87f1aeb50c6fec"}
,"D:\\w\\crypto-viewer\\assets\\Colors.ts": {"path":"D:\\w\\crypto-viewer\\assets\\Colors.ts","statementMap":{"0":{"start":{"line":2,"column":39},"end":{"line":15,"column":1}}},"fnMap":{},"branchMap":{},"s":{"0":3},"f":{},"b":{},"_coverageSchema":"1a1c01bbd47fc00a2c39e90264f33305004495a9","hash":"ecadfae3a9b5d22d4ec33ab25218fa90c1da247a"}
,"D:\\w\\crypto-viewer\\assets\\fonts\\baseIcons\\CryptoViewerIconsMap.ts": {"path":"D:\\w\\crypto-viewer\\assets\\fonts\\baseIcons\\CryptoViewerIconsMap.ts","statementMap":{"0":{"start":{"line":1,"column":66},"end":{"line":23,"column":1}}},"fnMap":{},"branchMap":{},"s":{"0":1},"f":{},"b":{},"_coverageSchema":"1a1c01bbd47fc00a2c39e90264f33305004495a9","hash":"3f23144b305f82f0a5176f59066caa254fe6e849"}
,"D:\\w\\crypto-viewer\\assets\\translations\\TranslationUtils.ts": {"path":"D:\\w\\crypto-viewer\\assets\\translations\\TranslationUtils.ts","statementMap":{"0":{"start":{"line":9,"column":92},"end":{"line":16,"column":1}},"1":{"start":{"line":18,"column":33},"end":{"line":21,"column":1}}},"fnMap":{},"branchMap":{},"s":{"0":4,"1":4},"f":{},"b":{},"_coverageSchema":"1a1c01bbd47fc00a2c39e90264f33305004495a9","hash":"3eab915bbd0e6a1579898eb3ca584f064b58e602"}
,"D:\\w\\crypto-viewer\\assets\\translations\\en.ts": {"path":"D:\\w\\crypto-viewer\\assets\\translations\\en.ts","statementMap":{"0":{"start":{"line":3,"column":39},"end":{"line":70,"column":1}}},"fnMap":{},"branchMap":{},"s":{"0":4},"f":{},"b":{},"_coverageSchema":"1a1c01bbd47fc00a2c39e90264f33305004495a9","hash":"6b1833f2c61a00d7c3f6a01cc70f6487005db407"}
,"D:\\w\\crypto-viewer\\assets\\translations\\fr.ts": {"path":"D:\\w\\crypto-viewer\\assets\\translations\\fr.ts","statementMap":{"0":{"start":{"line":3,"column":39},"end":{"line":70,"column":1}}},"fnMap":{},"branchMap":{},"s":{"0":4},"f":{},"b":{},"_coverageSchema":"1a1c01bbd47fc00a2c39e90264f33305004495a9","hash":"c18bad483bdabf6d4c5b2513d01b6ce8a6d7d4cd"}
,"D:\\w\\crypto-viewer\\components\\PassThroughComponents.tsx": {"path":"D:\\w\\crypto-viewer\\components\\PassThroughComponents.tsx","statementMap":{"0":{"start":{"line":4,"column":21},"end":{"line":4,"column":32}}},"fnMap":{},"branchMap":{},"s":{"0":3},"f":{},"b":{},"_coverageSchema":"1a1c01bbd47fc00a2c39e90264f33305004495a9","hash":"31333752a256fbe0cde79176602453000ef3bb7d"}
,"D:\\w\\crypto-viewer\\components\\CryptoDetails\\CryptoDailyRate.tsx": {"path":"D:\\w\\crypto-viewer\\components\\CryptoDetails\\CryptoDailyRate.tsx","statementMap":{"0":{"start":{"line":14,"column":50},"end":{"line":84,"column":1}},"1":{"start":{"line":17,"column":17},"end":{"line":59,"column":3}},"2":{"start":{"line":18,"column":10},"end":{"line":57,"column":6}},"3":{"start":{"line":61,"column":2},"end":{"line":83,"column":4}}},"fnMap":{"0":{"name":"(anonymous_0)","decl":{"start":{"line":14,"column":50},"end":{"line":14,"column":51}},"loc":{"start":{"line":16,"column":6},"end":{"line":84,"column":1}},"line":16},"1":{"name":"(anonymous_1)","decl":{"start":{"line":18,"column":4},"end":{"line":18,"column":5}},"loc":{"start":{"line":18,"column":10},"end":{"line":57,"column":6}},"line":18}},"branchMap":{"0":{"loc":{"start":{"line":63,"column":7},"end":{"line":81,"column":7}},"type":"cond-expr","locations":[{"start":{"line":64,"column":8},"end":{"line":71,"column":15}},{"start":{"line":73,"column":8},"end":{"line":80,"column":15}}],"line":63},"1":{"loc":{"start":{"line":69,"column":53},"end":{"line":69,"column":62}},"type":"binary-expr","locations":[{"start":{"line":69,"column":53},"end":{"line":69,"column":57}},{"start":{"line":69,"column":61},"end":{"line":69,"column":62}}],"line":69},"2":{"loc":{"start":{"line":78,"column":53},"end":{"line":78,"column":62}},"type":"binary-expr","locations":[{"start":{"line":78,"column":53},"end":{"line":78,"column":57}},{"start":{"line":78,"column":61},"end":{"line":78,"column":62}}],"line":78}},"s":{"0":0,"1":0,"2":0,"3":0},"f":{"0":0,"1":0},"b":{"0":[0,0],"1":[0,0],"2":[0,0]}}
,"D:\\w\\crypto-viewer\\components\\CryptoDetails\\CryptoDescription.tsx": {"path":"D:\\w\\crypto-viewer\\components\\CryptoDetails\\CryptoDescription.tsx","statementMap":{"0":{"start":{"line":19,"column":54},"end":{"line":111,"column":1}},"1":{"start":{"line":22,"column":6},"end":{"line":22,"column":35}},"2":{"start":{"line":24,"column":12},"end":{"line":24,"column":42}},"3":{"start":{"line":26,"column":16},"end":{"line":26,"column":40}},"4":{"start":{"line":28,"column":22},"end":{"line":31,"column":3}},"5":{"start":{"line":29,"column":10},"end":{"line":29,"column":54}},"6":{"start":{"line":33,"column":30},"end":{"line":36,"column":3}},"7":{"start":{"line":34,"column":10},"end":{"line":34,"column":56}},"8":{"start":{"line":38,"column":17},"end":{"line":79,"column":3}},"9":{"start":{"line":39,"column":10},"end":{"line":77,"column":6}},"10":{"start":{"line":81,"column":22},"end":{"line":84,"column":3}},"11":{"start":{"line":82,"column":10},"end":{"line":82,"column":87}},"12":{"start":{"line":86,"column":2},"end":{"line":89,"column":3}},"13":{"start":{"line":88,"column":4},"end":{"line":88,"column":16}},"14":{"start":{"line":91,"column":2},"end":{"line":110,"column":4}}},"fnMap":{"0":{"name":"(anonymous_0)","decl":{"start":{"line":19,"column":54},"end":{"line":19,"column":55}},"loc":{"start":{"line":19,"column":60},"end":{"line":111,"column":1}},"line":19},"1":{"name":"(anonymous_1)","decl":{"start":{"line":29,"column":4},"end":{"line":29,"column":5}},"loc":{"start":{"line":29,"column":10},"end":{"line":29,"column":54}},"line":29},"2":{"name":"(anonymous_2)","decl":{"start":{"line":34,"column":4},"end":{"line":34,"column":5}},"loc":{"start":{"line":34,"column":10},"end":{"line":34,"column":56}},"line":34},"3":{"name":"(anonymous_3)","decl":{"start":{"line":39,"column":4},"end":{"line":39,"column":5}},"loc":{"start":{"line":39,"column":10},"end":{"line":77,"column":6}},"line":39},"4":{"name":"(anonymous_4)","decl":{"start":{"line":82,"column":4},"end":{"line":82,"column":5}},"loc":{"start":{"line":82,"column":10},"end":{"line":82,"column":87}},"line":82}},"branchMap":{"0":{"loc":{"start":{"line":86,"column":2},"end":{"line":89,"column":3}},"type":"if","locations":[{"start":{"line":86,"column":2},"end":{"line":89,"column":3}},{"start":{"line":86,"column":2},"end":{"line":89,"column":3}}],"line":86},"1":{"loc":{"start":{"line":86,"column":6},"end":{"line":87,"column":65}},"type":"binary-expr","locations":[{"start":{"line":86,"column":6},"end":{"line":86,"column":14}},{"start":{"line":86,"column":18},"end":{"line":86,"column":82}},{"start":{"line":87,"column":5},"end":{"line":87,"column":65}}],"line":86},"2":{"loc":{"start":{"line":97,"column":9},"end":{"line":97,"column":78}},"type":"binary-expr","locations":[{"start":{"line":97,"column":9},"end":{"line":97,"column":72}},{"start":{"line":97,"column":76},"end":{"line":97,"column":78}}],"line":97},"3":{"loc":{"start":{"line":99,"column":7},"end":{"line":108,"column":14}},"type":"cond-expr","locations":[{"start":{"line":100,"column":8},"end":{"line":107,"column":27}},{"start":{"line":108,"column":10},"end":{"line":108,"column":14}}],"line":99}},"s":{"0":0,"1":0,"2":0,"3":0,"4":0,"5":0,"6":0,"7":0,"8":0,"9":0,"10":0,"11":0,"12":0,"13":0,"14":0},"f":{"0":0,"1":0,"2":0,"3":0,"4":0},"b":{"0":[0,0],"1":[0,0,0],"2":[0,0],"3":[0,0]}}
,"D:\\w\\crypto-viewer\\components\\CryptoDetails\\CryptoDetailGraph.tsx": {"path":"D:\\w\\crypto-viewer\\components\\CryptoDetails\\CryptoDetailGraph.tsx","statementMap":{"0":{"start":{"line":33,"column":54},"end":{"line":216,"column":1}},"1":{"start":{"line":40,"column":6},"end":{"line":40,"column":33}},"2":{"start":{"line":42,"column":12},"end":{"line":42,"column":42}},"3":{"start":{"line":44,"column":16},"end":{"line":44,"column":82}},"4":{"start":{"line":44,"column":30},"end":{"line":44,"column":69}},"5":{"start":{"line":45,"column":20},"end":{"line":45,"column":87}},"6":{"start":{"line":45,"column":34},"end":{"line":45,"column":74}},"7":{"start":{"line":46,"column":21},"end":{"line":46,"column":90}},"8":{"start":{"line":46,"column":35},"end":{"line":46,"column":77}},"9":{"start":{"line":50,"column":6},"end":{"line":50,"column":35}},"10":{"start":{"line":52,"column":16},"end":{"line":52,"column":40}},"11":{"start":{"line":54,"column":22},"end":{"line":57,"column":3}},"12":{"start":{"line":55,"column":10},"end":{"line":55,"column":54}},"13":{"start":{"line":59,"column":30},"end":{"line":62,"column":3}},"14":{"start":{"line":60,"column":10},"end":{"line":60,"column":56}},"15":{"start":{"line":64,"column":17},"end":{"line":86,"column":3}},"16":{"start":{"line":65,"column":10},"end":{"line":84,"column":6}},"17":{"start":{"line":89,"column":27},"end":{"line":101,"column":14}},"18":{"start":{"line":89,"column":42},"end":{"line":101,"column":3}},"19":{"start":{"line":103,"column":20},"end":{"line":111,"column":3}},"20":{"start":{"line":105,"column":6},"end":{"line":107,"column":7}},"21":{"start":{"line":106,"column":8},"end":{"line":106,"column":18}},"22":{"start":{"line":108,"column":6},"end":{"line":108,"column":164}},"23":{"start":{"line":113,"column":31},"end":{"line":116,"column":3}},"24":{"start":{"line":114,"column":10},"end":{"line":114,"column":111}},"25":{"start":{"line":114,"column":62},"end":{"line":114,"column":110}},"26":{"start":{"line":118,"column":2},"end":{"line":120,"column":3}},"27":{"start":{"line":119,"column":4},"end":{"line":119,"column":16}},"28":{"start":{"line":121,"column":2},"end":{"line":128,"column":3}},"29":{"start":{"line":122,"column":4},"end":{"line":127,"column":6}},"30":{"start":{"line":130,"column":2},"end":{"line":215,"column":4}},"31":{"start":{"line":149,"column":30},"end":{"line":149,"column":32}},"32":{"start":{"line":170,"column":32},"end":{"line":170,"column":34}}},"fnMap":{"0":{"name":"(anonymous_0)","decl":{"start":{"line":33,"column":54},"end":{"line":33,"column":55}},"loc":{"start":{"line":37,"column":6},"end":{"line":216,"column":1}},"line":37},"1":{"name":"(anonymous_1)","decl":{"start":{"line":44,"column":24},"end":{"line":44,"column":25}},"loc":{"start":{"line":44,"column":30},"end":{"line":44,"column":69}},"line":44},"2":{"name":"(anonymous_2)","decl":{"start":{"line":45,"column":28},"end":{"line":45,"column":29}},"loc":{"start":{"line":45,"column":34},"end":{"line":45,"column":74}},"line":45},"3":{"name":"(anonymous_3)","decl":{"start":{"line":46,"column":29},"end":{"line":46,"column":30}},"loc":{"start":{"line":46,"column":35},"end":{"line":46,"column":77}},"line":46},"4":{"name":"(anonymous_4)","decl":{"start":{"line":55,"column":4},"end":{"line":55,"column":5}},"loc":{"start":{"line":55,"column":10},"end":{"line":55,"column":54}},"line":55},"5":{"name":"(anonymous_5)","decl":{"start":{"line":60,"column":4},"end":{"line":60,"column":5}},"loc":{"start":{"line":60,"column":10},"end":{"line":60,"column":56}},"line":60},"6":{"name":"(anonymous_6)","decl":{"start":{"line":65,"column":4},"end":{"line":65,"column":5}},"loc":{"start":{"line":65,"column":10},"end":{"line":84,"column":6}},"line":65},"7":{"name":"(anonymous_7)","decl":{"start":{"line":89,"column":35},"end":{"line":89,"column":36}},"loc":{"start":{"line":89,"column":42},"end":{"line":101,"column":3}},"line":89},"8":{"name":"(anonymous_8)","decl":{"start":{"line":104,"column":4},"end":{"line":104,"column":5}},"loc":{"start":{"line":104,"column":10},"end":{"line":109,"column":5}},"line":104},"9":{"name":"(anonymous_9)","decl":{"start":{"line":114,"column":4},"end":{"line":114,"column":5}},"loc":{"start":{"line":114,"column":10},"end":{"line":114,"column":111}},"line":114},"10":{"name":"(anonymous_10)","decl":{"start":{"line":114,"column":48},"end":{"line":114,"column":49}},"loc":{"start":{"line":114,"column":62},"end":{"line":114,"column":110}},"line":114},"11":{"name":"(anonymous_11)","decl":{"start":{"line":149,"column":24},"end":{"line":149,"column":25}},"loc":{"start":{"line":149,"column":30},"end":{"line":149,"column":32}},"line":149},"12":{"name":"(anonymous_12)","decl":{"start":{"line":170,"column":26},"end":{"line":170,"column":27}},"loc":{"start":{"line":170,"column":32},"end":{"line":170,"column":34}},"line":170}},"branchMap":{"0":{"loc":{"start":{"line":105,"column":6},"end":{"line":107,"column":7}},"type":"if","locations":[{"start":{"line":105,"column":6},"end":{"line":107,"column":7}},{"start":{"line":105,"column":6},"end":{"line":107,"column":7}}],"line":105},"1":{"loc":{"start":{"line":105,"column":10},"end":{"line":105,"column":54}},"type":"binary-expr","locations":[{"start":{"line":105,"column":10},"end":{"line":105,"column":24}},{"start":{"line":105,"column":28},"end":{"line":105,"column":54}}],"line":105},"2":{"loc":{"start":{"line":114,"column":10},"end":{"line":114,"column":111}},"type":"binary-expr","locations":[{"start":{"line":114,"column":10},"end":{"line":114,"column":23}},{"start":{"line":114,"column":27},"end":{"line":114,"column":111}}],"line":114},"3":{"loc":{"start":{"line":114,"column":71},"end":{"line":114,"column":103}},"type":"cond-expr","locations":[{"start":{"line":114,"column":98},"end":{"line":114,"column":99}},{"start":{"line":114,"column":102},"end":{"line":114,"column":103}}],"line":114},"4":{"loc":{"start":{"line":118,"column":2},"end":{"line":120,"column":3}},"type":"if","locations":[{"start":{"line":118,"column":2},"end":{"line":120,"column":3}},{"start":{"line":118,"column":2},"end":{"line":120,"column":3}}],"line":118},"5":{"loc":{"start":{"line":121,"column":2},"end":{"line":128,"column":3}},"type":"if","locations":[{"start":{"line":121,"column":2},"end":{"line":128,"column":3}},{"start":{"line":121,"column":2},"end":{"line":128,"column":3}}],"line":121},"6":{"loc":{"start":{"line":136,"column":7},"end":{"line":203,"column":16}},"type":"cond-expr","locations":[{"start":{"line":138,"column":10},"end":{"line":202,"column":25}},{"start":{"line":203,"column":12},"end":{"line":203,"column":16}}],"line":136}},"s":{"0":0,"1":0,"2":0,"3":0,"4":0,"5":0,"6":0,"7":0,"8":0,"9":0,"10":0,"11":0,"12":0,"13":0,"14":0,"15":0,"16":0,"17":0,"18":0,"19":0,"20":0,"21":0,"22":0,"23":0,"24":0,"25":0,"26":0,"27":0,"28":0,"29":0,"30":0,"31":0,"32":0},"f":{"0":0,"1":0,"2":0,"3":0,"4":0,"5":0,"6":0,"7":0,"8":0,"9":0,"10":0,"11":0,"12":0},"b":{"0":[0,0],"1":[0,0],"2":[0,0],"3":[0,0],"4":[0,0],"5":[0,0],"6":[0,0]}}
,"D:\\w\\crypto-viewer\\components\\CryptoDetails\\CryptoDetailStats.tsx": {"path":"D:\\w\\crypto-viewer\\components\\CryptoDetails\\CryptoDetailStats.tsx","statementMap":{"0":{"start":{"line":26,"column":54},"end":{"line":208,"column":1}},"1":{"start":{"line":31,"column":16},"end":{"line":31,"column":40}},"2":{"start":{"line":33,"column":17},"end":{"line":84,"column":3}},"3":{"start":{"line":34,"column":10},"end":{"line":82,"column":6}},"4":{"start":{"line":88,"column":6},"end":{"line":88,"column":33}},"5":{"start":{"line":90,"column":12},"end":{"line":90,"column":42}},"6":{"start":{"line":92,"column":16},"end":{"line":92,"column":82}},"7":{"start":{"line":92,"column":30},"end":{"line":92,"column":69}},"8":{"start":{"line":96,"column":6},"end":{"line":96,"column":35}},"9":{"start":{"line":98,"column":22},"end":{"line":101,"column":3}},"10":{"start":{"line":99,"column":10},"end":{"line":99,"column":54}},"11":{"start":{"line":103,"column":2},"end":{"line":105,"column":3}},"12":{"start":{"line":104,"column":4},"end":{"line":104,"column":16}},"13":{"start":{"line":106,"column":2},"end":{"line":207,"column":4}}},"fnMap":{"0":{"name":"(anonymous_0)","decl":{"start":{"line":26,"column":54},"end":{"line":26,"column":55}},"loc":{"start":{"line":30,"column":6},"end":{"line":208,"column":1}},"line":30},"1":{"name":"(anonymous_1)","decl":{"start":{"line":34,"column":4},"end":{"line":34,"column":5}},"loc":{"start":{"line":34,"column":10},"end":{"line":82,"column":6}},"line":34},"2":{"name":"(anonymous_2)","decl":{"start":{"line":92,"column":24},"end":{"line":92,"column":25}},"loc":{"start":{"line":92,"column":30},"end":{"line":92,"column":69}},"line":92},"3":{"name":"(anonymous_3)","decl":{"start":{"line":99,"column":4},"end":{"line":99,"column":5}},"loc":{"start":{"line":99,"column":10},"end":{"line":99,"column":54}},"line":99}},"branchMap":{"0":{"loc":{"start":{"line":103,"column":2},"end":{"line":105,"column":3}},"type":"if","locations":[{"start":{"line":103,"column":2},"end":{"line":105,"column":3}},{"start":{"line":103,"column":2},"end":{"line":105,"column":3}}],"line":103},"1":{"loc":{"start":{"line":103,"column":6},"end":{"line":103,"column":24}},"type":"binary-expr","locations":[{"start":{"line":103,"column":6},"end":{"line":103,"column":12}},{"start":{"line":103,"column":16},"end":{"line":103,"column":24}}],"line":103},"2":{"loc":{"start":{"line":112,"column":9},"end":{"line":128,"column":9}},"type":"binary-expr","locations":[{"start":{"line":112,"column":9},"end":{"line":112,"column":21}},{"start":{"line":113,"column":10},"end":{"line":127,"column":12}}],"line":112},"3":{"loc":{"start":{"line":131,"column":9},"end":{"line":147,"column":9}},"type":"binary-expr","locations":[{"start":{"line":131,"column":9},"end":{"line":131,"column":20}},{"start":{"line":132,"column":10},"end":{"line":146,"column":12}}],"line":131},"4":{"loc":{"start":{"line":150,"column":9},"end":{"line":169,"column":9}},"type":"binary-expr","locations":[{"start":{"line":150,"column":9},"end":{"line":150,"column":23}},{"start":{"line":151,"column":10},"end":{"line":168,"column":12}}],"line":150},"5":{"loc":{"start":{"line":177,"column":9},"end":{"line":184,"column":9}},"type":"binary-expr","locations":[{"start":{"line":177,"column":9},"end":{"line":177,"column":19}},{"start":{"line":178,"column":10},"end":{"line":183,"column":12}}],"line":177},"6":{"loc":{"start":{"line":187,"column":9},"end":{"line":194,"column":9}},"type":"binary-expr","locations":[{"start":{"line":187,"column":9},"end":{"line":187,"column":24}},{"start":{"line":188,"column":10},"end":{"line":193,"column":12}}],"line":187},"7":{"loc":{"start":{"line":197,"column":9},"end":{"line":204,"column":9}},"type":"binary-expr","locations":[{"start":{"line":197,"column":9},"end":{"line":197,"column":20}},{"start":{"line":198,"column":10},"end":{"line":203,"column":12}}],"line":197}},"s":{"0":0,"1":0,"2":0,"3":0,"4":0,"5":0,"6":0,"7":0,"8":0,"9":0,"10":0,"11":0,"12":0,"13":0},"f":{"0":0,"1":0,"2":0,"3":0},"b":{"0":[0,0],"1":[0,0],"2":[0,0],"3":[0,0],"4":[0,0],"5":[0,0],"6":[0,0],"7":[0,0]}}
,"D:\\w\\crypto-viewer\\components\\CryptoDetails\\CryptoDetails.tsx": {"path":"D:\\w\\crypto-viewer\\components\\CryptoDetails\\CryptoDetails.tsx","statementMap":{"0":{"start":{"line":25,"column":20},"end":{"line":25,"column":50}},"1":{"start":{"line":32,"column":40},"end":{"line":62,"column":1}},"2":{"start":{"line":33,"column":24},"end":{"line":33,"column":78}},"3":{"start":{"line":35,"column":2},"end":{"line":44,"column":22}},"4":{"start":{"line":36,"column":4},"end":{"line":43,"column":14}},"5":{"start":{"line":46,"column":21},"end":{"line":55,"column":3}},"6":{"start":{"line":48,"column":28},"end":{"line":48,"column":74}},"7":{"start":{"line":49,"column":6},"end":{"line":52,"column":9}},"8":{"start":{"line":57,"column":2},"end":{"line":61,"column":4}},"9":{"start":{"line":67,"column":46},"end":{"line":229,"column":1}},"10":{"start":{"line":70,"column":6},"end":{"line":70,"column":35}},"11":{"start":{"line":74,"column":6},"end":{"line":74,"column":33}},"12":{"start":{"line":76,"column":17},"end":{"line":110,"column":3}},"13":{"start":{"line":77,"column":10},"end":{"line":108,"column":6}},"14":{"start":{"line":112,"column":16},"end":{"line":112,"column":82}},"15":{"start":{"line":112,"column":30},"end":{"line":112,"column":69}},"16":{"start":{"line":114,"column":34},"end":{"line":114,"column":63}},"17":{"start":{"line":115,"column":36},"end":{"line":115,"column":65}},"18":{"start":{"line":116,"column":44},"end":{"line":116,"column":70}},"19":{"start":{"line":117,"column":28},"end":{"line":117,"column":56}},"20":{"start":{"line":118,"column":42},"end":{"line":118,"column":68}},"21":{"start":{"line":120,"column":29},"end":{"line":141,"column":54}},"22":{"start":{"line":121,"column":4},"end":{"line":123,"column":5}},"23":{"start":{"line":122,"column":6},"end":{"line":122,"column":13}},"24":{"start":{"line":124,"column":4},"end":{"line":140,"column":33}},"25":{"start":{"line":126,"column":8},"end":{"line":129,"column":9}},"26":{"start":{"line":127,"column":10},"end":{"line":127,"column":33}},"27":{"start":{"line":128,"column":10},"end":{"line":128,"column":17}},"28":{"start":{"line":130,"column":23},"end":{"line":130,"column":25}},"29":{"start":{"line":131,"column":8},"end":{"line":137,"column":11}},"30":{"start":{"line":133,"column":10},"end":{"line":136,"column":13}},"31":{"start":{"line":138,"column":8},"end":{"line":138,"column":33}},"32":{"start":{"line":143,"column":2},"end":{"line":181,"column":23}},"33":{"start":{"line":144,"column":4},"end":{"line":146,"column":5}},"34":{"start":{"line":145,"column":6},"end":{"line":145,"column":13}},"35":{"start":{"line":148,"column":4},"end":{"line":154,"column":34}},"36":{"start":{"line":150,"column":8},"end":{"line":152,"column":9}},"37":{"start":{"line":151,"column":10},"end":{"line":151,"column":53}},"38":{"start":{"line":157,"column":4},"end":{"line":163,"column":34}},"39":{"start":{"line":159,"column":8},"end":{"line":161,"column":9}},"40":{"start":{"line":160,"column":10},"end":{"line":160,"column":54}},"41":{"start":{"line":166,"column":4},"end":{"line":178,"column":34}},"42":{"start":{"line":169,"column":8},"end":{"line":176,"column":9}},"43":{"start":{"line":170,"column":10},"end":{"line":170,"column":45}},"44":{"start":{"line":172,"column":10},"end":{"line":175,"column":13}},"45":{"start":{"line":180,"column":4},"end":{"line":180,"column":25}},"46":{"start":{"line":183,"column":2},"end":{"line":189,"column":4}},"47":{"start":{"line":185,"column":6},"end":{"line":185,"column":27}},"48":{"start":{"line":186,"column":6},"end":{"line":186,"column":27}},"49":{"start":{"line":191,"column":2},"end":{"line":194,"column":3}},"50":{"start":{"line":192,"column":4},"end":{"line":192,"column":25}},"51":{"start":{"line":193,"column":4},"end":{"line":193,"column":16}},"52":{"start":{"line":196,"column":2},"end":{"line":228,"column":4}}},"fnMap":{"0":{"name":"(anonymous_0)","decl":{"start":{"line":32,"column":40},"end":{"line":32,"column":41}},"loc":{"start":{"line":32,"column":65},"end":{"line":62,"column":1}},"line":32},"1":{"name":"(anonymous_1)","decl":{"start":{"line":35,"column":12},"end":{"line":35,"column":13}},"loc":{"start":{"line":35,"column":18},"end":{"line":44,"column":3}},"line":35},"2":{"name":"(anonymous_2)","decl":{"start":{"line":47,"column":4},"end":{"line":47,"column":5}},"loc":{"start":{"line":47,"column":10},"end":{"line":53,"column":5}},"line":47},"3":{"name":"(anonymous_3)","decl":{"start":{"line":67,"column":46},"end":{"line":67,"column":47}},"loc":{"start":{"line":67,"column":52},"end":{"line":229,"column":1}},"line":67},"4":{"name":"(anonymous_4)","decl":{"start":{"line":77,"column":4},"end":{"line":77,"column":5}},"loc":{"start":{"line":77,"column":10},"end":{"line":108,"column":6}},"line":77},"5":{"name":"(anonymous_5)","decl":{"start":{"line":112,"column":24},"end":{"line":112,"column":25}},"loc":{"start":{"line":112,"column":30},"end":{"line":112,"column":69}},"line":112},"6":{"name":"(anonymous_6)","decl":{"start":{"line":120,"column":41},"end":{"line":120,"column":42}},"loc":{"start":{"line":120,"column":47},"end":{"line":141,"column":3}},"line":120},"7":{"name":"(anonymous_7)","decl":{"start":{"line":125,"column":12},"end":{"line":125,"column":13}},"loc":{"start":{"line":125,"column":34},"end":{"line":139,"column":7}},"line":125},"8":{"name":"(anonymous_8)","decl":{"start":{"line":131,"column":33},"end":{"line":131,"column":34}},"loc":{"start":{"line":131,"column":51},"end":{"line":137,"column":9}},"line":131},"9":{"name":"(anonymous_9)","decl":{"start":{"line":143,"column":12},"end":{"line":143,"column":13}},"loc":{"start":{"line":143,"column":18},"end":{"line":181,"column":3}},"line":143},"10":{"name":"(anonymous_10)","decl":{"start":{"line":149,"column":12},"end":{"line":149,"column":13}},"loc":{"start":{"line":149,"column":23},"end":{"line":153,"column":7}},"line":149},"11":{"name":"(anonymous_11)","decl":{"start":{"line":158,"column":12},"end":{"line":158,"column":13}},"loc":{"start":{"line":158,"column":23},"end":{"line":162,"column":7}},"line":158},"12":{"name":"(anonymous_12)","decl":{"start":{"line":167,"column":12},"end":{"line":167,"column":13}},"loc":{"start":{"line":167,"column":26},"end":{"line":177,"column":7}},"line":167},"13":{"name":"(anonymous_13)","decl":{"start":{"line":184,"column":4},"end":{"line":184,"column":5}},"loc":{"start":{"line":184,"column":10},"end":{"line":187,"column":5}},"line":184}},"branchMap":{"0":{"loc":{"start":{"line":121,"column":4},"end":{"line":123,"column":5}},"type":"if","locations":[{"start":{"line":121,"column":4},"end":{"line":123,"column":5}},{"start":{"line":121,"column":4},"end":{"line":123,"column":5}}],"line":121},"1":{"loc":{"start":{"line":126,"column":8},"end":{"line":129,"column":9}},"type":"if","locations":[{"start":{"line":126,"column":8},"end":{"line":129,"column":9}},{"start":{"line":126,"column":8},"end":{"line":129,"column":9}}],"line":126},"2":{"loc":{"start":{"line":126,"column":12},"end":{"line":126,"column":57}},"type":"binary-expr","locations":[{"start":{"line":126,"column":12},"end":{"line":126,"column":29}},{"start":{"line":126,"column":33},"end":{"line":126,"column":57}}],"line":126},"3":{"loc":{"start":{"line":144,"column":4},"end":{"line":146,"column":5}},"type":"if","locations":[{"start":{"line":144,"column":4},"end":{"line":146,"column":5}},{"start":{"line":144,"column":4},"end":{"line":146,"column":5}}],"line":144},"4":{"loc":{"start":{"line":150,"column":8},"end":{"line":152,"column":9}},"type":"if","locations":[{"start":{"line":150,"column":8},"end":{"line":152,"column":9}},{"start":{"line":150,"column":8},"end":{"line":152,"column":9}}],"line":150},"5":{"loc":{"start":{"line":159,"column":8},"end":{"line":161,"column":9}},"type":"if","locations":[{"start":{"line":159,"column":8},"end":{"line":161,"column":9}},{"start":{"line":159,"column":8},"end":{"line":161,"column":9}}],"line":159},"6":{"loc":{"start":{"line":169,"column":8},"end":{"line":176,"column":9}},"type":"if","locations":[{"start":{"line":169,"column":8},"end":{"line":176,"column":9}},{"start":{"line":169,"column":8},"end":{"line":176,"column":9}}],"line":169},"7":{"loc":{"start":{"line":191,"column":2},"end":{"line":194,"column":3}},"type":"if","locations":[{"start":{"line":191,"column":2},"end":{"line":194,"column":3}},{"start":{"line":191,"column":2},"end":{"line":194,"column":3}}],"line":191}},"s":{"0":0,"1":0,"2":0,"3":0,"4":0,"5":0,"6":0,"7":0,"8":0,"9":0,"10":0,"11":0,"12":0,"13":0,"14":0,"15":0,"16":0,"17":0,"18":0,"19":0,"20":0,"21":0,"22":0,"23":0,"24":0,"25":0,"26":0,"27":0,"28":0,"29":0,"30":0,"31":0,"32":0,"33":0,"34":0,"35":0,"36":0,"37":0,"38":0,"39":0,"40":0,"41":0,"42":0,"43":0,"44":0,"45":0,"46":0,"47":0,"48":0,"49":0,"50":0,"51":0,"52":0},"f":{"0":0,"1":0,"2":0,"3":0,"4":0,"5":0,"6":0,"7":0,"8":0,"9":0,"10":0,"11":0,"12":0,"13":0},"b":{"0":[0,0],"1":[0,0],"2":[0,0],"3":[0,0],"4":[0,0],"5":[0,0],"6":[0,0],"7":[0,0]}}
,"D:\\w\\crypto-viewer\\components\\CryptoList\\CryptoList.tsx": {"path":"D:\\w\\crypto-viewer\\components\\CryptoList\\CryptoList.tsx","statementMap":{"0":{"start":{"line":23,"column":40},"end":{"line":176,"column":1}},"1":{"start":{"line":26,"column":6},"end":{"line":26,"column":33}},"2":{"start":{"line":28,"column":12},"end":{"line":28,"column":42}},"3":{"start":{"line":29,"column":16},"end":{"line":29,"column":40}},"4":{"start":{"line":31,"column":17},"end":{"line":48,"column":3}},"5":{"start":{"line":32,"column":10},"end":{"line":46,"column":6}},"6":{"start":{"line":50,"column":16},"end":{"line":50,"column":82}},"7":{"start":{"line":50,"column":30},"end":{"line":50,"column":69}},"8":{"start":{"line":51,"column":28},"end":{"line":54,"column":3}},"9":{"start":{"line":52,"column":10},"end":{"line":52,"column":63}},"10":{"start":{"line":55,"column":25},"end":{"line":55,"column":87}},"11":{"start":{"line":55,"column":39},"end":{"line":55,"column":74}},"12":{"start":{"line":57,"column":34},"end":{"line":57,"column":57}},"13":{"start":{"line":58,"column":38},"end":{"line":58,"column":60}},"14":{"start":{"line":59,"column":40},"end":{"line":59,"column":62}},"15":{"start":{"line":62,"column":23},"end":{"line":91,"column":49}},"16":{"start":{"line":63,"column":4},"end":{"line":63,"column":21}},"17":{"start":{"line":65,"column":27},"end":{"line":66,"column":70}},"18":{"start":{"line":66,"column":24},"end":{"line":66,"column":69}},"19":{"start":{"line":68,"column":28},"end":{"line":68,"column":131}},"20":{"start":{"line":68,"column":72},"end":{"line":68,"column":118}},"21":{"start":{"line":71,"column":26},"end":{"line":72,"column":70}},"22":{"start":{"line":72,"column":24},"end":{"line":72,"column":69}},"23":{"start":{"line":74,"column":26},"end":{"line":74,"column":28}},"24":{"start":{"line":75,"column":27},"end":{"line":75,"column":29}},"25":{"start":{"line":77,"column":4},"end":{"line":86,"column":7}},"26":{"start":{"line":78,"column":6},"end":{"line":85,"column":7}},"27":{"start":{"line":79,"column":8},"end":{"line":82,"column":11}},"28":{"start":{"line":84,"column":8},"end":{"line":84,"column":38}},"29":{"start":{"line":88,"column":4},"end":{"line":88,"column":111}},"30":{"start":{"line":88,"column":53},"end":{"line":88,"column":108}},"31":{"start":{"line":89,"column":4},"end":{"line":89,"column":113}},"32":{"start":{"line":89,"column":55},"end":{"line":89,"column":110}},"33":{"start":{"line":90,"column":4},"end":{"line":90,"column":22}},"34":{"start":{"line":93,"column":2},"end":{"line":96,"column":9}},"35":{"start":{"line":94,"column":30},"end":{"line":94,"column":56}},"36":{"start":{"line":94,"column":42},"end":{"line":94,"column":56}},"37":{"start":{"line":95,"column":4},"end":{"line":95,"column":24}},"38":{"start":{"line":98,"column":19},"end":{"line":128,"column":3}},"39":{"start":{"line":100,"column":28},"end":{"line":100,"column":61}},"40":{"start":{"line":102,"column":27},"end":{"line":107,"column":7}},"41":{"start":{"line":109,"column":6},"end":{"line":124,"column":7}},"42":{"start":{"line":110,"column":22},"end":{"line":110,"column":93}},"43":{"start":{"line":110,"column":51},"end":{"line":110,"column":92}},"44":{"start":{"line":111,"column":27},"end":{"line":111,"column":29}},"45":{"start":{"line":113,"column":8},"end":{"line":121,"column":9}},"46":{"start":{"line":113,"column":21},"end":{"line":113,"column":22}},"47":{"start":{"line":114,"column":10},"end":{"line":120,"column":11}},"48":{"start":{"line":115,"column":29},"end":{"line":115,"column":43}},"49":{"start":{"line":116,"column":12},"end":{"line":118,"column":13}},"50":{"start":{"line":117,"column":14},"end":{"line":117,"column":46}},"51":{"start":{"line":119,"column":12},"end":{"line":119,"column":38}},"52":{"start":{"line":123,"column":8},"end":{"line":123,"column":95}},"53":{"start":{"line":125,"column":6},"end":{"line":125,"column":26}},"54":{"start":{"line":130,"column":27},"end":{"line":142,"column":3}},"55":{"start":{"line":132,"column":22},"end":{"line":132,"column":64}},"56":{"start":{"line":133,"column":6},"end":{"line":139,"column":8}},"57":{"start":{"line":144,"column":36},"end":{"line":156,"column":3}},"58":{"start":{"line":146,"column":6},"end":{"line":153,"column":14}},"59":{"start":{"line":158,"column":21},"end":{"line":161,"column":3}},"60":{"start":{"line":159,"column":34},"end":{"line":159,"column":77}},"61":{"start":{"line":164,"column":2},"end":{"line":175,"column":4}}},"fnMap":{"0":{"name":"(anonymous_0)","decl":{"start":{"line":23,"column":40},"end":{"line":23,"column":41}},"loc":{"start":{"line":23,"column":46},"end":{"line":176,"column":1}},"line":23},"1":{"name":"(anonymous_1)","decl":{"start":{"line":32,"column":4},"end":{"line":32,"column":5}},"loc":{"start":{"line":32,"column":10},"end":{"line":46,"column":6}},"line":32},"2":{"name":"(anonymous_2)","decl":{"start":{"line":50,"column":24},"end":{"line":50,"column":25}},"loc":{"start":{"line":50,"column":30},"end":{"line":50,"column":69}},"line":50},"3":{"name":"(anonymous_3)","decl":{"start":{"line":52,"column":4},"end":{"line":52,"column":5}},"loc":{"start":{"line":52,"column":10},"end":{"line":52,"column":63}},"line":52},"4":{"name":"(anonymous_4)","decl":{"start":{"line":55,"column":33},"end":{"line":55,"column":34}},"loc":{"start":{"line":55,"column":39},"end":{"line":55,"column":74}},"line":55},"5":{"name":"(anonymous_5)","decl":{"start":{"line":62,"column":35},"end":{"line":62,"column":36}},"loc":{"start":{"line":62,"column":47},"end":{"line":91,"column":3}},"line":62},"6":{"name":"(anonymous_6)","decl":{"start":{"line":66,"column":13},"end":{"line":66,"column":14}},"loc":{"start":{"line":66,"column":24},"end":{"line":66,"column":69}},"line":66},"7":{"name":"(anonymous_7)","decl":{"start":{"line":68,"column":58},"end":{"line":68,"column":59}},"loc":{"start":{"line":68,"column":72},"end":{"line":68,"column":118}},"line":68},"8":{"name":"(anonymous_8)","decl":{"start":{"line":72,"column":13},"end":{"line":72,"column":14}},"loc":{"start":{"line":72,"column":24},"end":{"line":72,"column":69}},"line":72},"9":{"name":"(anonymous_9)","decl":{"start":{"line":77,"column":28},"end":{"line":77,"column":29}},"loc":{"start":{"line":77,"column":42},"end":{"line":86,"column":5}},"line":77},"10":{"name":"(anonymous_10)","decl":{"start":{"line":88,"column":37},"end":{"line":88,"column":38}},"loc":{"start":{"line":88,"column":53},"end":{"line":88,"column":108}},"line":88},"11":{"name":"(anonymous_11)","decl":{"start":{"line":89,"column":39},"end":{"line":89,"column":40}},"loc":{"start":{"line":89,"column":55},"end":{"line":89,"column":110}},"line":89},"12":{"name":"(anonymous_12)","decl":{"start":{"line":93,"column":12},"end":{"line":93,"column":13}},"loc":{"start":{"line":93,"column":18},"end":{"line":96,"column":3}},"line":93},"13":{"name":"(anonymous_13)","decl":{"start":{"line":94,"column":30},"end":{"line":94,"column":31}},"loc":{"start":{"line":94,"column":42},"end":{"line":94,"column":56}},"line":94},"14":{"name":"(anonymous_14)","decl":{"start":{"line":99,"column":4},"end":{"line":99,"column":5}},"loc":{"start":{"line":99,"column":10},"end":{"line":126,"column":5}},"line":99},"15":{"name":"(anonymous_15)","decl":{"start":{"line":110,"column":40},"end":{"line":110,"column":41}},"loc":{"start":{"line":110,"column":51},"end":{"line":110,"column":92}},"line":110},"16":{"name":"(anonymous_16)","decl":{"start":{"line":131,"column":4},"end":{"line":131,"column":5}},"loc":{"start":{"line":131,"column":27},"end":{"line":140,"column":5}},"line":131},"17":{"name":"(anonymous_17)","decl":{"start":{"line":145,"column":4},"end":{"line":145,"column":5}},"loc":{"start":{"line":146,"column":6},"end":{"line":153,"column":14}},"line":146},"18":{"name":"(anonymous_18)","decl":{"start":{"line":159,"column":4},"end":{"line":159,"column":5}},"loc":{"start":{"line":159,"column":34},"end":{"line":159,"column":77}},"line":159}},"branchMap":{"0":{"loc":{"start":{"line":68,"column":29},"end":{"line":68,"column":49}},"type":"binary-expr","locations":[{"start":{"line":68,"column":29},"end":{"line":68,"column":43}},{"start":{"line":68,"column":47},"end":{"line":68,"column":49}}],"line":68},"1":{"loc":{"start":{"line":78,"column":6},"end":{"line":85,"column":7}},"type":"if","locations":[{"start":{"line":78,"column":6},"end":{"line":85,"column":7}},{"start":{"line":78,"column":6},"end":{"line":85,"column":7}}],"line":78},"2":{"loc":{"start":{"line":100,"column":29},"end":{"line":100,"column":49}},"type":"binary-expr","locations":[{"start":{"line":100,"column":29},"end":{"line":100,"column":43}},{"start":{"line":100,"column":47},"end":{"line":100,"column":49}}],"line":100},"3":{"loc":{"start":{"line":102,"column":27},"end":{"line":107,"column":7}},"type":"cond-expr","locations":[{"start":{"line":102,"column":58},"end":{"line":105,"column":7}},{"start":{"line":105,"column":10},"end":{"line":107,"column":7}}],"line":102},"4":{"loc":{"start":{"line":106,"column":17},"end":{"line":106,"column":53}},"type":"cond-expr","locations":[{"start":{"line":106,"column":33},"end":{"line":106,"column":46}},{"start":{"line":106,"column":49},"end":{"line":106,"column":53}}],"line":106},"5":{"loc":{"start":{"line":109,"column":6},"end":{"line":124,"column":7}},"type":"if","locations":[{"start":{"line":109,"column":6},"end":{"line":124,"column":7}},{"start":{"line":109,"column":6},"end":{"line":124,"column":7}}],"line":109},"6":{"loc":{"start":{"line":110,"column":52},"end":{"line":110,"column":72}},"type":"binary-expr","locations":[{"start":{"line":110,"column":52},"end":{"line":110,"column":66}},{"start":{"line":110,"column":70},"end":{"line":110,"column":72}}],"line":110},"7":{"loc":{"start":{"line":114,"column":10},"end":{"line":120,"column":11}},"type":"if","locations":[{"start":{"line":114,"column":10},"end":{"line":120,"column":11}},{"start":{"line":114,"column":10},"end":{"line":120,"column":11}}],"line":114},"8":{"loc":{"start":{"line":116,"column":12},"end":{"line":118,"column":13}},"type":"if","locations":[{"start":{"line":116,"column":12},"end":{"line":118,"column":13}},{"start":{"line":116,"column":12},"end":{"line":118,"column":13}}],"line":116},"9":{"loc":{"start":{"line":132,"column":43},"end":{"line":132,"column":58}},"type":"binary-expr","locations":[{"start":{"line":132,"column":43},"end":{"line":132,"column":50}},{"start":{"line":132,"column":54},"end":{"line":132,"column":58}}],"line":132},"10":{"loc":{"start":{"line":146,"column":6},"end":{"line":153,"column":14}},"type":"cond-expr","locations":[{"start":{"line":147,"column":8},"end":{"line":152,"column":15}},{"start":{"line":153,"column":10},"end":{"line":153,"column":14}}],"line":146},"11":{"loc":{"start":{"line":159,"column":34},"end":{"line":159,"column":77}},"type":"cond-expr","locations":[{"start":{"line":159,"column":56},"end":{"line":159,"column":67}},{"start":{"line":159,"column":70},"end":{"line":159,"column":77}}],"line":159}},"s":{"0":0,"1":0,"2":0,"3":0,"4":0,"5":0,"6":0,"7":0,"8":0,"9":0,"10":0,"11":0,"12":0,"13":0,"14":0,"15":0,"16":0,"17":0,"18":0,"19":0,"20":0,"21":0,"22":0,"23":0,"24":0,"25":0,"26":0,"27":0,"28":0,"29":0,"30":0,"31":0,"32":0,"33":0,"34":0,"35":0,"36":0,"37":0,"38":0,"39":0,"40":0,"41":0,"42":0,"43":0,"44":0,"45":0,"46":0,"47":0,"48":0,"49":0,"50":0,"51":0,"52":0,"53":0,"54":0,"55":0,"56":0,"57":0,"58":0,"59":0,"60":0,"61":0},"f":{"0":0,"1":0,"2":0,"3":0,"4":0,"5":0,"6":0,"7":0,"8":0,"9":0,"10":0,"11":0,"12":0,"13":0,"14":0,"15":0,"16":0,"17":0,"18":0},"b":{"0":[0,0],"1":[0,0],"2":[0,0],"3":[0,0],"4":[0,0],"5":[0,0],"6":[0,0],"7":[0,0],"8":[0,0],"9":[0,0],"10":[0,0],"11":[0,0]}}
,"D:\\w\\crypto-viewer\\components\\CryptoList\\CryptoListItem.tsx": {"path":"D:\\w\\crypto-viewer\\components\\CryptoList\\CryptoListItem.tsx","statementMap":{"0":{"start":{"line":29,"column":48},"end":{"line":215,"column":1}},"1":{"start":{"line":35,"column":6},"end":{"line":35,"column":35}},"2":{"start":{"line":39,"column":6},"end":{"line":39,"column":33}},"3":{"start":{"line":41,"column":16},"end":{"line":41,"column":40}},"4":{"start":{"line":43,"column":17},"end":{"line":91,"column":3}},"5":{"start":{"line":44,"column":10},"end":{"line":89,"column":6}},"6":{"start":{"line":93,"column":16},"end":{"line":93,"column":82}},"7":{"start":{"line":93,"column":30},"end":{"line":93,"column":69}},"8":{"start":{"line":95,"column":28},"end":{"line":98,"column":3}},"9":{"start":{"line":96,"column":22},"end":{"line":96,"column":59}},"10":{"start":{"line":101,"column":2},"end":{"line":133,"column":3}},"11":{"start":{"line":102,"column":25},"end":{"line":102,"column":43}},"12":{"start":{"line":104,"column":4},"end":{"line":132,"column":6}},"13":{"start":{"line":107,"column":30},"end":{"line":107,"column":76}},"14":{"start":{"line":108,"column":24},"end":{"line":108,"column":126}},"15":{"start":{"line":110,"column":10},"end":{"line":128,"column":12}},"16":{"start":{"line":126,"column":29},"end":{"line":126,"column":58}},"17":{"start":{"line":135,"column":22},"end":{"line":135,"column":38}},"18":{"start":{"line":138,"column":16},"end":{"line":141,"column":3}},"19":{"start":{"line":139,"column":11},"end":{"line":139,"column":115}},"20":{"start":{"line":143,"column":22},"end":{"line":146,"column":3}},"21":{"start":{"line":144,"column":10},"end":{"line":144,"column":57}},"22":{"start":{"line":148,"column":27},"end":{"line":167,"column":3}},"23":{"start":{"line":149,"column":10},"end":{"line":165,"column":6}},"24":{"start":{"line":170,"column":2},"end":{"line":189,"column":3}},"25":{"start":{"line":171,"column":4},"end":{"line":188,"column":6}},"26":{"start":{"line":190,"column":2},"end":{"line":214,"column":4}},"27":{"start":{"line":191,"column":64},"end":{"line":191,"column":94}}},"fnMap":{"0":{"name":"(anonymous_0)","decl":{"start":{"line":29,"column":48},"end":{"line":29,"column":49}},"loc":{"start":{"line":32,"column":6},"end":{"line":215,"column":1}},"line":32},"1":{"name":"(anonymous_1)","decl":{"start":{"line":44,"column":4},"end":{"line":44,"column":5}},"loc":{"start":{"line":44,"column":10},"end":{"line":89,"column":6}},"line":44},"2":{"name":"(anonymous_2)","decl":{"start":{"line":93,"column":24},"end":{"line":93,"column":25}},"loc":{"start":{"line":93,"column":30},"end":{"line":93,"column":69}},"line":93},"3":{"name":"(anonymous_3)","decl":{"start":{"line":96,"column":4},"end":{"line":96,"column":5}},"loc":{"start":{"line":96,"column":22},"end":{"line":96,"column":59}},"line":96},"4":{"name":"(anonymous_4)","decl":{"start":{"line":106,"column":26},"end":{"line":106,"column":27}},"loc":{"start":{"line":106,"column":42},"end":{"line":129,"column":9}},"line":106},"5":{"name":"(anonymous_5)","decl":{"start":{"line":126,"column":23},"end":{"line":126,"column":24}},"loc":{"start":{"line":126,"column":29},"end":{"line":126,"column":58}},"line":126},"6":{"name":"(anonymous_6)","decl":{"start":{"line":139,"column":4},"end":{"line":139,"column":5}},"loc":{"start":{"line":139,"column":11},"end":{"line":139,"column":115}},"line":139},"7":{"name":"(anonymous_7)","decl":{"start":{"line":144,"column":4},"end":{"line":144,"column":5}},"loc":{"start":{"line":144,"column":10},"end":{"line":144,"column":57}},"line":144},"8":{"name":"(anonymous_8)","decl":{"start":{"line":149,"column":4},"end":{"line":149,"column":5}},"loc":{"start":{"line":149,"column":10},"end":{"line":165,"column":6}},"line":149},"9":{"name":"(anonymous_9)","decl":{"start":{"line":191,"column":58},"end":{"line":191,"column":59}},"loc":{"start":{"line":191,"column":64},"end":{"line":191,"column":94}},"line":191}},"branchMap":{"0":{"loc":{"start":{"line":101,"column":2},"end":{"line":133,"column":3}},"type":"if","locations":[{"start":{"line":101,"column":2},"end":{"line":133,"column":3}},{"start":{"line":101,"column":2},"end":{"line":133,"column":3}}],"line":101},"1":{"loc":{"start":{"line":108,"column":24},"end":{"line":108,"column":126}},"type":"cond-expr","locations":[{"start":{"line":108,"column":44},"end":{"line":108,"column":121}},{"start":{"line":108,"column":124},"end":{"line":108,"column":126}}],"line":108},"2":{"loc":{"start":{"line":130,"column":9},"end":{"line":130,"column":97}},"type":"cond-expr","locations":[{"start":{"line":130,"column":37},"end":{"line":130,"column":90}},{"start":{"line":130,"column":93},"end":{"line":130,"column":97}}],"line":130},"3":{"loc":{"start":{"line":139,"column":11},"end":{"line":139,"column":115}},"type":"cond-expr","locations":[{"start":{"line":139,"column":32},"end":{"line":139,"column":110}},{"start":{"line":139,"column":113},"end":{"line":139,"column":115}}],"line":139},"4":{"loc":{"start":{"line":163,"column":25},"end":{"line":163,"column":93}},"type":"cond-expr","locations":[{"start":{"line":163,"column":39},"end":{"line":163,"column":70}},{"start":{"line":163,"column":73},"end":{"line":163,"column":93}}],"line":163},"5":{"loc":{"start":{"line":170,"column":2},"end":{"line":189,"column":3}},"type":"if","locations":[{"start":{"line":170,"column":2},"end":{"line":189,"column":3}},{"start":{"line":170,"column":2},"end":{"line":189,"column":3}}],"line":170}},"s":{"0":0,"1":0,"2":0,"3":0,"4":0,"5":0,"6":0,"7":0,"8":0,"9":0,"10":0,"11":0,"12":0,"13":0,"14":0,"15":0,"16":0,"17":0,"18":0,"19":0,"20":0,"21":0,"22":0,"23":0,"24":0,"25":0,"26":0,"27":0},"f":{"0":0,"1":0,"2":0,"3":0,"4":0,"5":0,"6":0,"7":0,"8":0,"9":0},"b":{"0":[0,0],"1":[0,0],"2":[0,0],"3":[0,0],"4":[0,0],"5":[0,0]}}
,"D:\\w\\crypto-viewer\\components\\Settings\\SettingItem.tsx": {"path":"D:\\w\\crypto-viewer\\components\\Settings\\SettingItem.tsx","statementMap":{"0":{"start":{"line":25,"column":42},"end":{"line":234,"column":1}},"1":{"start":{"line":28,"column":24},"end":{"line":31,"column":3}},"2":{"start":{"line":29,"column":10},"end":{"line":29,"column":36}},"3":{"start":{"line":33,"column":16},"end":{"line":33,"column":40}},"4":{"start":{"line":37,"column":6},"end":{"line":37,"column":33}},"5":{"start":{"line":39,"column":12},"end":{"line":39,"column":42}},"6":{"start":{"line":41,"column":17},"end":{"line":92,"column":3}},"7":{"start":{"line":42,"column":10},"end":{"line":90,"column":6}},"8":{"start":{"line":94,"column":16},"end":{"line":94,"column":82}},"9":{"start":{"line":94,"column":30},"end":{"line":94,"column":69}},"10":{"start":{"line":95,"column":21},"end":{"line":95,"column":90}},"11":{"start":{"line":95,"column":35},"end":{"line":95,"column":77}},"12":{"start":{"line":96,"column":26},"end":{"line":99,"column":3}},"13":{"start":{"line":97,"column":10},"end":{"line":97,"column":63}},"14":{"start":{"line":100,"column":20},"end":{"line":100,"column":87}},"15":{"start":{"line":100,"column":34},"end":{"line":100,"column":74}},"16":{"start":{"line":101,"column":19},"end":{"line":101,"column":84}},"17":{"start":{"line":101,"column":33},"end":{"line":101,"column":71}},"18":{"start":{"line":102,"column":19},"end":{"line":102,"column":88}},"19":{"start":{"line":102,"column":33},"end":{"line":102,"column":75}},"20":{"start":{"line":104,"column":33},"end":{"line":107,"column":3}},"21":{"start":{"line":105,"column":29},"end":{"line":105,"column":63}},"22":{"start":{"line":109,"column":32},"end":{"line":112,"column":3}},"23":{"start":{"line":110,"column":28},"end":{"line":110,"column":61}},"24":{"start":{"line":114,"column":32},"end":{"line":117,"column":3}},"25":{"start":{"line":115,"column":37},"end":{"line":115,"column":75}},"26":{"start":{"line":119,"column":32},"end":{"line":122,"column":3}},"27":{"start":{"line":120,"column":35},"end":{"line":120,"column":76}},"28":{"start":{"line":124,"column":2},"end":{"line":233,"column":3}},"29":{"start":{"line":126,"column":6},"end":{"line":138,"column":8}},"30":{"start":{"line":132,"column":46},"end":{"line":132,"column":53}},"31":{"start":{"line":134,"column":37},"end":{"line":134,"column":119}},"32":{"start":{"line":134,"column":101},"end":{"line":134,"column":117}},"33":{"start":{"line":140,"column":6},"end":{"line":152,"column":8}},"34":{"start":{"line":148,"column":46},"end":{"line":148,"column":112}},"35":{"start":{"line":154,"column":6},"end":{"line":167,"column":8}},"36":{"start":{"line":162,"column":45},"end":{"line":162,"column":108}},"37":{"start":{"line":169,"column":6},"end":{"line":182,"column":8}},"38":{"start":{"line":177,"column":45},"end":{"line":177,"column":109}},"39":{"start":{"line":184,"column":6},"end":{"line":197,"column":8}},"40":{"start":{"line":192,"column":44},"end":{"line":192,"column":104}},"41":{"start":{"line":199,"column":6},"end":{"line":212,"column":8}},"42":{"start":{"line":207,"column":51},"end":{"line":207,"column":133}},"43":{"start":{"line":214,"column":6},"end":{"line":230,"column":8}},"44":{"start":{"line":232,"column":6},"end":{"line":232,"column":18}}},"fnMap":{"0":{"name":"(anonymous_0)","decl":{"start":{"line":25,"column":42},"end":{"line":25,"column":43}},"loc":{"start":{"line":27,"column":6},"end":{"line":234,"column":1}},"line":27},"1":{"name":"(anonymous_1)","decl":{"start":{"line":29,"column":4},"end":{"line":29,"column":5}},"loc":{"start":{"line":29,"column":10},"end":{"line":29,"column":36}},"line":29},"2":{"name":"(anonymous_2)","decl":{"start":{"line":42,"column":4},"end":{"line":42,"column":5}},"loc":{"start":{"line":42,"column":10},"end":{"line":90,"column":6}},"line":42},"3":{"name":"(anonymous_3)","decl":{"start":{"line":94,"column":24},"end":{"line":94,"column":25}},"loc":{"start":{"line":94,"column":30},"end":{"line":94,"column":69}},"line":94},"4":{"name":"(anonymous_4)","decl":{"start":{"line":95,"column":29},"end":{"line":95,"column":30}},"loc":{"start":{"line":95,"column":35},"end":{"line":95,"column":77}},"line":95},"5":{"name":"(anonymous_5)","decl":{"start":{"line":97,"column":4},"end":{"line":97,"column":5}},"loc":{"start":{"line":97,"column":10},"end":{"line":97,"column":63}},"line":97},"6":{"name":"(anonymous_6)","decl":{"start":{"line":100,"column":28},"end":{"line":100,"column":29}},"loc":{"start":{"line":100,"column":34},"end":{"line":100,"column":74}},"line":100},"7":{"name":"(anonymous_7)","decl":{"start":{"line":101,"column":27},"end":{"line":101,"column":28}},"loc":{"start":{"line":101,"column":33},"end":{"line":101,"column":71}},"line":101},"8":{"name":"(anonymous_8)","decl":{"start":{"line":102,"column":27},"end":{"line":102,"column":28}},"loc":{"start":{"line":102,"column":33},"end":{"line":102,"column":75}},"line":102},"9":{"name":"(anonymous_9)","decl":{"start":{"line":105,"column":4},"end":{"line":105,"column":5}},"loc":{"start":{"line":105,"column":29},"end":{"line":105,"column":63}},"line":105},"10":{"name":"(anonymous_10)","decl":{"start":{"line":110,"column":4},"end":{"line":110,"column":5}},"loc":{"start":{"line":110,"column":28},"end":{"line":110,"column":61}},"line":110},"11":{"name":"(anonymous_11)","decl":{"start":{"line":115,"column":4},"end":{"line":115,"column":5}},"loc":{"start":{"line":115,"column":37},"end":{"line":115,"column":75}},"line":115},"12":{"name":"(anonymous_12)","decl":{"start":{"line":120,"column":4},"end":{"line":120,"column":5}},"loc":{"start":{"line":120,"column":35},"end":{"line":120,"column":76}},"line":120},"13":{"name":"(anonymous_13)","decl":{"start":{"line":132,"column":38},"end":{"line":132,"column":39}},"loc":{"start":{"line":132,"column":46},"end":{"line":132,"column":53}},"line":132},"14":{"name":"(anonymous_14)","decl":{"start":{"line":134,"column":27},"end":{"line":134,"column":28}},"loc":{"start":{"line":134,"column":37},"end":{"line":134,"column":119}},"line":134},"15":{"name":"(anonymous_15)","decl":{"start":{"line":134,"column":93},"end":{"line":134,"column":94}},"loc":{"start":{"line":134,"column":101},"end":{"line":134,"column":117}},"line":134},"16":{"name":"(anonymous_16)","decl":{"start":{"line":148,"column":27},"end":{"line":148,"column":28}},"loc":{"start":{"line":148,"column":46},"end":{"line":148,"column":112}},"line":148},"17":{"name":"(anonymous_17)","decl":{"start":{"line":162,"column":27},"end":{"line":162,"column":28}},"loc":{"start":{"line":162,"column":45},"end":{"line":162,"column":108}},"line":162},"18":{"name":"(anonymous_18)","decl":{"start":{"line":177,"column":28},"end":{"line":177,"column":29}},"loc":{"start":{"line":177,"column":45},"end":{"line":177,"column":109}},"line":177},"19":{"name":"(anonymous_19)","decl":{"start":{"line":192,"column":27},"end":{"line":192,"column":28}},"loc":{"start":{"line":192,"column":44},"end":{"line":192,"column":104}},"line":192},"20":{"name":"(anonymous_20)","decl":{"start":{"line":207,"column":27},"end":{"line":207,"column":28}},"loc":{"start":{"line":207,"column":51},"end":{"line":207,"column":133}},"line":207}},"branchMap":{"0":{"loc":{"start":{"line":124,"column":2},"end":{"line":233,"column":3}},"type":"switch","locations":[{"start":{"line":125,"column":4},"end":{"line":138,"column":8}},{"start":{"line":139,"column":4},"end":{"line":152,"column":8}},{"start":{"line":153,"column":4},"end":{"line":167,"column":8}},{"start":{"line":168,"column":4},"end":{"line":182,"column":8}},{"start":{"line":183,"column":4},"end":{"line":197,"column":8}},{"start":{"line":198,"column":4},"end":{"line":212,"column":8}},{"start":{"line":213,"column":4},"end":{"line":230,"column":8}},{"start":{"line":231,"column":4},"end":{"line":232,"column":18}}],"line":124}},"s":{"0":0,"1":0,"2":0,"3":0,"4":0,"5":0,"6":0,"7":0,"8":0,"9":0,"10":0,"11":0,"12":0,"13":0,"14":0,"15":0,"16":0,"17":0,"18":0,"19":0,"20":0,"21":0,"22":0,"23":0,"24":0,"25":0,"26":0,"27":0,"28":0,"29":0,"30":0,"31":0,"32":0,"33":0,"34":0,"35":0,"36":0,"37":0,"38":0,"39":0,"40":0,"41":0,"42":0,"43":0,"44":0},"f":{"0":0,"1":0,"2":0,"3":0,"4":0,"5":0,"6":0,"7":0,"8":0,"9":0,"10":0,"11":0,"12":0,"13":0,"14":0,"15":0,"16":0,"17":0,"18":0,"19":0,"20":0},"b":{"0":[0,0,0,0,0,0,0,0]}}
,"D:\\w\\crypto-viewer\\components\\Settings\\Settings.tsx": {"path":"D:\\w\\crypto-viewer\\components\\Settings\\Settings.tsx","statementMap":{"0":{"start":{"line":9,"column":15},"end":{"line":13,"column":2}},"1":{"start":{"line":19,"column":36},"end":{"line":41,"column":1}},"2":{"start":{"line":20,"column":46},"end":{"line":28,"column":9}},"3":{"start":{"line":20,"column":61},"end":{"line":28,"column":3}},"4":{"start":{"line":30,"column":28},"end":{"line":32,"column":8}},"5":{"start":{"line":31,"column":4},"end":{"line":31,"column":56}},"6":{"start":{"line":34,"column":2},"end":{"line":40,"column":4}}},"fnMap":{"0":{"name":"(anonymous_0)","decl":{"start":{"line":19,"column":36},"end":{"line":19,"column":37}},"loc":{"start":{"line":19,"column":42},"end":{"line":41,"column":1}},"line":19},"1":{"name":"(anonymous_1)","decl":{"start":{"line":20,"column":54},"end":{"line":20,"column":55}},"loc":{"start":{"line":20,"column":61},"end":{"line":28,"column":3}},"line":20},"2":{"name":"(anonymous_2)","decl":{"start":{"line":30,"column":40},"end":{"line":30,"column":41}},"loc":{"start":{"line":31,"column":4},"end":{"line":31,"column":56}},"line":31}},"branchMap":{},"s":{"0":0,"1":0,"2":0,"3":0,"4":0,"5":0,"6":0},"f":{"0":0,"1":0,"2":0},"b":{}}
,"D:\\w\\crypto-viewer\\components\\Utils\\BottomBar.tsx": {"path":"D:\\w\\crypto-viewer\\components\\Utils\\BottomBar.tsx","statementMap":{"0":{"start":{"line":17,"column":15},"end":{"line":39,"column":2}},"1":{"start":{"line":41,"column":22},"end":{"line":107,"column":1}},"2":{"start":{"line":44,"column":6},"end":{"line":44,"column":35}},"3":{"start":{"line":46,"column":12},"end":{"line":46,"column":42}},"4":{"start":{"line":48,"column":16},"end":{"line":48,"column":40}},"5":{"start":{"line":50,"column":27},"end":{"line":50,"column":79}},"6":{"start":{"line":50,"column":45},"end":{"line":50,"column":65}},"7":{"start":{"line":51,"column":29},"end":{"line":51,"column":83}},"8":{"start":{"line":51,"column":47},"end":{"line":51,"column":69}},"9":{"start":{"line":53,"column":26},"end":{"line":56,"column":3}},"10":{"start":{"line":54,"column":11},"end":{"line":54,"column":52}},"11":{"start":{"line":58,"column":2},"end":{"line":103,"column":3}},"12":{"start":{"line":59,"column":4},"end":{"line":102,"column":6}},"13":{"start":{"line":106,"column":2},"end":{"line":106,"column":14}}},"fnMap":{"0":{"name":"(anonymous_0)","decl":{"start":{"line":41,"column":22},"end":{"line":41,"column":23}},"loc":{"start":{"line":41,"column":28},"end":{"line":107,"column":1}},"line":41},"1":{"name":"(anonymous_1)","decl":{"start":{"line":50,"column":39},"end":{"line":50,"column":40}},"loc":{"start":{"line":50,"column":45},"end":{"line":50,"column":65}},"line":50},"2":{"name":"(anonymous_2)","decl":{"start":{"line":51,"column":41},"end":{"line":51,"column":42}},"loc":{"start":{"line":51,"column":47},"end":{"line":51,"column":69}},"line":51},"3":{"name":"(anonymous_3)","decl":{"start":{"line":54,"column":4},"end":{"line":54,"column":5}},"loc":{"start":{"line":54,"column":11},"end":{"line":54,"column":52}},"line":54}},"branchMap":{"0":{"loc":{"start":{"line":54,"column":11},"end":{"line":54,"column":52}},"type":"cond-expr","locations":[{"start":{"line":54,"column":26},"end":{"line":54,"column":38}},{"start":{"line":54,"column":41},"end":{"line":54,"column":52}}],"line":54},"1":{"loc":{"start":{"line":58,"column":2},"end":{"line":103,"column":3}},"type":"if","locations":[{"start":{"line":58,"column":2},"end":{"line":103,"column":3}},{"start":{"line":58,"column":2},"end":{"line":103,"column":3}}],"line":58},"2":{"loc":{"start":{"line":68,"column":21},"end":{"line":68,"column":82}},"type":"cond-expr","locations":[{"start":{"line":68,"column":49},"end":{"line":68,"column":64}},{"start":{"line":68,"column":67},"end":{"line":68,"column":82}}],"line":68},"3":{"loc":{"start":{"line":74,"column":11},"end":{"line":79,"column":20}},"type":"cond-expr","locations":[{"start":{"line":76,"column":14},"end":{"line":78,"column":21}},{"start":{"line":79,"column":16},"end":{"line":79,"column":20}}],"line":74},"4":{"loc":{"start":{"line":88,"column":21},"end":{"line":88,"column":84}},"type":"cond-expr","locations":[{"start":{"line":88,"column":51},"end":{"line":88,"column":66}},{"start":{"line":88,"column":69},"end":{"line":88,"column":84}}],"line":88},"5":{"loc":{"start":{"line":94,"column":11},"end":{"line":99,"column":20}},"type":"cond-expr","locations":[{"start":{"line":96,"column":14},"end":{"line":98,"column":21}},{"start":{"line":99,"column":16},"end":{"line":99,"column":20}}],"line":94}},"s":{"0":1,"1":1,"2":7,"3":7,"4":7,"5":7,"6":2,"7":7,"8":1,"9":7,"10":7,"11":7,"12":6,"13":1},"f":{"0":7,"1":2,"2":1,"3":7},"b":{"0":[1,6],"1":[6,1],"2":[5,1],"3":[5,1],"4":[1,5],"5":[1,5]},"_coverageSchema":"1a1c01bbd47fc00a2c39e90264f33305004495a9","hash":"7ac9ad4de01378a88e0af800aa270541c22c1129"}
,"D:\\w\\crypto-viewer\\components\\Utils\\CryptoCurrencyIconsMap.tsx": {"path":"D:\\w\\crypto-viewer\\components\\Utils\\CryptoCurrencyIconsMap.tsx","statementMap":{"0":{"start":{"line":9,"column":5},"end":{"line":2926,"column":1}}},"fnMap":{},"branchMap":{},"s":{"0":4},"f":{},"b":{},"_coverageSchema":"1a1c01bbd47fc00a2c39e90264f33305004495a9","hash":"73277097a8a4deda8e1aa180b1a422968df93fcb"}
,"D:\\w\\crypto-viewer\\components\\Utils\\CryptoIcon.tsx": {"path":"D:\\w\\crypto-viewer\\components\\Utils\\CryptoIcon.tsx","statementMap":{"0":{"start":{"line":9,"column":15},"end":{"line":19,"column":2}},"1":{"start":{"line":27,"column":40},"end":{"line":44,"column":1}},"2":{"start":{"line":32,"column":2},"end":{"line":43,"column":9}}},"fnMap":{"0":{"name":"(anonymous_0)","decl":{"start":{"line":27,"column":40},"end":{"line":27,"column":41}},"loc":{"start":{"line":32,"column":2},"end":{"line":43,"column":9}},"line":32}},"branchMap":{"0":{"loc":{"start":{"line":35,"column":23},"end":{"line":35,"column":71}},"type":"binary-expr","locations":[{"start":{"line":35,"column":23},"end":{"line":35,"column":58}},{"start":{"line":35,"column":62},"end":{"line":35,"column":71}}],"line":35},"1":{"loc":{"start":{"line":36,"column":10},"end":{"line":36,"column":21}},"type":"binary-expr","locations":[{"start":{"line":36,"column":10},"end":{"line":36,"column":15}},{"start":{"line":36,"column":19},"end":{"line":36,"column":21}}],"line":36},"2":{"loc":{"start":{"line":40,"column":35},"end":{"line":40,"column":53}},"type":"binary-expr","locations":[{"start":{"line":40,"column":35},"end":{"line":40,"column":47}},{"start":{"line":40,"column":51},"end":{"line":40,"column":53}}],"line":40}},"s":{"0":1,"1":1,"2":2},"f":{"0":2},"b":{"0":[2,1],"1":[2,2],"2":[2,2]},"_coverageSchema":"1a1c01bbd47fc00a2c39e90264f33305004495a9","hash":"5212aa7f004fe9c5dd7780469717d0e7a5a5a158"}
,"D:\\w\\crypto-viewer\\components\\Utils\\Layout.tsx": {"path":"D:\\w\\crypto-viewer\\components\\Utils\\Layout.tsx","statementMap":{"0":{"start":{"line":22,"column":15},"end":{"line":30,"column":2}},"1":{"start":{"line":32,"column":32},"end":{"line":103,"column":1}},"2":{"start":{"line":33,"column":43},"end":{"line":33,"column":67}},"3":{"start":{"line":37,"column":6},"end":{"line":37,"column":35}},"4":{"start":{"line":39,"column":16},"end":{"line":39,"column":40}},"5":{"start":{"line":43,"column":28},"end":{"line":73,"column":17}},"6":{"start":{"line":44,"column":4},"end":{"line":72,"column":5}},"7":{"start":{"line":46,"column":8},"end":{"line":48,"column":10}},"8":{"start":{"line":50,"column":8},"end":{"line":52,"column":10}},"9":{"start":{"line":54,"column":8},"end":{"line":56,"column":10}},"10":{"start":{"line":58,"column":8},"end":{"line":62,"column":9}},"11":{"start":{"line":59,"column":10},"end":{"line":61,"column":12}},"12":{"start":{"line":64,"column":8},"end":{"line":64,"column":29}},"13":{"start":{"line":65,"column":8},"end":{"line":67,"column":10}},"14":{"start":{"line":69,"column":8},"end":{"line":71,"column":10}},"15":{"start":{"line":75,"column":2},"end":{"line":86,"column":9}},"16":{"start":{"line":76,"column":27},"end":{"line":83,"column":5}},"17":{"start":{"line":78,"column":6},"end":{"line":82,"column":42}},"18":{"start":{"line":82,"column":20},"end":{"line":82,"column":40}},"19":{"start":{"line":85,"column":4},"end":{"line":85,"column":21}},"20":{"start":{"line":88,"column":2},"end":{"line":90,"column":3}},"21":{"start":{"line":89,"column":4},"end":{"line":89,"column":16}},"22":{"start":{"line":92,"column":2},"end":{"line":102,"column":4}}},"fnMap":{"0":{"name":"(anonymous_0)","decl":{"start":{"line":32,"column":32},"end":{"line":32,"column":33}},"loc":{"start":{"line":32,"column":38},"end":{"line":103,"column":1}},"line":32},"1":{"name":"(anonymous_1)","decl":{"start":{"line":43,"column":36},"end":{"line":43,"column":37}},"loc":{"start":{"line":43,"column":42},"end":{"line":73,"column":3}},"line":43},"2":{"name":"(anonymous_2)","decl":{"start":{"line":75,"column":12},"end":{"line":75,"column":13}},"loc":{"start":{"line":75,"column":18},"end":{"line":86,"column":3}},"line":75},"3":{"name":"(anonymous_3)","decl":{"start":{"line":76,"column":27},"end":{"line":76,"column":28}},"loc":{"start":{"line":76,"column":39},"end":{"line":83,"column":5}},"line":76},"4":{"name":"(anonymous_4)","decl":{"start":{"line":82,"column":14},"end":{"line":82,"column":15}},"loc":{"start":{"line":82,"column":20},"end":{"line":82,"column":40}},"line":82}},"branchMap":{"0":{"loc":{"start":{"line":44,"column":4},"end":{"line":72,"column":5}},"type":"switch","locations":[{"start":{"line":45,"column":6},"end":{"line":48,"column":10}},{"start":{"line":49,"column":6},"end":{"line":52,"column":10}},{"start":{"line":53,"column":6},"end":{"line":56,"column":10}},{"start":{"line":57,"column":6},"end":{"line":67,"column":10}},{"start":{"line":68,"column":6},"end":{"line":71,"column":10}}],"line":44},"1":{"loc":{"start":{"line":58,"column":8},"end":{"line":62,"column":9}},"type":"if","locations":[{"start":{"line":58,"column":8},"end":{"line":62,"column":9}},{"start":{"line":58,"column":8},"end":{"line":62,"column":9}}],"line":58},"2":{"loc":{"start":{"line":88,"column":2},"end":{"line":90,"column":3}},"type":"if","locations":[{"start":{"line":88,"column":2},"end":{"line":90,"column":3}},{"start":{"line":88,"column":2},"end":{"line":90,"column":3}}],"line":88}},"s":{"0":0,"1":0,"2":0,"3":0,"4":0,"5":0,"6":0,"7":0,"8":0,"9":0,"10":0,"11":0,"12":0,"13":0,"14":0,"15":0,"16":0,"17":0,"18":0,"19":0,"20":0,"21":0,"22":0},"f":{"0":0,"1":0,"2":0,"3":0,"4":0},"b":{"0":[0,0,0,0,0],"1":[0,0],"2":[0,0]}}
,"D:\\w\\crypto-viewer\\components\\Utils\\MultilineTooltip.tsx": {"path":"D:\\w\\crypto-viewer\\components\\Utils\\MultilineTooltip.tsx","statementMap":{"0":{"start":{"line":21,"column":52},"end":{"line":85,"column":1}},"1":{"start":{"line":30,"column":6},"end":{"line":30,"column":35}},"2":{"start":{"line":32,"column":22},"end":{"line":35,"column":3}},"3":{"start":{"line":33,"column":10},"end":{"line":33,"column":53}},"4":{"start":{"line":38,"column":41},"end":{"line":41,"column":3}},"5":{"start":{"line":39,"column":11},"end":{"line":39,"column":79}},"6":{"start":{"line":43,"column":32},"end":{"line":46,"column":3}},"7":{"start":{"line":44,"column":10},"end":{"line":44,"column":51}},"8":{"start":{"line":48,"column":31},"end":{"line":51,"column":3}},"9":{"start":{"line":49,"column":10},"end":{"line":49,"column":51}},"10":{"start":{"line":53,"column":33},"end":{"line":56,"column":3}},"11":{"start":{"line":54,"column":11},"end":{"line":54,"column":55}},"12":{"start":{"line":59,"column":2},"end":{"line":84,"column":4}}},"fnMap":{"0":{"name":"(anonymous_0)","decl":{"start":{"line":21,"column":52},"end":{"line":21,"column":53}},"loc":{"start":{"line":27,"column":6},"end":{"line":85,"column":1}},"line":27},"1":{"name":"(anonymous_1)","decl":{"start":{"line":33,"column":4},"end":{"line":33,"column":5}},"loc":{"start":{"line":33,"column":10},"end":{"line":33,"column":53}},"line":33},"2":{"name":"(anonymous_2)","decl":{"start":{"line":39,"column":4},"end":{"line":39,"column":5}},"loc":{"start":{"line":39,"column":11},"end":{"line":39,"column":79}},"line":39},"3":{"name":"(anonymous_3)","decl":{"start":{"line":44,"column":4},"end":{"line":44,"column":5}},"loc":{"start":{"line":44,"column":10},"end":{"line":44,"column":51}},"line":44},"4":{"name":"(anonymous_4)","decl":{"start":{"line":49,"column":4},"end":{"line":49,"column":5}},"loc":{"start":{"line":49,"column":10},"end":{"line":49,"column":51}},"line":49},"5":{"name":"(anonymous_5)","decl":{"start":{"line":54,"column":4},"end":{"line":54,"column":5}},"loc":{"start":{"line":54,"column":11},"end":{"line":54,"column":55}},"line":54}},"branchMap":{"0":{"loc":{"start":{"line":39,"column":11},"end":{"line":39,"column":79}},"type":"cond-expr","locations":[{"start":{"line":39,"column":63},"end":{"line":39,"column":69}},{"start":{"line":39,"column":72},"end":{"line":39,"column":79}}],"line":39},"1":{"loc":{"start":{"line":44,"column":15},"end":{"line":44,"column":50}},"type":"cond-expr","locations":[{"start":{"line":44,"column":42},"end":{"line":44,"column":44}},{"start":{"line":44,"column":47},"end":{"line":44,"column":50}}],"line":44},"2":{"loc":{"start":{"line":49,"column":15},"end":{"line":49,"column":50}},"type":"cond-expr","locations":[{"start":{"line":49,"column":42},"end":{"line":49,"column":44}},{"start":{"line":49,"column":47},"end":{"line":49,"column":50}}],"line":49},"3":{"loc":{"start":{"line":54,"column":11},"end":{"line":54,"column":55}},"type":"cond-expr","locations":[{"start":{"line":54,"column":40},"end":{"line":54,"column":47}},{"start":{"line":54,"column":50},"end":{"line":54,"column":55}}],"line":54},"4":{"loc":{"start":{"line":62,"column":11},"end":{"line":62,"column":55}},"type":"cond-expr","locations":[{"start":{"line":62,"column":39},"end":{"line":62,"column":46}},{"start":{"line":62,"column":49},"end":{"line":62,"column":55}}],"line":62},"5":{"loc":{"start":{"line":67,"column":14},"end":{"line":67,"column":43}},"type":"binary-expr","locations":[{"start":{"line":67,"column":14},"end":{"line":67,"column":25}},{"start":{"line":67,"column":29},"end":{"line":67,"column":43}}],"line":67},"6":{"loc":{"start":{"line":71,"column":17},"end":{"line":71,"column":51}},"type":"cond-expr","locations":[{"start":{"line":71,"column":43},"end":{"line":71,"column":46}},{"start":{"line":71,"column":49},"end":{"line":71,"column":51}}],"line":71}},"s":{"0":0,"1":0,"2":0,"3":0,"4":0,"5":0,"6":0,"7":0,"8":0,"9":0,"10":0,"11":0,"12":0},"f":{"0":0,"1":0,"2":0,"3":0,"4":0,"5":0},"b":{"0":[0,0],"1":[0,0],"2":[0,0],"3":[0,0],"4":[0,0],"5":[0,0],"6":[0,0]}}
,"D:\\w\\crypto-viewer\\components\\Utils\\Selector.tsx": {"path":"D:\\w\\crypto-viewer\\components\\Utils\\Selector.tsx","statementMap":{"0":{"start":{"line":9,"column":15},"end":{"line":31,"column":2}},"1":{"start":{"line":41,"column":36},"end":{"line":73,"column":1}},"2":{"start":{"line":48,"column":16},"end":{"line":48,"column":40}},"3":{"start":{"line":50,"column":2},"end":{"line":72,"column":4}},"4":{"start":{"line":53,"column":8},"end":{"line":69,"column":27}},"5":{"start":{"line":59,"column":25},"end":{"line":59,"column":44}}},"fnMap":{"0":{"name":"(anonymous_0)","decl":{"start":{"line":41,"column":36},"end":{"line":41,"column":37}},"loc":{"start":{"line":47,"column":6},"end":{"line":73,"column":1}},"line":47},"1":{"name":"(anonymous_1)","decl":{"start":{"line":52,"column":17},"end":{"line":52,"column":18}},"loc":{"start":{"line":53,"column":8},"end":{"line":69,"column":27}},"line":53},"2":{"name":"(anonymous_2)","decl":{"start":{"line":59,"column":19},"end":{"line":59,"column":20}},"loc":{"start":{"line":59,"column":25},"end":{"line":59,"column":44}},"line":59}},"branchMap":{"0":{"loc":{"start":{"line":54,"column":15},"end":{"line":54,"column":41}},"type":"binary-expr","locations":[{"start":{"line":54,"column":15},"end":{"line":54,"column":33}},{"start":{"line":54,"column":37},"end":{"line":54,"column":41}}],"line":54},"1":{"loc":{"start":{"line":57,"column":16},"end":{"line":57,"column":71}},"type":"cond-expr","locations":[{"start":{"line":57,"column":40},"end":{"line":57,"column":66}},{"start":{"line":57,"column":69},"end":{"line":57,"column":71}}],"line":57},"2":{"loc":{"start":{"line":64,"column":18},"end":{"line":64,"column":73}},"type":"cond-expr","locations":[{"start":{"line":64,"column":42},"end":{"line":64,"column":68}},{"start":{"line":64,"column":71},"end":{"line":64,"column":73}}],"line":64},"3":{"loc":{"start":{"line":67,"column":13},"end":{"line":67,"column":39}},"type":"binary-expr","locations":[{"start":{"line":67,"column":13},"end":{"line":67,"column":31}},{"start":{"line":67,"column":35},"end":{"line":67,"column":39}}],"line":67}},"s":{"0":0,"1":0,"2":0,"3":0,"4":0,"5":0},"f":{"0":0,"1":0,"2":0},"b":{"0":[0,0],"1":[0,0],"2":[0,0],"3":[0,0]}}
,"D:\\w\\crypto-viewer\\components\\Utils\\Tile.tsx": {"path":"D:\\w\\crypto-viewer\\components\\Utils\\Tile.tsx","statementMap":{"0":{"start":{"line":18,"column":15},"end":{"line":43,"column":2}},"1":{"start":{"line":45,"column":26},"end":{"line":50,"column":1}},"2":{"start":{"line":62,"column":28},"end":{"line":126,"column":1}},"3":{"start":{"line":71,"column":16},"end":{"line":71,"column":40}},"4":{"start":{"line":73,"column":26},"end":{"line":87,"column":3}},"5":{"start":{"line":75,"column":6},"end":{"line":84,"column":7}},"6":{"start":{"line":77,"column":10},"end":{"line":77,"column":30}},"7":{"start":{"line":79,"column":10},"end":{"line":79,"column":46}},"8":{"start":{"line":83,"column":10},"end":{"line":83,"column":23}},"9":{"start":{"line":89,"column":20},"end":{"line":103,"column":3}},"10":{"start":{"line":91,"column":6},"end":{"line":100,"column":7}},"11":{"start":{"line":93,"column":10},"end":{"line":93,"column":33}},"12":{"start":{"line":95,"column":10},"end":{"line":95,"column":33}},"13":{"start":{"line":99,"column":10},"end":{"line":99,"column":30}},"14":{"start":{"line":105,"column":2},"end":{"line":125,"column":4}}},"fnMap":{"0":{"name":"(anonymous_0)","decl":{"start":{"line":62,"column":28},"end":{"line":62,"column":29}},"loc":{"start":{"line":70,"column":6},"end":{"line":126,"column":1}},"line":70},"1":{"name":"(anonymous_1)","decl":{"start":{"line":74,"column":4},"end":{"line":74,"column":5}},"loc":{"start":{"line":74,"column":10},"end":{"line":85,"column":5}},"line":74},"2":{"name":"(anonymous_2)","decl":{"start":{"line":90,"column":4},"end":{"line":90,"column":5}},"loc":{"start":{"line":90,"column":10},"end":{"line":101,"column":5}},"line":90}},"branchMap":{"0":{"loc":{"start":{"line":75,"column":6},"end":{"line":84,"column":7}},"type":"switch","locations":[{"start":{"line":76,"column":8},"end":{"line":77,"column":30}},{"start":{"line":78,"column":8},"end":{"line":79,"column":46}},{"start":{"line":80,"column":8},"end":{"line":80,"column":27}},{"start":{"line":81,"column":8},"end":{"line":81,"column":27}},{"start":{"line":82,"column":8},"end":{"line":83,"column":23}}],"line":75},"1":{"loc":{"start":{"line":91,"column":6},"end":{"line":100,"column":7}},"type":"switch","locations":[{"start":{"line":92,"column":8},"end":{"line":93,"column":33}},{"start":{"line":94,"column":8},"end":{"line":95,"column":33}},{"start":{"line":96,"column":8},"end":{"line":96,"column":27}},{"start":{"line":97,"column":8},"end":{"line":97,"column":27}},{"start":{"line":98,"column":8},"end":{"line":99,"column":30}}],"line":91},"2":{"loc":{"start":{"line":107,"column":64},"end":{"line":107,"column":75}},"type":"binary-expr","locations":[{"start":{"line":107,"column":64},"end":{"line":107,"column":69}},{"start":{"line":107,"column":73},"end":{"line":107,"column":75}}],"line":107},"3":{"loc":{"start":{"line":111,"column":12},"end":{"line":111,"column":71}},"type":"cond-expr","locations":[{"start":{"line":111,"column":27},"end":{"line":111,"column":50}},{"start":{"line":111,"column":53},"end":{"line":111,"column":71}}],"line":111},"4":{"loc":{"start":{"line":117,"column":7},"end":{"line":123,"column":7}},"type":"cond-expr","locations":[{"start":{"line":118,"column":8},"end":{"line":120,"column":15}},{"start":{"line":122,"column":8},"end":{"line":122,"column":28}}],"line":117}},"s":{"0":0,"1":0,"2":0,"3":0,"4":0,"5":0,"6":0,"7":0,"8":0,"9":0,"10":0,"11":0,"12":0,"13":0,"14":0},"f":{"0":0,"1":0,"2":0},"b":{"0":[0,0,0,0,0],"1":[0,0,0,0,0],"2":[0,0],"3":[0,0],"4":[0,0]}}
,"D:\\w\\crypto-viewer\\components\\Utils\\TopBar.tsx": {"path":"D:\\w\\crypto-viewer\\components\\Utils\\TopBar.tsx","statementMap":{"0":{"start":{"line":20,"column":32},"end":{"line":198,"column":1}},"1":{"start":{"line":23,"column":6},"end":{"line":23,"column":33}},"2":{"start":{"line":25,"column":12},"end":{"line":25,"column":42}},"3":{"start":{"line":27,"column":16},"end":{"line":27,"column":40}},"4":{"start":{"line":29,"column":17},"end":{"line":61,"column":14}},"5":{"start":{"line":29,"column":31},"end":{"line":61,"column":4}},"6":{"start":{"line":63,"column":25},"end":{"line":63,"column":87}},"7":{"start":{"line":63,"column":39},"end":{"line":63,"column":74}},"8":{"start":{"line":67,"column":6},"end":{"line":67,"column":35}},"9":{"start":{"line":69,"column":32},"end":{"line":69,"column":84}},"10":{"start":{"line":69,"column":50},"end":{"line":69,"column":70}},"11":{"start":{"line":70,"column":36},"end":{"line":70,"column":92}},"12":{"start":{"line":70,"column":54},"end":{"line":70,"column":78}},"13":{"start":{"line":72,"column":33},"end":{"line":89,"column":15}},"14":{"start":{"line":73,"column":4},"end":{"line":73,"column":29}},"15":{"start":{"line":73,"column":20},"end":{"line":73,"column":27}},"16":{"start":{"line":75,"column":27},"end":{"line":75,"column":44}},"17":{"start":{"line":77,"column":18},"end":{"line":77,"column":45}},"18":{"start":{"line":80,"column":4},"end":{"line":86,"column":5}},"19":{"start":{"line":81,"column":6},"end":{"line":81,"column":63}},"20":{"start":{"line":81,"column":38},"end":{"line":81,"column":61}},"21":{"start":{"line":82,"column":6},"end":{"line":82,"column":74}},"22":{"start":{"line":84,"column":6},"end":{"line":84,"column":38}},"23":{"start":{"line":85,"column":6},"end":{"line":85,"column":72}},"24":{"start":{"line":88,"column":4},"end":{"line":88,"column":78}},"25":{"start":{"line":91,"column":25},"end":{"line":94,"column":3}},"26":{"start":{"line":92,"column":10},"end":{"line":92,"column":49}},"27":{"start":{"line":96,"column":22},"end":{"line":99,"column":3}},"28":{"start":{"line":97,"column":10},"end":{"line":97,"column":54}},"29":{"start":{"line":101,"column":20},"end":{"line":139,"column":3}},"30":{"start":{"line":103,"column":6},"end":{"line":116,"column":7}},"31":{"start":{"line":104,"column":8},"end":{"line":115,"column":10}},"32":{"start":{"line":116,"column":8},"end":{"line":129,"column":7}},"33":{"start":{"line":117,"column":8},"end":{"line":128,"column":10}},"34":{"start":{"line":130,"column":6},"end":{"line":136,"column":8}},"35":{"start":{"line":141,"column":21},"end":{"line":185,"column":3}},"36":{"start":{"line":143,"column":6},"end":{"line":170,"column":7}},"37":{"start":{"line":144,"column":8},"end":{"line":169,"column":10}},"38":{"start":{"line":171,"column":6},"end":{"line":182,"column":8}},"39":{"start":{"line":187,"column":2},"end":{"line":197,"column":4}}},"fnMap":{"0":{"name":"(anonymous_0)","decl":{"start":{"line":20,"column":32},"end":{"line":20,"column":33}},"loc":{"start":{"line":20,"column":38},"end":{"line":198,"column":1}},"line":20},"1":{"name":"(anonymous_1)","decl":{"start":{"line":29,"column":25},"end":{"line":29,"column":26}},"loc":{"start":{"line":29,"column":31},"end":{"line":61,"column":4}},"line":29},"2":{"name":"(anonymous_2)","decl":{"start":{"line":63,"column":33},"end":{"line":63,"column":34}},"loc":{"start":{"line":63,"column":39},"end":{"line":63,"column":74}},"line":63},"3":{"name":"(anonymous_3)","decl":{"start":{"line":69,"column":44},"end":{"line":69,"column":45}},"loc":{"start":{"line":69,"column":50},"end":{"line":69,"column":70}},"line":69},"4":{"name":"(anonymous_4)","decl":{"start":{"line":70,"column":48},"end":{"line":70,"column":49}},"loc":{"start":{"line":70,"column":54},"end":{"line":70,"column":78}},"line":70},"5":{"name":"(anonymous_5)","decl":{"start":{"line":72,"column":45},"end":{"line":72,"column":46}},"loc":{"start":{"line":72,"column":51},"end":{"line":89,"column":3}},"line":72},"6":{"name":"(anonymous_6)","decl":{"start":{"line":81,"column":31},"end":{"line":81,"column":32}},"loc":{"start":{"line":81,"column":38},"end":{"line":81,"column":61}},"line":81},"7":{"name":"(anonymous_7)","decl":{"start":{"line":92,"column":4},"end":{"line":92,"column":5}},"loc":{"start":{"line":92,"column":10},"end":{"line":92,"column":49}},"line":92},"8":{"name":"(anonymous_8)","decl":{"start":{"line":97,"column":4},"end":{"line":97,"column":5}},"loc":{"start":{"line":97,"column":10},"end":{"line":97,"column":54}},"line":97},"9":{"name":"(anonymous_9)","decl":{"start":{"line":102,"column":4},"end":{"line":102,"column":5}},"loc":{"start":{"line":102,"column":10},"end":{"line":137,"column":5}},"line":102},"10":{"name":"(anonymous_10)","decl":{"start":{"line":142,"column":4},"end":{"line":142,"column":5}},"loc":{"start":{"line":142,"column":10},"end":{"line":183,"column":5}},"line":142}},"branchMap":{"0":{"loc":{"start":{"line":73,"column":4},"end":{"line":73,"column":29}},"type":"if","locations":[{"start":{"line":73,"column":4},"end":{"line":73,"column":29}},{"start":{"line":73,"column":4},"end":{"line":73,"column":29}}],"line":73},"1":{"loc":{"start":{"line":77,"column":23},"end":{"line":77,"column":43}},"type":"binary-expr","locations":[{"start":{"line":77,"column":23},"end":{"line":77,"column":37}},{"start":{"line":77,"column":41},"end":{"line":77,"column":43}}],"line":77},"2":{"loc":{"start":{"line":80,"column":4},"end":{"line":86,"column":5}},"type":"if","locations":[{"start":{"line":80,"column":4},"end":{"line":86,"column":5}},{"s
[...]
,"D:\\w\\crypto-viewer\\models\\TranslationType.ts": {"path":"D:\\w\\crypto-viewer\\models\\TranslationType.ts","statementMap":{},"fnMap":{},"branchMap":{},"s":{},"f":{},"b":{}}
,"D:\\w\\crypto-viewer\\models\\WalletItem.ts": {"path":"D:\\w\\crypto-viewer\\models\\WalletItem.ts","statementMap":{},"fnMap":{},"branchMap":{},"s":{},"f":{},"b":{}}
,"D:\\w\\crypto-viewer\\services\\Color.service.ts": {"path":"D:\\w\\crypto-viewer\\services\\Color.service.ts","statementMap":{"0":{"start":{"line":4,"column":21},"end":{"line":50,"column":1}},"1":{"start":{"line":8,"column":4},"end":{"line":16,"column":5}},"2":{"start":{"line":9,"column":6},"end":{"line":9,"column":37}},"3":{"start":{"line":10,"column":6},"end":{"line":12,"column":7}},"4":{"start":{"line":11,"column":8},"end":{"line":11,"column":49}},"5":{"start":{"line":13,"column":6},"end":{"line":13,"column":28}},"6":{"start":{"line":15,"column":6},"end":{"line":15,"column":94}},"7":{"start":{"line":17,"column":4},"end":{"line":17,"column":31}},"8":{"start":{"line":21,"column":4},"end":{"line":21,"column":78}},"9":{"start":{"line":26,"column":31},"end":{"line":26,"column":48}},"10":{"start":{"line":28,"column":16},"end":{"line":28,"column":48}},"11":{"start":{"line":30,"column":12},"end":{"line":30,"column":32}},"12":{"start":{"line":32,"column":4},"end":{"line":33,"column":26}},"13":{"start":{"line":32,"column":17},"end":{"line":32,"column":25}},"14":{"start":{"line":33,"column":9},"end":{"line":33,"column":26}},"15":{"start":{"line":33,"column":20},"end":{"line":33,"column":26}},"16":{"start":{"line":36,"column":12},"end":{"line":36,"column":42}},"17":{"start":{"line":38,"column":4},"end":{"line":39,"column":26}},"18":{"start":{"line":38,"column":17},"end":{"line":38,"column":25}},"19":{"start":{"line":39,"column":9},"end":{"line":39,"column":26}},"20":{"start":{"line":39,"column":20},"end":{"line":39,"column":26}},"21":{"start":{"line":42,"column":12},"end":{"line":42,"column":37}},"22":{"start":{"line":44,"column":4},"end":{"line":45,"column":26}},"23":{"start":{"line":44,"column":17},"end":{"line":44,"column":25}},"24":{"start":{"line":45,"column":9},"end":{"line":45,"column":26}},"25":{"start":{"line":45,"column":20},"end":{"line":45,"column":26}},"26":{"start":{"line":48,"column":4},"end":{"line":48,"column":57}}},"fnMap":{"0":{"name":"(anonymous_0)","decl":{"start":{"line":6,"column":2},"end":{"line":6,"column":3}},"loc":{"start":{"line":6,"column":42},"end":{"line":18,"column":3}},"line":6},"1":{"name":"(anonymous_1)","decl":{"start":{"line":20,"column":2},"end":{"line":20,"column":3}},"loc":{"start":{"line":20,"column":67},"end":{"line":22,"column":3}},"line":20},"2":{"name":"(anonymous_2)","decl":{"start":{"line":24,"column":22},"end":{"line":24,"column":23}},"loc":{"start":{"line":24,"column":60},"end":{"line":49,"column":3}},"line":24}},"branchMap":{"0":{"loc":{"start":{"line":8,"column":4},"end":{"line":16,"column":5}},"type":"if","locations":[{"start":{"line":8,"column":4},"end":{"line":16,"column":5}},{"start":{"line":8,"column":4},"end":{"line":16,"column":5}}],"line":8},"1":{"loc":{"start":{"line":10,"column":6},"end":{"line":12,"column":7}},"type":"if","locations":[{"start":{"line":10,"column":6},"end":{"line":12,"column":7}},{"start":{"line":10,"column":6},"end":{"line":12,"column":7}}],"line":10},"2":{"loc":{"start":{"line":21,"column":11},"end":{"line":21,"column":77}},"type":"binary-expr","locations":[{"start":{"line":21,"column":11},"end":{"line":21,"column":64}},{"start":{"line":21,"column":68},"end":{"line":21,"column":77}}],"line":21},"3":{"loc":{"start":{"line":32,"column":4},"end":{"line":33,"column":26}},"type":"if","locations":[{"start":{"line":32,"column":4},"end":{"line":33,"column":26}},{"start":{"line":32,"column":4},"end":{"line":33,"column":26}}],"line":32},"4":{"loc":{"start":{"line":33,"column":9},"end":{"line":33,"column":26}},"type":"if","locations":[{"start":{"line":33,"column":9},"end":{"line":33,"column":26}},{"start":{"line":33,"column":9},"end":{"line":33,"column":26}}],"line":33},"5":{"loc":{"start":{"line":38,"column":4},"end":{"line":39,"column":26}},"type":"if","locations":[{"start":{"line":38,"column":4},"end":{"line":39,"column":26}},{"start":{"line":38,"column":4},"end":{"line":39,"column":26}}],"line":38},"6":{"loc":{"start":{"line":39,"column":9},"end":{"line":39,"column":26}},"type":"if","locations":[{"start":{"line":39,"column":9},"end":{"line":39,"column":26}},{"start":{"line":39,"column":9},"end":{"line":39,"column":26}}],"line":39},"7":{"loc":{"start":{"line":44,"column":4},"end":{"line":45,"column":26}},"type":"if","locations":[{"start":{"line":44,"column":4},"end":{"line":45,"column":26}},{"start":{"line":44,"column":4},"end":{"line":45,"column":26}}],"line":44},"8":{"loc":{"start":{"line":45,"column":9},"end":{"line":45,"column":26}},"type":"if","locations":[{"start":{"line":45,"column":9},"end":{"line":45,"column":26}},{"start":{"line":45,"column":9},"end":{"line":45,"column":26}}],"line":45}},"s":{"0":4,"1":7,"2":4,"3":4,"4":2,"5":4,"6":4,"7":3,"8":2,"9":6,"10":6,"11":6,"12":6,"13":2,"14":4,"15":1,"16":6,"17":6,"18":1,"19":5,"20":1,"21":6,"22":6,"23":1,"24":5,"25":1,"26":6},"f":{"0":7,"1":2,"2":6},"b":{"0":[4,3],"1":[2,2],"2":[2,1],"3":[2,4],"4":[1,3],"5":[1,5],"6":[1,4],"7":[1,5],"8":[1,4]},"_coverageSchema":"1a1c01bbd47fc00a2c39e90264f33305004495a9","hash":"62e5261aae59271770efa556cb44815b216a6b1e"}
,"D:\\w\\crypto-viewer\\services\\DateTime.service.ts": {"path":"D:\\w\\crypto-viewer\\services\\DateTime.service.ts","statementMap":{"0":{"start":{"line":3,"column":24},"end":{"line":12,"column":1}},"1":{"start":{"line":6,"column":4},"end":{"line":6,"column":45}},"2":{"start":{"line":10,"column":4},"end":{"line":10,"column":40}}},"fnMap":{"0":{"name":"(anonymous_0)","decl":{"start":{"line":5,"column":2},"end":{"line":5,"column":3}},"loc":{"start":{"line":5,"column":32},"end":{"line":7,"column":3}},"line":5},"1":{"name":"(anonymous_1)","decl":{"start":{"line":9,"column":2},"end":{"line":9,"column":3}},"loc":{"start":{"line":9,"column":18},"end":{"line":11,"column":3}},"line":9}},"branchMap":{},"s":{"0":1,"1":2,"2":3},"f":{"0":2,"1":3},"b":{},"_coverageSchema":"1a1c01bbd47fc00a2c39e90264f33305004495a9","hash":"baafa40b5debb75d919e505d0df24345ec9de019"}
,"D:\\w\\crypto-viewer\\services\\Logger.service.ts": {"path":"D:\\w\\crypto-viewer\\services\\Logger.service.ts","statementMap":{"0":{"start":{"line":2,"column":22},"end":{"line":6,"column":1}},"1":{"start":{"line":3,"column":22},"end":{"line":3,"column":44}},"2":{"start":{"line":4,"column":21},"end":{"line":4,"column":42}},"3":{"start":{"line":5,"column":23},"end":{"line":5,"column":46}}},"fnMap":{"0":{"name":"(anonymous_0)","decl":{"start":{"line":3,"column":8},"end":{"line":3,"column":9}},"loc":{"start":{"line":3,"column":22},"end":{"line":3,"column":44}},"line":3},"1":{"name":"(anonymous_1)","decl":{"start":{"line":4,"column":7},"end":{"line":4,"column":8}},"loc":{"start":{"line":4,"column":21},"end":{"line":4,"column":42}},"line":4},"2":{"name":"(anonymous_2)","decl":{"start":{"line":5,"column":9},"end":{"line":5,"column":10}},"loc":{"start":{"line":5,"column":23},"end":{"line":5,"column":46}},"line":5}},"branchMap":{},"s":{"0":1,"1":1,"2":1,"3":1},"f":{"0":1,"1":1,"2":1},"b":{},"_coverageSchema":"1a1c01bbd47fc00a2c39e90264f33305004495a9","hash":"f1cba0585e9954979362c27d888089c2a908453e"}
,"D:\\w\\crypto-viewer\\services\\Network.service.ts": {"path":"D:\\w\\crypto-viewer\\services\\Network.service.ts","statementMap":{"0":{"start":{"line":7,"column":21},"end":{"line":7,"column":51}},"1":{"start":{"line":8,"column":18},"end":{"line":8,"column":47}},"2":{"start":{"line":11,"column":23},"end":{"line":44,"column":1}},"3":{"start":{"line":13,"column":4},"end":{"line":14,"column":43}},"4":{"start":{"line":14,"column":26},"end":{"line":14,"column":41}},"5":{"start":{"line":17,"column":4},"end":{"line":18,"column":43}},"6":{"start":{"line":18,"column":26},"end":{"line":18,"column":41}},"7":{"start":{"line":22,"column":4},"end":{"line":23,"column":43}},"8":{"start":{"line":23,"column":26},"end":{"line":23,"column":41}},"9":{"start":{"line":27,"column":4},"end":{"line":28,"column":43}},"10":{"start":{"line":28,"column":26},"end":{"line":28,"column":41}},"11":{"start":{"line":31,"column":4},"end":{"line":32,"column":43}},"12":{"start":{"line":32,"column":26},"end":{"line":32,"column":41}},"13":{"start":{"line":40,"column":23},"end":{"line":40,"column":174}},"14":{"start":{"line":41,"column":4},"end":{"line":42,"column":43}},"15":{"start":{"line":42,"column":26},"end":{"line":42,"column":41}}},"fnMap":{"0":{"name":"(anonymous_0)","decl":{"start":{"line":12,"column":2},"end":{"line":12,"column":3}},"loc":{"start":{"line":12,"column":38},"end":{"line":15,"column":3}},"line":12},"1":{"name":"(anonymous_1)","decl":{"start":{"line":14,"column":12},"end":{"line":14,"column":13}},"loc":{"start":{"line":14,"column":26},"end":{"line":14,"column":41}},"line":14},"2":{"name":"(anonymous_2)","decl":{"start":{"line":16,"column":2},"end":{"line":16,"column":3}},"loc":{"start":{"line":16,"column":70},"end":{"line":19,"column":3}},"line":16},"3":{"name":"(anonymous_3)","decl":{"start":{"line":18,"column":12},"end":{"line":18,"column":13}},"loc":{"start":{"line":18,"column":26},"end":{"line":18,"column":41}},"line":18},"4":{"name":"(anonymous_4)","decl":{"start":{"line":21,"column":2},"end":{"line":21,"column":3}},"loc":{"start":{"line":21,"column":70},"end":{"line":24,"column":3}},"line":21},"5":{"name":"(anonymous_5)","decl":{"start":{"line":23,"column":12},"end":{"line":23,"column":13}},"loc":{"start":{"line":23,"column":26},"end":{"line":23,"column":41}},"line":23},"6":{"name":"(anonymous_6)","decl":{"start":{"line":26,"column":2},"end":{"line":26,"column":3}},"loc":{"start":{"line":26,"column":69},"end":{"line":29,"column":3}},"line":26},"7":{"name":"(anonymous_7)","decl":{"start":{"line":28,"column":12},"end":{"line":28,"column":13}},"loc":{"start":{"line":28,"column":26},"end":{"line":28,"column":41}},"line":28},"8":{"name":"(anonymous_8)","decl":{"start":{"line":30,"column":2},"end":{"line":30,"column":3}},"loc":{"start":{"line":30,"column":70},"end":{"line":33,"column":3}},"line":30},"9":{"name":"(anonymous_9)","decl":{"start":{"line":32,"column":12},"end":{"line":32,"column":13}},"loc":{"start":{"line":32,"column":26},"end":{"line":32,"column":41}},"line":32},"10":{"name":"(anonymous_10)","decl":{"start":{"line":35,"column":2},"end":{"line":35,"column":3}},"loc":{"start":{"line":39,"column":25},"end":{"line":43,"column":3}},"line":39},"11":{"name":"(anonymous_11)","decl":{"start":{"line":42,"column":12},"end":{"line":42,"column":13}},"loc":{"start":{"line":42,"column":26},"end":{"line":42,"column":41}},"line":42}},"branchMap":{},"s":{"0":0,"1":0,"2":0,"3":0,"4":0,"5":0,"6":0,"7":0,"8":0,"9":0,"10":0,"11":0,"12":0,"13":0,"14":0,"15":0},"f":{"0":0,"1":0,"2":0,"3":0,"4":0,"5":0,"6":0,"7":0,"8":0,"9":0,"10":0,"11":0},"b":{}}
,"D:\\w\\crypto-viewer\\services\\Settings.service.ts": {"path":"D:\\w\\crypto-viewer\\services\\Settings.service.ts","statementMap":{"0":{"start":{"line":5,"column":24},"end":{"line":31,"column":1}},"1":{"start":{"line":7,"column":18},"end":{"line":7,"column":73}},"2":{"start":{"line":8,"column":4},"end":{"line":10,"column":5}},"3":{"start":{"line":9,"column":6},"end":{"line":9,"column":81}},"4":{"start":{"line":11,"column":4},"end":{"line":11,"column":51}},"5":{"start":{"line":16,"column":22},"end":{"line":19,"column":3}},"6":{"start":{"line":21,"column":19},"end":{"line":25,"column":5}},"7":{"start":{"line":23,"column":24},"end":{"line":23,"column":86}},"8":{"start":{"line":26,"column":4},"end":{"line":29,"column":28}},"9":{"start":{"line":26,"column":75},"end":{"line":29,"column":5}}},"fnMap":{"0":{"name":"(anonymous_0)","decl":{"start":{"line":6,"column":18},"end":{"line":6,"column":19}},"loc":{"start":{"line":6,"column":82},"end":{"line":12,"column":3}},"line":6},"1":{"name":"(anonymous_1)","decl":{"start":{"line":13,"column":17},"end":{"line":13,"column":18}},"loc":{"start":{"line":16,"column":22},"end":{"line":19,"column":3}},"line":16},"2":{"name":"(anonymous_2)","decl":{"start":{"line":20,"column":11},"end":{"line":20,"column":12}},"loc":{"start":{"line":20,"column":46},"end":{"line":30,"column":3}},"line":20},"3":{"name":"(anonymous_3)","decl":{"start":{"line":23,"column":8},"end":{"line":23,"column":9}},"loc":{"start":{"line":23,"column":24},"end":{"line":23,"column":86}},"line":23},"4":{"name":"(anonymous_4)","decl":{"start":{"line":26,"column":45},"end":{"line":26,"column":46}},"loc":{"start":{"line":26,"column":75},"end":{"line":29,"column":5}},"line":26}},"branchMap":{"0":{"loc":{"start":{"line":8,"column":4},"end":{"line":10,"column":5}},"type":"if","locations":[{"start":{"line":8,"column":4},"end":{"line":10,"column":5}},{"start":{"line":8,"column":4},"end":{"line":10,"column":5}}],"line":8},"1":{"loc":{"start":{"line":9,"column":13},"end":{"line":9,"column":80}},"type":"cond-expr","locations":[{"start":{"line":9,"column":55},"end":{"line":9,"column":72}},{"start":{"line":9,"column":75},"end":{"line":9,"column":80}}],"line":9},"2":{"loc":{"start":{"line":18,"column":5},"end":{"line":18,"column":82}},"type":"cond-expr","locations":[{"start":{"line":18,"column":47},"end":{"line":18,"column":71}},{"start":{"line":18,"column":74},"end":{"line":18,"column":82}}],"line":18}},"s":{"0":4,"1":3,"2":3,"3":2,"4":1,"5":0,"6":0,"7":0,"8":0,"9":0},"f":{"0":3,"1":0,"2":0,"3":0,"4":0},"b":{"0":[2,1],"1":[1,1],"2":[0,0]},"_coverageSchema":"1a1c01bbd47fc00a2c39e90264f33305004495a9","hash":"c272954df42ea115507068d4fa1a77f4197ecd69"}
,"D:\\w\\crypto-viewer\\services\\Storage.service.ts": {"path":"D:\\w\\crypto-viewer\\services\\Storage.service.ts","statementMap":{"0":{"start":{"line":4,"column":23},"end":{"line":13,"column":1}},"1":{"start":{"line":7,"column":4},"end":{"line":7,"column":48}},"2":{"start":{"line":11,"column":4},"end":{"line":11,"column":41}}},"fnMap":{"0":{"name":"(anonymous_0)","decl":{"start":{"line":6,"column":2},"end":{"line":6,"column":3}},"loc":{"start":{"line":6,"column":55},"end":{"line":8,"column":3}},"line":6},"1":{"name":"(anonymous_1)","decl":{"start":{"line":10,"column":2},"end":{"line":10,"column":3}},"loc":{"start":{"line":10,"column":47},"end":{"line":12,"column":3}},"line":10}},"branchMap":{},"s":{"0":4,"1":0,"2":0},"f":{"0":0,"1":0},"b":{},"_coverageSchema":"1a1c01bbd47fc00a2c39e90264f33305004495a9","hash":"1e28fe5184906e0601314ff555fd02e12f721812"}
,"D:\\w\\crypto-viewer\\services\\Translation.service.ts": {"path":"D:\\w\\crypto-viewer\\services\\Translation.service.ts","statementMap":{"0":{"start":{"line":5,"column":80},"end":{"line":8,"column":1}},"1":{"start":{"line":10,"column":27},"end":{"line":12,"column":1}},"2":{"start":{"line":11,"column":66},"end":{"line":11,"column":99}}},"fnMap":{"0":{"name":"(anonymous_0)","decl":{"start":{"line":11,"column":29},"end":{"line":11,"column":30}},"loc":{"start":{"line":11,"column":66},"end":{"line":11,"column":99}},"line":11}},"branchMap":{},"s":{"0":3,"1":3,"2":9},"f":{"0":9},"b":{},"_coverageSchema":"1a1c01bbd47fc00a2c39e90264f33305004495a9","hash":"f9eb9c1ab4ea7d54e9a70de9f318e74c78851f5c"}
,"D:\\w\\crypto-viewer\\services\\Utils.service.ts": {"path":"D:\\w\\crypto-viewer\\services\\Utils.service.ts","statementMap":{"0":{"start":{"line":2,"column":21},"end":{"line":38,"column":1}},"1":{"start":{"line":5,"column":4},"end":{"line":5,"column":85}},"2":{"start":{"line":5,"column":73},"end":{"line":5,"column":83}},"3":{"start":{"line":6,"column":4},"end":{"line":6,"column":84}},"4":{"start":{"line":6,"column":73},"end":{"line":6,"column":82}},"5":{"start":{"line":7,"column":4},"end":{"line":7,"column":13}},"6":{"start":{"line":11,"column":4},"end":{"line":11,"column":41}},"7":{"start":{"line":15,"column":19},"end":{"line":15,"column":21}},"8":{"start":{"line":16,"column":4},"end":{"line":18,"column":5}},"9":{"start":{"line":17,"column":6},"end":{"line":17,"column":38}},"10":{"start":{"line":19,"column":4},"end":{"line":19,"column":35}},"11":{"start":{"line":22,"column":19},"end":{"line":22,"column":21}},"12":{"start":{"line":23,"column":4},"end":{"line":25,"column":5}},"13":{"start":{"line":24,"column":6},"end":{"line":24,"column":38}},"14":{"start":{"line":26,"column":4},"end":{"line":26,"column":56}},"15":{"start":{"line":31,"column":4},"end":{"line":36,"column":7}},"16":{"start":{"line":32,"column":6},"end":{"line":34,"column":7}},"17":{"start":{"line":33,"column":8},"end":{"line":33,"column":20}},"18":{"start":{"line":35,"column":6},"end":{"line":35,"column":16}}},"fnMap":{"0":{"name":"(anonymous_0)","decl":{"start":{"line":4,"column":2},"end":{"line":4,"column":3}},"loc":{"start":{"line":4,"column":49},"end":{"line":8,"column":3}},"line":4},"1":{"name":"(anonymous_1)","decl":{"start":{"line":10,"column":2},"end":{"line":10,"column":3}},"loc":{"start":{"line":10,"column":33},"end":{"line":12,"column":3}},"line":10},"2":{"name":"(anonymous_2)","decl":{"start":{"line":14,"column":2},"end":{"line":14,"column":3}},"loc":{"start":{"line":14,"column":49},"end":{"line":20,"column":3}},"line":14},"3":{"name":"(anonymous_3)","decl":{"start":{"line":21,"column":2},"end":{"line":21,"column":3}},"loc":{"start":{"line":21,"column":60},"end":{"line":27,"column":3}},"line":21},"4":{"name":"(anonymous_4)","decl":{"start":{"line":30,"column":2},"end":{"line":30,"column":3}},"loc":{"start":{"line":30,"column":22},"end":{"line":37,"column":3}},"line":30},"5":{"name":"(anonymous_5)","decl":{"start":{"line":31,"column":19},"end":{"line":31,"column":20}},"loc":{"start":{"line":31,"column":36},"end":{"line":36,"column":5}},"line":31}},"branchMap":{"0":{"loc":{"start":{"line":5,"column":4},"end":{"line":5,"column":85}},"type":"if","locations":[{"start":{"line":5,"column":4},"end":{"line":5,"column":85}},{"start":{"line":5,"column":4},"end":{"line":5,"column":85}}],"line":5},"1":{"loc":{"start":{"line":6,"column":4},"end":{"line":6,"column":84}},"type":"if","locations":[{"start":{"line":6,"column":4},"end":{"line":6,"column":84}},{"start":{"line":6,"column":4},"end":{"line":6,"column":84}}],"line":6},"2":{"loc":{"start":{"line":14,"column":38},"end":{"line":14,"column":47}},"type":"default-arg","locations":[{"start":{"line":14,"column":46},"end":{"line":14,"column":47}}],"line":14},"3":{"loc":{"start":{"line":16,"column":4},"end":{"line":18,"column":5}},"type":"if","locations":[{"start":{"line":16,"column":4},"end":{"line":18,"column":5}},{"start":{"line":16,"column":4},"end":{"line":18,"column":5}}],"line":16},"4":{"loc":{"start":{"line":21,"column":49},"end":{"line":21,"column":58}},"type":"default-arg","locations":[{"start":{"line":21,"column":57},"end":{"line":21,"column":58}}],"line":21},"5":{"loc":{"start":{"line":23,"column":4},"end":{"line":25,"column":5}},"type":"if","locations":[{"start":{"line":23,"column":4},"end":{"line":25,"column":5}},{"start":{"line":23,"column":4},"end":{"line":25,"column":5}}],"line":23},"6":{"loc":{"start":{"line":26,"column":28},"end":{"line":26,"column":54}},"type":"cond-expr","locations":[{"start":{"line":26,"column":45},"end":{"line":26,"column":46}},{"start":{"line":26,"column":49},"end":{"line":26,"column":54}}],"line":26},"7":{"loc":{"start":{"line":32,"column":6},"end":{"line":34,"column":7}},"type":"if","locations":[{"start":{"line":32,"column":6},"end":{"line":34,"column":7}},{"start":{"line":32,"column":6},"end":{"line":34,"column":7}}],"line":32},"8":{"loc":{"start":{"line":32,"column":10},"end":{"line":32,"column":49}},"type":"binary-expr","locations":[{"start":{"line":32,"column":10},"end":{"line":32,"column":21}},{"start":{"line":32,"column":25},"end":{"line":32,"column":49}}],"line":32}},"s":{"0":0,"1":0,"2":0,"3":0,"4":0,"5":0,"6":0,"7":0,"8":0,"9":0,"10":0,"11":0,"12":0,"13":0,"14":0,"15":0,"16":0,"17":0,"18":0},"f":{"0":0,"1":0,"2":0,"3":0,"4":0,"5":0},"b":{"0":[0,0],"1":[0,0],"2":[0],"3":[0,0],"4":[0],"5":[0,0],"6":[0,0],"7":[0,0],"8":[0,0]}}
}
