TN:
SF:constants.ts
FNF:0
FNH:0
DA:1,16
LF:1
LH:1
BRF:0
BRH:0
end_of_record
TN:
SF:assets\Colors.ts
FNF:0
FNH:0
DA:2,15
LF:1
LH:1
BRF:0
BRH:0
end_of_record
TN:
SF:assets\fonts\baseIcons\CryptoViewerIconsMap.ts
FNF:0
FNH:0
DA:1,6
LF:1
LH:1
BRF:0
BRH:0
end_of_record
TN:
SF:assets\translations\TranslationUtils.ts
FNF:0
FNH:0
DA:9,17
DA:18,17
LF:2
LH:2
BRF:0
BRH:0
end_of_record
TN:
SF:assets\translations\en.ts
FNF:0
FNH:0
DA:3,17
LF:1
LH:1
BRF:0
BRH:0
end_of_record
TN:
SF:assets\translations\fr.ts
FNF:0
FNH:0
DA:3,17
LF:1
LH:1
BRF:0
BRH:0
end_of_record
TN:
SF:components\PassThroughComponents.tsx
FNF:0
FNH:0
DA:4,15
LF:1
LH:1
BRF:0
BRH:0
end_of_record
TN:
SF:components\CryptoDetails\CryptoDailyRate.tsx
FN:14,(anonymous_0)
FN:18,(anonymous_1)
FNF:2
FNH:2
FNDA:3,(anonymous_0)
FNDA:3,(anonymous_1)
DA:14,1
DA:17,3
DA:18,3
DA:61,3
LF:4
LH:4
BRDA:63,0,0,1
BRDA:63,0,1,2
BRF:2
BRH:2
end_of_record
TN:
SF:components\CryptoDetails\CryptoDescription.tsx
FN:19,(anonymous_0)
FN:29,(anonymous_1)
FN:34,(anonymous_2)
FN:39,(anonymous_3)
FN:82,(anonymous_4)
FN:87,(anonymous_5)
FNF:6
FNH:5
FNDA:2,(anonymous_0)
FNDA:2,(anonymous_1)
FNDA:2,(anonymous_2)
FNDA:2,(anonymous_3)
FNDA:2,(anonymous_4)
FNDA:0,(anonymous_5)
DA:19,1
DA:22,2
DA:24,2
DA:26,2
DA:28,2
DA:29,2
DA:33,2
DA:34,2
DA:38,2
DA:39,2
DA:81,2
DA:82,2
DA:86,2
DA:87,0
DA:91,2
DA:93,0
DA:96,2
LF:17
LH:15
BRDA:91,0,0,0
BRDA:91,0,1,2
BRDA:91,1,0,2
BRDA:91,1,1,2
BRDA:91,1,2,2
BRDA:102,2,0,2
BRDA:102,2,1,0
BRDA:104,3,0,2
BRDA:104,3,1,0
BRF:9
BRH:6
end_of_record
TN:
SF:components\CryptoDetails\CryptoDetailGraph.tsx
FN:33,(anonymous_0)
FN:44,(anonymous_1)
FN:45,(anonymous_2)
FN:46,(anonymous_3)
FN:55,(anonymous_4)
FN:60,(anonymous_5)
FN:65,(anonymous_6)
FN:89,(anonymous_7)
FN:104,(anonymous_8)
FN:114,(anonymous_9)
FN:114,(anonymous_10)
FN:149,(anonymous_11)
FN:170,(anonymous_12)
FNF:13
FNH:0
FNDA:0,(anonymous_0)
FNDA:0,(anonymous_1)
FNDA:0,(anonymous_2)
FNDA:0,(anonymous_3)
FNDA:0,(anonymous_4)
FNDA:0,(anonymous_5)
FNDA:0,(anonymous_6)
FNDA:0,(anonymous_7)
FNDA:0,(anonymous_8)
FNDA:0,(anonymous_9)
FNDA:0,(anonymous_10)
FNDA:0,(anonymous_11)
FNDA:0,(anonymous_12)
DA:33,0
DA:40,0
DA:42,0
DA:44,0
DA:45,0
DA:46,0
DA:50,0
DA:52,0
DA:54,0
DA:55,0
DA:59,0
DA:60,0
DA:64,0
DA:65,0
DA:89,0
DA:103,0
DA:105,0
DA:106,0
DA:108,0
DA:113,0
DA:114,0
DA:118,0
DA:119,0
DA:121,0
DA:122,0
DA:130,0
DA:149,0
DA:170,0
LF:28
LH:0
BRDA:105,0,0,0
BRDA:105,0,1,0
BRDA:105,1,0,0
BRDA:105,1,1,0
BRDA:114,2,0,0
BRDA:114,2,1,0
BRDA:114,3,0,0
BRDA:114,3,1,0
BRDA:118,4,0,0
BRDA:118,4,1,0
BRDA:121,5,0,0
BRDA:121,5,1,0
BRDA:136,6,0,0
BRDA:136,6,1,0
BRF:14
BRH:0
end_of_record
TN:
SF:components\CryptoDetails\CryptoDetailStats.tsx
FN:26,(anonymous_0)
FN:34,(anonymous_1)
FN:92,(anonymous_2)
FN:99,(anonymous_3)
FNF:4
FNH:4
FNDA:2,(anonymous_0)
FNDA:2,(anonymous_1)
FNDA:2,(anonymous_2)
FNDA:2,(anonymous_3)
DA:26,1
DA:31,2
DA:33,2
DA:34,2
DA:88,2
DA:90,2
DA:92,2
DA:96,2
DA:98,2
DA:99,2
DA:103,2
DA:104,0
DA:106,2
LF:13
LH:12
BRDA:103,0,0,0
BRDA:103,0,1,2
BRDA:103,1,0,2
BRDA:103,1,1,2
BRDA:112,2,0,2
BRDA:112,2,1,2
BRDA:131,3,0,2
BRDA:131,3,1,2
BRDA:150,4,0,2
BRDA:150,4,1,2
BRDA:177,5,0,2
BRDA:177,5,1,2
BRDA:187,6,0,2
BRDA:187,6,1,2
BRDA:197,7,0,2
BRDA:197,7,1,2
BRF:16
BRH:15
end_of_record
TN:
SF:components\CryptoDetails\CryptoDetails.tsx
FN:32,(anonymous_0)
FN:35,(anonymous_1)
FN:47,(anonymous_2)
FN:67,(anonymous_3)
FN:77,(anonymous_4)
FN:112,(anonymous_5)
FN:120,(anonymous_6)
FN:125,(anonymous_7)
FN:131,(anonymous_8)
FN:143,(anonymous_9)
FN:149,(anonymous_10)
FN:158,(anonymous_11)
FN:167,(anonymous_12)
FN:184,(anonymous_13)
FNF:14
FNH:0
FNDA:0,(anonymous_0)
FNDA:0,(anonymous_1)
FNDA:0,(anonymous_2)
FNDA:0,(anonymous_3)
FNDA:0,(anonymous_4)
FNDA:0,(anonymous_5)
FNDA:0,(anonymous_6)
FNDA:0,(anonymous_7)
FNDA:0,(anonymous_8)
FNDA:0,(anonymous_9)
FNDA:0,(anonymous_10)
FNDA:0,(anonymous_11)
FNDA:0,(anonymous_12)
FNDA:0,(anonymous_13)
DA:25,0
DA:32,0
DA:33,0
DA:35,0
DA:36,0
DA:46,0
DA:48,0
DA:49,0
DA:57,0
DA:67,0
DA:70,0
DA:74,0
DA:76,0
DA:77,0
DA:112,0
DA:114,0
DA:115,0
DA:116,0
DA:117,0
DA:118,0
DA:120,0
DA:121,0
DA:122,0
DA:124,0
DA:126,0
DA:127,0
DA:128,0
DA:130,0
DA:131,0
DA:133,0
DA:138,0
DA:143,0
DA:144,0
DA:145,0
DA:148,0
DA:150,0
DA:151,0
DA:157,0
DA:159,0
DA:160,0
DA:166,0
DA:169,0
DA:170,0
DA:172,0
DA:180,0
DA:183,0
DA:185,0
DA:186,0
DA:191,0
DA:192,0
DA:193,0
DA:196,0
LF:52
LH:0
BRDA:121,0,0,0
BRDA:121,0,1,0
BRDA:126,1,0,0
BRDA:126,1,1,0
BRDA:126,2,0,0
BRDA:126,2,1,0
BRDA:144,3,0,0
BRDA:144,3,1,0
BRDA:150,4,0,0
BRDA:150,4,1,0
BRDA:159,5,0,0
BRDA:159,5,1,0
BRDA:169,6,0,0
BRDA:169,6,1,0
BRDA:191,7,0,0
BRDA:191,7,1,0
BRF:16
BRH:0
end_of_record
TN:
SF:components\CryptoList\CryptoList.tsx
FN:23,(anonymous_0)
FN:32,(anonymous_1)
FN:50,(anonymous_2)
FN:52,(anonymous_3)
FN:55,(anonymous_4)
FN:62,(anonymous_5)
FN:66,(anonymous_6)
FN:68,(anonymous_7)
FN:72,(anonymous_8)
FN:77,(anonymous_9)
FN:88,(anonymous_10)
FN:89,(anonymous_11)
FN:93,(anonymous_12)
FN:94,(anonymous_13)
FN:99,(anonymous_14)
FN:110,(anonymous_15)
FN:131,(anonymous_16)
FN:145,(anonymous_17)
FN:159,(anonymous_18)
FNF:19
FNH:0
FNDA:0,(anonymous_0)
FNDA:0,(anonymous_1)
FNDA:0,(anonymous_2)
FNDA:0,(anonymous_3)
FNDA:0,(anonymous_4)
FNDA:0,(anonymous_5)
FNDA:0,(anonymous_6)
FNDA:0,(anonymous_7)
FNDA:0,(anonymous_8)
FNDA:0,(anonymous_9)
FNDA:0,(anonymous_10)
FNDA:0,(anonymous_11)
FNDA:0,(anonymous_12)
FNDA:0,(anonymous_13)
FNDA:0,(anonymous_14)
FNDA:0,(anonymous_15)
FNDA:0,(anonymous_16)
FNDA:0,(anonymous_17)
FNDA:0,(anonymous_18)
DA:23,0
DA:26,0
DA:28,0
DA:29,0
DA:31,0
DA:32,0
DA:50,0
DA:51,0
DA:52,0
DA:55,0
DA:57,0
DA:58,0
DA:59,0
DA:62,0
DA:63,0
DA:65,0
DA:66,0
DA:68,0
DA:71,0
DA:72,0
DA:74,0
DA:75,0
DA:77,0
DA:78,0
DA:79,0
DA:84,0
DA:88,0
DA:89,0
DA:90,0
DA:93,0
DA:94,0
DA:95,0
DA:98,0
DA:100,0
DA:102,0
DA:109,0
DA:110,0
DA:111,0
DA:113,0
DA:114,0
DA:115,0
DA:116,0
DA:117,0
DA:119,0
DA:123,0
DA:125,0
DA:130,0
DA:132,0
DA:133,0
DA:144,0
DA:146,0
DA:158,0
DA:159,0
DA:164,0
LF:54
LH:0
BRDA:68,0,0,0
BRDA:68,0,1,0
BRDA:78,1,0,0
BRDA:78,1,1,0
BRDA:100,2,0,0
BRDA:100,2,1,0
BRDA:102,3,0,0
BRDA:102,3,1,0
BRDA:106,4,0,0
BRDA:106,4,1,0
BRDA:109,5,0,0
BRDA:109,5,1,0
BRDA:110,6,0,0
BRDA:110,6,1,0
BRDA:114,7,0,0
BRDA:114,7,1,0
BRDA:116,8,0,0
BRDA:116,8,1,0
BRDA:132,9,0,0
BRDA:132,9,1,0
BRDA:146,10,0,0
BRDA:146,10,1,0
BRDA:159,11,0,0
BRDA:159,11,1,0
BRF:24
BRH:0
end_of_record
TN:
SF:components\CryptoList\CryptoListItem.tsx
FN:29,(anonymous_0)
FN:44,(anonymous_1)
FN:93,(anonymous_2)
FN:96,(anonymous_3)
FN:106,(anonymous_4)
FN:126,(anonymous_5)
FN:139,(anonymous_6)
FN:144,(anonymous_7)
FN:149,(anonymous_8)
FN:191,(anonymous_9)
FNF:10
FNH:0
FNDA:0,(anonymous_0)
FNDA:0,(anonymous_1)
FNDA:0,(anonymous_2)
FNDA:0,(anonymous_3)
FNDA:0,(anonymous_4)
FNDA:0,(anonymous_5)
FNDA:0,(anonymous_6)
FNDA:0,(anonymous_7)
FNDA:0,(anonymous_8)
FNDA:0,(anonymous_9)
DA:29,0
DA:35,0
DA:39,0
DA:41,0
DA:43,0
DA:44,0
DA:93,0
DA:95,0
DA:96,0
DA:101,0
DA:102,0
DA:104,0
DA:107,0
DA:108,0
DA:110,0
DA:126,0
DA:135,0
DA:138,0
DA:139,0
DA:143,0
DA:144,0
DA:148,0
DA:149,0
DA:170,0
DA:171,0
DA:190,0
DA:191,0
LF:27
LH:0
BRDA:101,0,0,0
BRDA:101,0,1,0
BRDA:108,1,0,0
BRDA:108,1,1,0
BRDA:130,2,0,0
BRDA:130,2,1,0
BRDA:139,3,0,0
BRDA:139,3,1,0
BRDA:163,4,0,0
BRDA:163,4,1,0
BRDA:170,5,0,0
BRDA:170,5,1,0
BRF:12
BRH:0
end_of_record
TN:
SF:components\Settings\SettingItem.tsx
FN:25,(anonymous_0)
FN:29,(anonymous_1)
FN:42,(anonymous_2)
FN:94,(anonymous_3)
FN:95,(anonymous_4)
FN:97,(anonymous_5)
FN:100,(anonymous_6)
FN:101,(anonymous_7)
FN:102,(anonymous_8)
FN:105,(anonymous_9)
FN:110,(anonymous_10)
FN:115,(anonymous_11)
FN:120,(anonymous_12)
FN:132,(anonymous_13)
FN:134,(anonymous_14)
FN:134,(anonymous_15)
FN:148,(anonymous_16)
FN:162,(anonymous_17)
FN:177,(anonymous_18)
FN:192,(anonymous_19)
FN:207,(anonymous_20)
FNF:21
FNH:0
FNDA:0,(anonymous_0)
FNDA:0,(anonymous_1)
FNDA:0,(anonymous_2)
FNDA:0,(anonymous_3)
FNDA:0,(anonymous_4)
FNDA:0,(anonymous_5)
FNDA:0,(anonymous_6)
FNDA:0,(anonymous_7)
FNDA:0,(anonymous_8)
FNDA:0,(anonymous_9)
FNDA:0,(anonymous_10)
FNDA:0,(anonymous_11)
FNDA:0,(anonymous_12)
FNDA:0,(anonymous_13)
FNDA:0,(anonymous_14)
FNDA:0,(anonymous_15)
FNDA:0,(anonymous_16)
FNDA:0,(anonymous_17)
FNDA:0,(anonymous_18)
FNDA:0,(anonymous_19)
FNDA:0,(anonymous_20)
DA:25,0
DA:28,0
DA:29,0
DA:33,0
DA:37,0
DA:39,0
DA:41,0
DA:42,0
DA:94,0
DA:95,0
DA:96,0
DA:97,0
DA:100,0
DA:101,0
DA:102,0
DA:104,0
DA:105,0
DA:109,0
DA:110,0
DA:114,0
DA:115,0
DA:119,0
DA:120,0
DA:124,0
DA:126,0
DA:132,0
DA:134,0
DA:140,0
DA:148,0
DA:154,0
DA:162,0
DA:169,0
DA:177,0
DA:184,0
DA:192,0
DA:199,0
DA:207,0
DA:214,0
DA:232,0
LF:39
LH:0
BRDA:124,0,0,0
BRDA:124,0,1,0
BRDA:124,0,2,0
BRDA:124,0,3,0
BRDA:124,0,4,0
BRDA:124,0,5,0
BRDA:124,0,6,0
BRDA:124,0,7,0
BRF:8
BRH:0
end_of_record
TN:
SF:components\Settings\Settings.tsx
FN:19,(anonymous_0)
FN:20,(anonymous_1)
FN:30,(anonymous_2)
FNF:3
FNH:0
FNDA:0,(anonymous_0)
FNDA:0,(anonymous_1)
FNDA:0,(anonymous_2)
DA:9,0
DA:19,0
DA:20,0
DA:30,0
DA:31,0
DA:34,0
LF:6
LH:0
BRF:0
BRH:0
end_of_record
TN:
SF:components\Utils\BottomBar.tsx
FN:41,(anonymous_0)
FN:50,(anonymous_1)
FN:51,(anonymous_2)
FN:54,(anonymous_3)
FNF:4
FNH:4
FNDA:7,(anonymous_0)
FNDA:2,(anonymous_1)
FNDA:1,(anonymous_2)
FNDA:7,(anonymous_3)
DA:17,1
DA:41,1
DA:44,7
DA:46,7
DA:48,7
DA:50,7
DA:51,7
DA:53,7
DA:54,7
DA:58,7
DA:59,6
DA:106,1
LF:12
LH:12
BRDA:54,0,0,1
BRDA:54,0,1,6
BRDA:58,1,0,6
BRDA:58,1,1,1
BRDA:68,2,0,5
BRDA:68,2,1,1
BRDA:74,3,0,5
BRDA:74,3,1,1
BRDA:88,4,0,1
BRDA:88,4,1,5
BRDA:94,5,0,1
BRDA:94,5,1,5
BRF:12
BRH:12
end_of_record
TN:
SF:components\Utils\CryptoCurrencyIconsMap.tsx
FNF:0
FNH:0
DA:9,16
LF:1
LH:1
BRF:0
BRH:0
end_of_record
TN:
SF:components\Utils\CryptoIcon.tsx
FN:27,(anonymous_0)
FNF:1
FNH:1
FNDA:8,(anonymous_0)
DA:9,3
DA:27,3
DA:32,8
LF:3
LH:3
BRDA:35,0,0,8
BRDA:35,0,1,1
BRDA:36,1,0,8
BRDA:36,1,1,8
BRDA:40,2,0,8
BRDA:40,2,1,8
BRF:6
BRH:6
end_of_record
TN:
SF:components\Utils\Layout.tsx
FN:32,(anonymous_0)
FN:43,(anonymous_1)
FN:75,(anonymous_2)
FN:76,(anonymous_3)
FN:82,(anonymous_4)
FNF:5
FNH:0
FNDA:0,(anonymous_0)
FNDA:0,(anonymous_1)
FNDA:0,(anonymous_2)
FNDA:0,(anonymous_3)
FNDA:0,(anonymous_4)
DA:22,0
DA:32,0
DA:33,0
DA:37,0
DA:39,0
DA:43,0
DA:44,0
DA:46,0
DA:50,0
DA:54,0
DA:58,0
DA:59,0
DA:64,0
DA:65,0
DA:69,0
DA:75,0
DA:76,0
DA:78,0
DA:82,0
DA:85,0
DA:88,0
DA:89,0
DA:92,0
LF:23
LH:0
BRDA:44,0,0,0
BRDA:44,0,1,0
BRDA:44,0,2,0
BRDA:44,0,3,0
BRDA:44,0,4,0
BRDA:58,1,0,0
BRDA:58,1,1,0
BRDA:88,2,0,0
BRDA:88,2,1,0
BRF:9
BRH:0
end_of_record
TN:
SF:components\Utils\MultilineTooltip.tsx
FN:21,(anonymous_0)
FN:33,(anonymous_1)
FN:39,(anonymous_2)
FN:44,(anonymous_3)
FN:49,(anonymous_4)
FN:54,(anonymous_5)
FNF:6
FNH:0
FNDA:0,(anonymous_0)
FNDA:0,(anonymous_1)
FNDA:0,(anonymous_2)
FNDA:0,(anonymous_3)
FNDA:0,(anonymous_4)
FNDA:0,(anonymous_5)
DA:21,0
DA:30,0
DA:32,0
DA:33,0
DA:38,0
DA:39,0
DA:43,0
DA:44,0
DA:48,0
DA:49,0
DA:53,0
DA:54,0
DA:59,0
LF:13
LH:0
BRDA:39,0,0,0
BRDA:39,0,1,0
BRDA:44,1,0,0
BRDA:44,1,1,0
BRDA:49,2,0,0
BRDA:49,2,1,0
BRDA:54,3,0,0
BRDA:54,3,1,0
BRDA:62,4,0,0
BRDA:62,4,1,0
BRDA:67,5,0,0
BRDA:67,5,1,0
BRDA:71,6,0,0
BRDA:71,6,1,0
BRF:14
BRH:0
end_of_record
TN:
SF:components\Utils\Selector.tsx
FN:41,(anonymous_0)
FN:52,(anonymous_1)
FN:59,(anonymous_2)
FNF:3
FNH:3
FNDA:3,(anonymous_0)
FNDA:6,(anonymous_1)
FNDA:2,(anonymous_2)
DA:9,1
DA:41,1
DA:48,3
DA:50,3
DA:53,6
DA:59,2
LF:6
LH:6
BRDA:54,0,0,6
BRDA:54,0,1,4
BRDA:57,1,0,3
BRDA:57,1,1,3
BRDA:64,2,0,3
BRDA:64,2,1,3
BRDA:67,3,0,6
BRDA:67,3,1,4
BRF:8
BRH:8
end_of_record
TN:
SF:components\Utils\Tile.tsx
FN:62,(anonymous_0)
FN:74,(anonymous_1)
FN:90,(anonymous_2)
FNF:3
FNH:3
FNDA:19,(anonymous_0)
FNDA:19,(anonymous_1)
FNDA:19,(anonymous_2)
DA:18,2
DA:45,2
DA:62,2
DA:71,19
DA:73,19
DA:75,19
DA:77,5
DA:79,7
DA:83,7
DA:89,19
DA:91,19
DA:93,5
DA:95,7
DA:99,7
DA:105,19
LF:15
LH:15
BRDA:75,0,0,5
BRDA:75,0,1,7
BRDA:75,0,2,6
BRDA:75,0,3,7
BRDA:75,0,4,7
BRDA:91,1,0,5
BRDA:91,1,1,7
BRDA:91,1,2,6
BRDA:91,1,3,7
BRDA:91,1,4,7
BRDA:107,2,0,19
BRDA:107,2,1,19
BRDA:111,3,0,3
BRDA:111,3,1,16
BRDA:117,4,0,12
BRDA:117,4,1,7
BRF:16
BRH:16
end_of_record
TN:
SF:components\Utils\Topbar.tsx
FN:21,(anonymous_0)
FN:30,(anonymous_1)
FN:64,(anonymous_2)
FN:70,(anonymous_3)
FN:71,(anonymous_4)
FN:73,(anonymous_5)
FN:82,(anonymous_6)
FN:93,(anonymous_7)
FN:98,(anonymous_8)
FN:103,(anonymous_9)
FN:143,(anonymous_10)
FNF:11
FNH:9
FNDA:7,(anonymous_0)
FNDA:7,(anonymous_1)
FNDA:7,(anonymous_2)
FNDA:0,(anonymous_3)
FNDA:0,(anonymous_4)
FNDA:2,(anonymous_5)
FNDA:1,(anonymous_6)
FNDA:7,(anonymous_7)
FNDA:7,(anonymous_8)
FNDA:7,(anonymous_9)
FNDA:7,(anonymous_10)
DA:21,1
DA:24,7
DA:26,7
DA:28,7
DA:30,7
DA:64,7
DA:68,7
DA:70,7
DA:71,7
DA:73,7
DA:74,2
DA:76,2
DA:78,2
DA:81,2
DA:82,1
DA:83,1
DA:85,1
DA:86,1
DA:89,2
DA:92,7
DA:93,7
DA:97,7
DA:98,7
DA:102,7
DA:104,7
DA:105,3
DA:117,4
DA:118,1
DA:131,3
DA:142,7
DA:144,7
DA:145,3
DA:174,4
DA:175,1
DA:178,3
DA:194,7
LF:36
LH:36
BRDA:74,0,0,0
BRDA:74,0,1,2
BRDA:78,1,0,2
BRDA:78,1,1,0
BRDA:81,2,0,1
BRDA:81,2,1,1
BRDA:93,3,0,7
BRDA:93,3,1,3
BRDA:98,4,0,7
BRDA:98,4,1,0
BRDA:104,5,0,3
BRDA:104,5,1,4
BRDA:117,6,0,1
BRDA:117,6,1,3
BRDA:144,7,0,3
BRDA:144,7,1,4
BRDA:154,8,0,1
BRDA:154,8,1,2
BRDA:156,9,0,1
BRDA:156,9,1,2
BRDA:174,10,0,1
BRDA:174,10,1,3
BRDA:198,11,0,3
BRDA:198,11,1,4
BRF:24
BRH:21
end_of_record
TN:
SF:components\Wallet\Wallet.tsx
FN:67,(anonymous_0)
FN:74,(anonymous_1)
FN:75,(anonymous_2)
FN:76,(anonymous_3)
FN:88,(anonymous_4)
FN:91,(anonymous_5)
FN:93,(anonymous_6)
FN:96,(anonymous_7)
FN:99,(anonymous_8)
FN:100,(anonymous_9)
FN:106,(anonymous_10)
FN:110,(anonymous_11)
FN:115,(anonymous_12)
FN:117,(anonymous_13)
FN:118,(anonymous_14)
FN:127,(anonymous_15)
FN:128,(anonymous_16)
FN:131,(anonymous_17)
FN:141,(anonymous_18)
FN:148,(anonymous_19)
FN:158,(anonymous_20)
FN:164,(anonymous_21)
FN:167,(anonymous_22)
FN:177,(anonymous_23)
FN:178,(anonymous_24)
FN:179,(anonymous_25)
FN:185,(anonymous_26)
FN:186,(anonymous_27)
FN:190,(anonymous_28)
FN:191,(anonymous_29)
FN:205,(anonymous_30)
FN:213,(anonymous_31)
FN:215,(anonymous_32)
FN:223,(anonymous_33)
FN:230,(anonymous_34)
FNF:35
FNH:0
FNDA:0,(anonymous_0)
FNDA:0,(anonymous_1)
FNDA:0,(anonymous_2)
FNDA:0,(anonymous_3)
FNDA:0,(anonymous_4)
FNDA:0,(anonymous_5)
FNDA:0,(anonymous_6)
FNDA:0,(anonymous_7)
FNDA:0,(anonymous_8)
FNDA:0,(anonymous_9)
FNDA:0,(anonymous_10)
FNDA:0,(anonymous_11)
FNDA:0,(anonymous_12)
FNDA:0,(anonymous_13)
FNDA:0,(anonymous_14)
FNDA:0,(anonymous_15)
FNDA:0,(anonymous_16)
FNDA:0,(anonymous_17)
FNDA:0,(anonymous_18)
FNDA:0,(anonymous_19)
FNDA:0,(anonymous_20)
FNDA:0,(anonymous_21)
FNDA:0,(anonymous_22)
FNDA:0,(anonymous_23)
FNDA:0,(anonymous_24)
FNDA:0,(anonymous_25)
FNDA:0,(anonymous_26)
FNDA:0,(anonymous_27)
FNDA:0,(anonymous_28)
FNDA:0,(anonymous_29)
FNDA:0,(anonymous_30)
FNDA:0,(anonymous_31)
FNDA:0,(anonymous_32)
FNDA:0,(anonymous_33)
FNDA:0,(anonymous_34)
DA:25,0
DA:67,0
DA:70,0
DA:72,0
DA:74,0
DA:75,0
DA:76,0
DA:77,0
DA:80,0
DA:82,0
DA:83,0
DA:84,0
DA:86,0
DA:88,0
DA:90,0
DA:91,0
DA:93,0
DA:95,0
DA:96,0
DA:98,0
DA:99,0
DA:100,0
DA:105,0
DA:106,0
DA:110,0
DA:111,0
DA:112,0
DA:115,0
DA:116,0
DA:117,0
DA:118,0
DA:123,0
DA:127,0
DA:128,0
DA:130,0
DA:131,0
DA:134,0
DA:136,0
DA:140,0
DA:141,0
DA:147,0
DA:149,0
DA:150,0
DA:151,0
DA:158,0
DA:159,0
DA:160,0
DA:162,0
DA:163,0
DA:164,0
DA:166,0
DA:167,0
DA:170,0
DA:172,0
DA:173,0
DA:177,0
DA:178,0
DA:179,0
DA:181,0
DA:185,0
DA:186,0
DA:189,0
DA:191,0
DA:192,0
DA:198,0
DA:206,0
DA:213,0
DA:216,0
DA:223,0
DA:230,0
LF:70
LH:0
BRDA:93,0,0,0
BRDA:93,0,1,0
BRDA:117,1,0,0
BRDA:117,1,1,0
BRDA:117,2,0,0
BRDA:117,2,1,0
BRDA:128,3,0,0
BRDA:128,3,1,0
BRDA:141,4,0,0
BRDA:141,4,1,0
BRDA:141,4,2,0
BRDA:148,5,0,0
BRDA:148,6,0,0
BRDA:150,7,0,0
BRDA:150,7,1,0
BRDA:159,8,0,0
BRDA:159,8,1,0
BRDA:159,9,0,0
BRDA:159,9,1,0
BRDA:159,9,2,0
BRDA:162,10,0,0
BRDA:162,10,1,0
BRDA:163,11,0,0
BRDA:163,11,1,0
BRDA:163,12,0,0
BRDA:163,12,1,0
BRF:26
BRH:0
end_of_record
TN:
SF:components\Wallet\WalletListItem.tsx
FN:33,(anonymous_0)
FN:42,(anonymous_1)
FN:42,(anonymous_2)
FN:47,(anonymous_3)
FN:51,(anonymous_4)
FN:142,(anonymous_5)
FN:152,(anonymous_6)
FN:156,(anonymous_7)
FN:160,(anonymous_8)
FN:161,(anonymous_9)
FN:164,(anonymous_10)
FN:170,(anonymous_11)
FN:206,(anonymous_12)
FNF:13
FNH:13
FNDA:8,(anonymous_0)
FNDA:5,(anonymous_1)
FNDA:5,(anonymous_2)
FNDA:5,(anonymous_3)
FNDA:5,(anonymous_4)
FNDA:5,(anonymous_5)
FNDA:5,(anonymous_6)
FNDA:5,(anonymous_7)
FNDA:1,(anonymous_8)
FNDA:1,(anonymous_9)
FNDA:1,(anonymous_10)
FNDA:5,(anonymous_11)
FNDA:3,(anonymous_12)
DA:33,1
DA:39,8
DA:41,8
DA:42,5
DA:46,8
DA:47,5
DA:51,8
DA:138,8
DA:140,8
DA:142,8
DA:146,8
DA:148,8
DA:151,8
DA:152,5
DA:155,8
DA:156,5
DA:160,8
DA:161,8
DA:163,8
DA:164,1
DA:169,8
DA:170,5
DA:174,8
DA:175,1
DA:199,7
DA:200,1
DA:204,6
DA:206,3
LF:28
LH:28
BRDA:42,0,0,5
BRDA:42,0,1,0
BRDA:92,1,0,5
BRDA:92,1,1,0
BRDA:152,2,0,3
BRDA:152,2,1,2
BRDA:156,3,0,3
BRDA:156,3,1,2
BRDA:174,4,0,1
BRDA:174,4,1,7
BRDA:199,5,0,1
BRDA:199,5,1,6
BRF:12
BRH:10
end_of_record
TN:
SF:components\Wallet\WalletModal.tsx
FN:26,(anonymous_0)
FN:41,(anonymous_1)
FN:110,(anonymous_2)
FN:111,(anonymous_3)
FNF:4
FNH:4
FNDA:3,(anonymous_0)
FNDA:3,(anonymous_1)
FNDA:3,(anonymous_2)
FNDA:6,(anonymous_3)
DA:26,1
DA:37,3
DA:39,3
DA:41,3
DA:109,3
DA:110,3
DA:111,6
DA:116,3
LF:8
LH:8
BRDA:140,0,0,3
BRDA:140,0,1,0
BRDA:152,1,0,3
BRDA:152,1,1,3
BRDA:174,2,0,3
BRDA:174,2,1,0
BRF:6
BRH:4
end_of_record
TN:
SF:components\testUtils\bootstrap.tsx
FN:18,(anonymous_0)
FN:36,(anonymous_1)
FN:38,(anonymous_2)
FN:41,(anonymous_3)
FN:44,(anonymous_4)
FN:50,(anonymous_5)
FNF:6
FNH:6
FNDA:50,(anonymous_0)
FNDA:50,(anonymous_1)
FNDA:15,(anonymous_2)
FNDA:1,(anonymous_3)
FNDA:15,(anonymous_4)
FNDA:11,(anonymous_5)
DA:16,15
DA:18,15
DA:19,50
DA:36,50
DA:38,15
DA:39,15
DA:41,15
DA:44,15
DA:45,15
DA:46,15
DA:49,15
DA:50,15
LF:12
LH:12
BRF:0
BRH:0
end_of_record
TN:
SF:components\testUtils\consoleMocker.ts
FN:9,(anonymous_0)
FN:11,(anonymous_1)
FN:14,(anonymous_2)
FN:26,(anonymous_3)
FNF:4
FNH:4
FNDA:15,(anonymous_0)
FNDA:2,(anonymous_1)
FNDA:2,(anonymous_2)
FNDA:15,(anonymous_3)
DA:2,15
DA:10,15
DA:11,15
DA:12,2
DA:14,2
DA:15,2
DA:16,0
DA:20,2
DA:21,2
DA:27,15
DA:28,15
LF:11
LH:10
BRDA:15,0,0,0
BRDA:15,0,1,2
BRDA:20,1,0,2
BRDA:20,1,1,0
BRDA:27,2,0,15
BRDA:27,2,1,0
BRF:6
BRH:3
end_of_record
TN:
SF:contexts\NavigationProvider.tsx
FN:34,(anonymous_0)
FN:48,(anonymous_1)
FN:62,(anonymous_2)
FN:70,(anonymous_3)
FN:72,(anonymous_4)
FN:75,(anonymous_5)
FN:84,(anonymous_6)
FNF:7
FNH:5
FNDA:50,(anonymous_0)
FNDA:0,(anonymous_1)
FNDA:0,(anonymous_2)
FNDA:50,(anonymous_3)
FNDA:36,(anonymous_4)
FNDA:50,(anonymous_5)
FNDA:50,(anonymous_6)
DA:21,15
DA:34,15
DA:35,50
DA:37,50
DA:39,50
DA:42,50
DA:45,50
DA:46,50
DA:48,50
DA:49,0
DA:52,0
DA:54,0
DA:56,0
DA:57,0
DA:58,0
DA:62,50
DA:63,0
DA:64,0
DA:65,0
DA:67,0
DA:70,50
DA:71,50
DA:72,50
DA:75,50
DA:84,50
DA:85,50
DA:88,50
LF:27
LH:17
BRDA:48,0,0,0
BRDA:49,1,0,0
BRDA:49,1,1,0
BRDA:52,2,0,0
BRDA:52,2,1,0
BRDA:57,3,0,0
BRDA:57,3,1,0
BRDA:63,4,0,0
BRDA:63,4,1,0
BRDA:64,5,0,0
BRDA:64,5,1,0
BRF:11
BRH:0
end_of_record
TN:
SF:contexts\SettingsProvider.tsx
FN:18,(anonymous_0)
FN:25,(anonymous_1)
FN:26,(anonymous_2)
FN:37,(anonymous_3)
FN:39,(anonymous_4)
FN:47,(anonymous_5)
FNF:6
FNH:6
FNDA:4,(anonymous_0)
FNDA:1,(anonymous_1)
FNDA:1,(anonymous_2)
FNDA:1,(anonymous_3)
FNDA:1,(anonymous_4)
FNDA:3,(anonymous_5)
DA:9,15
DA:18,15
DA:21,4
DA:22,4
DA:24,4
DA:26,1
DA:27,1
DA:28,1
DA:29,1
DA:31,1
DA:36,4
DA:38,1
DA:39,1
DA:47,4
DA:52,4
DA:53,2
DA:56,2
LF:17
LH:17
BRDA:52,0,0,2
BRDA:52,0,1,2
BRF:2
BRH:2
end_of_record
TN:
SF:contexts\ThemeProvider.tsx
FN:46,(anonymous_0)
FN:51,(anonymous_1)
FN:78,(anonymous_2)
FN:82,(anonymous_3)
FN:85,(anonymous_4)
FN:90,(anonymous_5)
FN:95,(anonymous_6)
FNF:7
FNH:7
FNDA:24,(anonymous_0)
FNDA:14,(anonymous_1)
FNDA:52,(anonymous_2)
FNDA:52,(anonymous_3)
FNDA:18,(anonymous_4)
FNDA:8,(anonymous_5)
FNDA:52,(anonymous_6)
DA:18,15
DA:37,15
DA:46,15
DA:47,24
DA:48,24
DA:51,15
DA:52,14
DA:53,14
DA:59,14
DA:60,4
DA:63,10
DA:66,10
DA:67,2
DA:71,8
DA:72,2
DA:75,6
DA:78,15
DA:81,52
DA:82,52
DA:84,52
DA:85,18
DA:89,52
DA:90,8
DA:94,52
DA:95,52
DA:103,52
LF:26
LH:26
BRDA:46,0,0,0
BRDA:47,1,0,18
BRDA:47,1,1,6
BRDA:48,2,0,0
BRDA:48,2,1,24
BRDA:52,3,0,14
BRDA:52,3,1,0
BRDA:53,4,0,10
BRDA:53,4,1,4
BRDA:59,5,0,4
BRDA:59,5,1,10
BRDA:66,6,0,2
BRDA:66,6,1,8
BRDA:66,7,0,10
BRDA:66,7,1,4
BRDA:67,8,0,2
BRDA:67,8,1,0
BRDA:71,9,0,2
BRDA:71,9,1,6
BRDA:71,10,0,8
BRDA:71,10,1,6
BRDA:72,11,0,2
BRDA:72,11,1,0
BRDA:85,12,0,9
BRF:24
BRH:19
end_of_record
TN:
SF:contexts\TranslationProvider.tsx
FN:15,(anonymous_0)
FN:19,(anonymous_1)
FN:22,(anonymous_2)
FNF:3
FNH:3
FNDA:50,(anonymous_0)
FNDA:50,(anonymous_1)
FNDA:50,(anonymous_2)
DA:9,15
DA:15,15
DA:18,50
DA:19,50
DA:21,50
DA:22,50
DA:26,50
LF:7
LH:7
BRF:0
BRH:0
end_of_record
TN:
SF:models\CandleGranularity.ts
FN:15,(anonymous_0)
FN:18,(anonymous_1)
FN:24,(anonymous_2)
FN:27,(anonymous_3)
FN:33,(anonymous_4)
FN:36,(anonymous_5)
FN:42,(anonymous_6)
FN:45,(anonymous_7)
FN:51,(anonymous_8)
FN:54,(anonymous_9)
FN:60,(anonymous_10)
FN:63,(anonymous_11)
FNF:12
FNH:12
FNDA:1,(anonymous_0)
FNDA:1,(anonymous_1)
FNDA:1,(anonymous_2)
FNDA:1,(anonymous_3)
FNDA:1,(anonymous_4)
FNDA:1,(anonymous_5)
FNDA:1,(anonymous_6)
FNDA:1,(anonymous_7)
FNDA:1,(anonymous_8)
FNDA:1,(anonymous_9)
FNDA:1,(anonymous_10)
FNDA:1,(anonymous_11)
DA:3,2
DA:12,2
DA:16,1
DA:19,1
DA:25,1
DA:28,1
DA:34,1
DA:37,1
DA:43,1
DA:46,1
DA:52,1
DA:55,1
DA:61,1
DA:64,1
LF:14
LH:14
BRF:0
BRH:0
end_of_record
TN:
SF:models\Crypto.ts
FNF:0
FNH:0
LF:0
LH:0
BRF:0
BRH:0
end_of_record
TN:
SF:models\DarkMode.ts
FNF:0
FNH:0
DA:3,0
LF:1
LH:0
BRF:0
BRH:0
end_of_record
TN:
SF:models\DateFormat.ts
FNF:0
FNH:0
DA:5,16
LF:1
LH:1
BRF:0
BRH:0
end_of_record
TN:
SF:models\ExhangeRates.ts
FNF:0
FNH:0
LF:0
LH:0
BRF:0
BRH:0
end_of_record
TN:
SF:models\GraphMode.ts
FNF:0
FNH:0
DA:4,0
LF:1
LH:0
BRF:0
BRH:0
end_of_record
TN:
SF:models\Price.ts
FNF:0
FNH:0
LF:0
LH:0
BRF:0
BRH:0
end_of_record
TN:
SF:models\QuoteType.ts
FNF:0
FNH:0
DA:4,0
LF:1
LH:0
BRF:0
BRH:0
end_of_record
TN:
SF:models\SettingType.ts
FNF:0
FNH:0
LF:0
LH:0
BRF:0
BRH:0
end_of_record
TN:
SF:models\SettingsType.ts
FN:29,(anonymous_0)
FNF:1
FNH:1
FNDA:128,(anonymous_0)
DA:18,16
DA:29,128
LF:2
LH:2
BRF:0
BRH:0
end_of_record
TN:
SF:models\ShowOtherAssets.ts
FNF:0
FNH:0
DA:4,0
LF:1
LH:0
BRF:0
BRH:0
end_of_record
TN:
SF:models\Stats.ts
FNF:0
FNH:0
LF:0
LH:0
BRF:0
BRH:0
end_of_record
TN:
SF:models\Tabs.ts
FNF:0
FNH:0
DA:3,15
LF:1
LH:1
BRF:0
BRH:0
end_of_record
TN:
SF:models\TranslationType.ts
FNF:0
FNH:0
LF:0
LH:0
BRF:0
BRH:0
end_of_record
TN:
SF:models\WalletItem.ts
FNF:0
FNH:0
LF:0
LH:0
BRF:0
BRH:0
end_of_record
TN:
SF:services\Color.service.ts
FN:6,(anonymous_0)
FN:20,(anonymous_1)
FN:24,(anonymous_2)
FNF:3
FNH:3
FNDA:7,(anonymous_0)
FNDA:11,(anonymous_1)
FNDA:10,(anonymous_2)
DA:4,16
DA:8,7
DA:9,4
DA:10,4
DA:11,2
DA:13,4
DA:15,4
DA:17,3
DA:21,11
DA:26,10
DA:28,10
DA:30,10
DA:32,10
DA:33,8
DA:36,10
DA:38,10
DA:39,9
DA:42,10
DA:44,10
DA:45,9
DA:48,10
LF:21
LH:21
BRDA:8,0,0,4
BRDA:8,0,1,3
BRDA:10,1,0,2
BRDA:10,1,1,2
BRDA:21,2,0,11
BRDA:21,2,1,3
BRDA:32,3,0,2
BRDA:32,3,1,8
BRDA:33,4,0,1
BRDA:33,4,1,7
BRDA:38,5,0,1
BRDA:38,5,1,9
BRDA:39,6,0,1
BRDA:39,6,1,8
BRDA:44,7,0,1
BRDA:44,7,1,9
BRDA:45,8,0,1
BRDA:45,8,1,8
BRF:18
BRH:18
end_of_record
TN:
SF:services\DateTime.service.ts
FN:5,(anonymous_0)
FN:9,(anonymous_1)
FNF:2
FNH:2
FNDA:2,(anonymous_0)
FNDA:3,(anonymous_1)
DA:3,1
DA:6,2
DA:10,3
LF:3
LH:3
BRF:0
BRH:0
end_of_record
TN:
SF:services\Logger.service.ts
FN:3,(anonymous_0)
FN:4,(anonymous_1)
FN:5,(anonymous_2)
FNF:3
FNH:3
FNDA:1,(anonymous_0)
FNDA:1,(anonymous_1)
FNDA:1,(anonymous_2)
DA:2,1
DA:3,1
DA:4,1
DA:5,1
LF:4
LH:4
BRF:0
BRH:0
end_of_record
TN:
SF:services\Network.service.ts
FN:12,(anonymous_0)
FN:14,(anonymous_1)
FN:16,(anonymous_2)
FN:18,(anonymous_3)
FN:21,(anonymous_4)
FN:23,(anonymous_5)
FN:26,(anonymous_6)
FN:28,(anonymous_7)
FN:30,(anonymous_8)
FN:32,(anonymous_9)
FN:35,(anonymous_10)
FN:42,(anonymous_11)
FNF:12
FNH:12
FNDA:1,(anonymous_0)
FNDA:1,(anonymous_1)
FNDA:1,(anonymous_2)
FNDA:1,(anonymous_3)
FNDA:1,(anonymous_4)
FNDA:1,(anonymous_5)
FNDA:1,(anonymous_6)
FNDA:1,(anonymous_7)
FNDA:1,(anonymous_8)
FNDA:1,(anonymous_9)
FNDA:1,(anonymous_10)
FNDA:1,(anonymous_11)
DA:7,1
DA:8,1
DA:11,1
DA:13,1
DA:14,1
DA:17,1
DA:18,1
DA:22,1
DA:23,1
DA:27,1
DA:28,1
DA:31,1
DA:32,1
DA:40,1
DA:41,1
DA:42,1
LF:16
LH:16
BRF:0
BRH:0
end_of_record
TN:
SF:services\Settings.service.ts
FN:6,(anonymous_0)
FN:13,(anonymous_1)
FN:20,(anonymous_2)
FN:23,(anonymous_3)
FN:26,(anonymous_4)
FNF:5
FNH:5
FNDA:11,(anonymous_0)
FNDA:2,(anonymous_1)
FNDA:1,(anonymous_2)
FNDA:8,(anonymous_3)
FNDA:8,(anonymous_4)
DA:5,16
DA:7,11
DA:8,11
DA:9,4
DA:11,7
DA:16,2
DA:21,1
DA:23,8
DA:26,8
LF:9
LH:9
BRDA:8,0,0,4
BRDA:8,0,1,7
BRDA:9,1,0,2
BRDA:9,1,1,2
BRDA:18,2,0,1
BRDA:18,2,1,1
BRF:6
BRH:6
end_of_record
TN:
SF:services\Storage.service.ts
FN:6,(anonymous_0)
FN:10,(anonymous_1)
FNF:2
FNH:2
FNDA:1,(anonymous_0)
FNDA:1,(anonymous_1)
DA:4,17
DA:7,1
DA:11,1
LF:3
LH:3
BRF:0
BRH:0
end_of_record
TN:
SF:services\Translation.service.ts
FN:12,(anonymous_0)
FNF:1
FNH:1
FNDA:54,(anonymous_0)
DA:6,16
DA:11,16
DA:12,54
LF:3
LH:3
BRF:0
BRH:0
end_of_record
TN:
SF:services\Utils.service.ts
FN:4,(anonymous_0)
FN:10,(anonymous_1)
FN:14,(anonymous_2)
FN:21,(anonymous_3)
FN:30,(anonymous_4)
FN:31,(anonymous_5)
FNF:6
FNH:6
FNDA:6,(anonymous_0)
FNDA:7,(anonymous_1)
FNDA:10,(anonymous_2)
FNDA:26,(anonymous_3)
FNDA:1,(anonymous_4)
FNDA:4,(anonymous_5)
DA:2,5
DA:5,6
DA:6,4
DA:7,2
DA:11,7
DA:15,10
DA:16,10
DA:17,5
DA:19,10
DA:22,26
DA:23,26
DA:24,11
DA:26,26
DA:31,1
DA:32,4
DA:33,2
DA:35,2
LF:17
LH:17
BRDA:5,0,0,2
BRDA:5,0,1,4
BRDA:6,1,0,2
BRDA:6,1,1,2
BRDA:14,2,0,6
BRDA:16,3,0,5
BRDA:16,3,1,5
BRDA:21,4,0,20
BRDA:23,5,0,11
BRDA:23,5,1,15
BRDA:26,6,0,7
BRDA:26,6,1,19
BRDA:32,7,0,2
BRDA:32,7,1,2
BRDA:32,8,0,4
BRDA:32,8,1,3
BRF:16
BRH:16
end_of_record
