TN:
SF:App.tsx
FN:5,(anonymous_0)
FNF:1
FNH:0
FNDA:0,(anonymous_0)
DA:5,0
DA:6,0
LF:2
LH:0
BRF:0
BRH:0
end_of_record
TN:
SF:AppProviders.tsx
FN:11,(anonymous_0)
FNF:1
FNH:0
FNDA:0,(anonymous_0)
DA:11,0
DA:14,0
LF:2
LH:0
BRF:0
BRH:0
end_of_record
TN:
SF:constants.ts
FNF:0
FNH:0
DA:1,2
LF:1
LH:1
BRF:0
BRH:0
end_of_record
TN:
SF:assets\Colors.ts
FNF:0
FNH:0
DA:2,2
LF:1
LH:1
BRF:0
BRH:0
end_of_record
TN:
SF:assets\fonts\baseIcons\CryptoViewerIconsMap.ts
FNF:0
FNH:0
DA:1,1
LF:1
LH:1
BRF:0
BRH:0
end_of_record
TN:
SF:assets\translations\TranslationUtils.ts
FNF:0
FNH:0
DA:9,2
DA:18,2
LF:2
LH:2
BRF:0
BRH:0
end_of_record
TN:
SF:assets\translations\en.ts
FNF:0
FNH:0
DA:3,2
LF:1
LH:1
BRF:0
BRH:0
end_of_record
TN:
SF:assets\translations\fr.ts
FNF:0
FNH:0
DA:3,2
LF:1
LH:1
BRF:0
BRH:0
end_of_record
TN:
SF:components\PassThroughComponents.tsx
FNF:0
FNH:0
DA:4,2
LF:1
LH:1
BRF:0
BRH:0
end_of_record
TN:
SF:components\CryptoDetails\CryptoDailyRate.tsx
FN:14,(anonymous_0)
FN:18,(anonymous_1)
FNF:2
FNH:0
FNDA:0,(anonymous_0)
FNDA:0,(anonymous_1)
DA:14,0
DA:17,0
DA:18,0
DA:61,0
LF:4
LH:0
BRDA:63,0,0,0
BRDA:63,0,1,0
BRDA:69,1,0,0
BRDA:69,1,1,0
BRDA:78,2,0,0
BRDA:78,2,1,0
BRF:6
BRH:0
end_of_record
TN:
SF:components\CryptoDetails\CryptoDescription.tsx
FN:19,(anonymous_0)
FN:29,(anonymous_1)
FN:34,(anonymous_2)
FN:39,(anonymous_3)
FN:82,(anonymous_4)
FNF:5
FNH:0
FNDA:0,(anonymous_0)
FNDA:0,(anonymous_1)
FNDA:0,(anonymous_2)
FNDA:0,(anonymous_3)
FNDA:0,(anonymous_4)
DA:19,0
DA:22,0
DA:24,0
DA:26,0
DA:28,0
DA:29,0
DA:33,0
DA:34,0
DA:38,0
DA:39,0
DA:81,0
DA:82,0
DA:86,0
DA:88,0
DA:91,0
LF:15
LH:0
BRDA:86,0,0,0
BRDA:86,0,1,0
BRDA:86,1,0,0
BRDA:86,1,1,0
BRDA:86,1,2,0
BRDA:97,2,0,0
BRDA:97,2,1,0
BRDA:99,3,0,0
BRDA:99,3,1,0
BRF:9
BRH:0
end_of_record
TN:
SF:components\CryptoDetails\CryptoDetailGraph.tsx
FN:33,(anonymous_0)
FN:44,(anonymous_1)
FN:45,(anonymous_2)
FN:46,(anonymous_3)
FN:55,(anonymous_4)
FN:60,(anonymous_5)
FN:65,(anonymous_6)
FN:89,(anonymous_7)
FN:104,(anonymous_8)
FN:114,(anonymous_9)
FN:114,(anonymous_10)
FN:149,(anonymous_11)
FN:170,(anonymous_12)
FNF:13
FNH:0
FNDA:0,(anonymous_0)
FNDA:0,(anonymous_1)
FNDA:0,(anonymous_2)
FNDA:0,(anonymous_3)
FNDA:0,(anonymous_4)
FNDA:0,(anonymous_5)
FNDA:0,(anonymous_6)
FNDA:0,(anonymous_7)
FNDA:0,(anonymous_8)
FNDA:0,(anonymous_9)
FNDA:0,(anonymous_10)
FNDA:0,(anonymous_11)
FNDA:0,(anonymous_12)
DA:33,0
DA:40,0
DA:42,0
DA:44,0
DA:45,0
DA:46,0
DA:50,0
DA:52,0
DA:54,0
DA:55,0
DA:59,0
DA:60,0
DA:64,0
DA:65,0
DA:89,0
DA:103,0
DA:105,0
DA:106,0
DA:108,0
DA:113,0
DA:114,0
DA:118,0
DA:119,0
DA:121,0
DA:122,0
DA:130,0
DA:149,0
DA:170,0
LF:28
LH:0
BRDA:105,0,0,0
BRDA:105,0,1,0
BRDA:105,1,0,0
BRDA:105,1,1,0
BRDA:114,2,0,0
BRDA:114,2,1,0
BRDA:114,3,0,0
BRDA:114,3,1,0
BRDA:118,4,0,0
BRDA:118,4,1,0
BRDA:121,5,0,0
BRDA:121,5,1,0
BRDA:136,6,0,0
BRDA:136,6,1,0
BRF:14
BRH:0
end_of_record
TN:
SF:components\CryptoDetails\CryptoDetailStats.tsx
FN:26,(anonymous_0)
FN:34,(anonymous_1)
FN:92,(anonymous_2)
FN:99,(anonymous_3)
FNF:4
FNH:0
FNDA:0,(anonymous_0)
FNDA:0,(anonymous_1)
FNDA:0,(anonymous_2)
FNDA:0,(anonymous_3)
DA:26,0
DA:31,0
DA:33,0
DA:34,0
DA:88,0
DA:90,0
DA:92,0
DA:96,0
DA:98,0
DA:99,0
DA:103,0
DA:104,0
DA:106,0
LF:13
LH:0
BRDA:103,0,0,0
BRDA:103,0,1,0
BRDA:103,1,0,0
BRDA:103,1,1,0
BRDA:112,2,0,0
BRDA:112,2,1,0
BRDA:131,3,0,0
BRDA:131,3,1,0
BRDA:150,4,0,0
BRDA:150,4,1,0
BRDA:177,5,0,0
BRDA:177,5,1,0
BRDA:187,6,0,0
BRDA:187,6,1,0
BRDA:197,7,0,0
BRDA:197,7,1,0
BRF:16
BRH:0
end_of_record
TN:
SF:components\CryptoDetails\CryptoDetails.tsx
FN:32,(anonymous_0)
FN:35,(anonymous_1)
FN:47,(anonymous_2)
FN:67,(anonymous_3)
FN:77,(anonymous_4)
FN:112,(anonymous_5)
FN:120,(anonymous_6)
FN:125,(anonymous_7)
FN:131,(anonymous_8)
FN:143,(anonymous_9)
FN:149,(anonymous_10)
FN:158,(anonymous_11)
FN:167,(anonymous_12)
FN:184,(anonymous_13)
FNF:14
FNH:0
FNDA:0,(anonymous_0)
FNDA:0,(anonymous_1)
FNDA:0,(anonymous_2)
FNDA:0,(anonymous_3)
FNDA:0,(anonymous_4)
FNDA:0,(anonymous_5)
FNDA:0,(anonymous_6)
FNDA:0,(anonymous_7)
FNDA:0,(anonymous_8)
FNDA:0,(anonymous_9)
FNDA:0,(anonymous_10)
FNDA:0,(anonymous_11)
FNDA:0,(anonymous_12)
FNDA:0,(anonymous_13)
DA:25,0
DA:32,0
DA:33,0
DA:35,0
DA:36,0
DA:46,0
DA:48,0
DA:49,0
DA:57,0
DA:67,0
DA:70,0
DA:74,0
DA:76,0
DA:77,0
DA:112,0
DA:114,0
DA:115,0
DA:116,0
DA:117,0
DA:118,0
DA:120,0
DA:121,0
DA:122,0
DA:124,0
DA:126,0
DA:127,0
DA:128,0
DA:130,0
DA:131,0
DA:133,0
DA:138,0
DA:143,0
DA:144,0
DA:145,0
DA:148,0
DA:150,0
DA:151,0
DA:157,0
DA:159,0
DA:160,0
DA:166,0
DA:169,0
DA:170,0
DA:172,0
DA:180,0
DA:183,0
DA:185,0
DA:186,0
DA:191,0
DA:192,0
DA:193,0
DA:196,0
LF:52
LH:0
BRDA:121,0,0,0
BRDA:121,0,1,0
BRDA:126,1,0,0
BRDA:126,1,1,0
BRDA:126,2,0,0
BRDA:126,2,1,0
BRDA:144,3,0,0
BRDA:144,3,1,0
BRDA:150,4,0,0
BRDA:150,4,1,0
BRDA:159,5,0,0
BRDA:159,5,1,0
BRDA:169,6,0,0
BRDA:169,6,1,0
BRDA:191,7,0,0
BRDA:191,7,1,0
BRF:16
BRH:0
end_of_record
TN:
SF:components\CryptoList\CryptoList.tsx
FN:23,(anonymous_0)
FN:32,(anonymous_1)
FN:50,(anonymous_2)
FN:52,(anonymous_3)
FN:55,(anonymous_4)
FN:62,(anonymous_5)
FN:66,(anonymous_6)
FN:68,(anonymous_7)
FN:72,(anonymous_8)
FN:77,(anonymous_9)
FN:88,(anonymous_10)
FN:89,(anonymous_11)
FN:93,(anonymous_12)
FN:94,(anonymous_13)
FN:99,(anonymous_14)
FN:110,(anonymous_15)
FN:131,(anonymous_16)
FN:145,(anonymous_17)
FN:159,(anonymous_18)
FNF:19
FNH:0
FNDA:0,(anonymous_0)
FNDA:0,(anonymous_1)
FNDA:0,(anonymous_2)
FNDA:0,(anonymous_3)
FNDA:0,(anonymous_4)
FNDA:0,(anonymous_5)
FNDA:0,(anonymous_6)
FNDA:0,(anonymous_7)
FNDA:0,(anonymous_8)
FNDA:0,(anonymous_9)
FNDA:0,(anonymous_10)
FNDA:0,(anonymous_11)
FNDA:0,(anonymous_12)
FNDA:0,(anonymous_13)
FNDA:0,(anonymous_14)
FNDA:0,(anonymous_15)
FNDA:0,(anonymous_16)
FNDA:0,(anonymous_17)
FNDA:0,(anonymous_18)
DA:23,0
DA:26,0
DA:28,0
DA:29,0
DA:31,0
DA:32,0
DA:50,0
DA:51,0
DA:52,0
DA:55,0
DA:57,0
DA:58,0
DA:59,0
DA:62,0
DA:63,0
DA:65,0
DA:66,0
DA:68,0
DA:71,0
DA:72,0
DA:74,0
DA:75,0
DA:77,0
DA:78,0
DA:79,0
DA:84,0
DA:88,0
DA:89,0
DA:90,0
DA:93,0
DA:94,0
DA:95,0
DA:98,0
DA:100,0
DA:102,0
DA:109,0
DA:110,0
DA:111,0
DA:113,0
DA:114,0
DA:115,0
DA:116,0
DA:117,0
DA:119,0
DA:123,0
DA:125,0
DA:130,0
DA:132,0
DA:133,0
DA:144,0
DA:146,0
DA:158,0
DA:159,0
DA:164,0
LF:54
LH:0
BRDA:68,0,0,0
BRDA:68,0,1,0
BRDA:78,1,0,0
BRDA:78,1,1,0
BRDA:100,2,0,0
BRDA:100,2,1,0
BRDA:102,3,0,0
BRDA:102,3,1,0
BRDA:106,4,0,0
BRDA:106,4,1,0
BRDA:109,5,0,0
BRDA:109,5,1,0
BRDA:110,6,0,0
BRDA:110,6,1,0
BRDA:114,7,0,0
BRDA:114,7,1,0
BRDA:116,8,0,0
BRDA:116,8,1,0
BRDA:132,9,0,0
BRDA:132,9,1,0
BRDA:146,10,0,0
BRDA:146,10,1,0
BRDA:159,11,0,0
BRDA:159,11,1,0
BRF:24
BRH:0
end_of_record
TN:
SF:components\CryptoList\CryptoListItem.tsx
FN:29,(anonymous_0)
FN:44,(anonymous_1)
FN:93,(anonymous_2)
FN:96,(anonymous_3)
FN:106,(anonymous_4)
FN:126,(anonymous_5)
FN:139,(anonymous_6)
FN:144,(anonymous_7)
FN:149,(anonymous_8)
FN:191,(anonymous_9)
FNF:10
FNH:0
FNDA:0,(anonymous_0)
FNDA:0,(anonymous_1)
FNDA:0,(anonymous_2)
FNDA:0,(anonymous_3)
FNDA:0,(anonymous_4)
FNDA:0,(anonymous_5)
FNDA:0,(anonymous_6)
FNDA:0,(anonymous_7)
FNDA:0,(anonymous_8)
FNDA:0,(anonymous_9)
DA:29,0
DA:35,0
DA:39,0
DA:41,0
DA:43,0
DA:44,0
DA:93,0
DA:95,0
DA:96,0
DA:101,0
DA:102,0
DA:104,0
DA:107,0
DA:108,0
DA:110,0
DA:126,0
DA:135,0
DA:138,0
DA:139,0
DA:143,0
DA:144,0
DA:148,0
DA:149,0
DA:170,0
DA:171,0
DA:190,0
DA:191,0
LF:27
LH:0
BRDA:101,0,0,0
BRDA:101,0,1,0
BRDA:108,1,0,0
BRDA:108,1,1,0
BRDA:130,2,0,0
BRDA:130,2,1,0
BRDA:139,3,0,0
BRDA:139,3,1,0
BRDA:163,4,0,0
BRDA:163,4,1,0
BRDA:170,5,0,0
BRDA:170,5,1,0
BRF:12
BRH:0
end_of_record
TN:
SF:components\Settings\SettingItem.tsx
FN:25,(anonymous_0)
FN:29,(anonymous_1)
FN:42,(anonymous_2)
FN:94,(anonymous_3)
FN:95,(anonymous_4)
FN:97,(anonymous_5)
FN:100,(anonymous_6)
FN:101,(anonymous_7)
FN:102,(anonymous_8)
FN:105,(anonymous_9)
FN:110,(anonymous_10)
FN:115,(anonymous_11)
FN:120,(anonymous_12)
FN:132,(anonymous_13)
FN:134,(anonymous_14)
FN:134,(anonymous_15)
FN:148,(anonymous_16)
FN:162,(anonymous_17)
FN:177,(anonymous_18)
FN:192,(anonymous_19)
FN:207,(anonymous_20)
FNF:21
FNH:0
FNDA:0,(anonymous_0)
FNDA:0,(anonymous_1)
FNDA:0,(anonymous_2)
FNDA:0,(anonymous_3)
FNDA:0,(anonymous_4)
FNDA:0,(anonymous_5)
FNDA:0,(anonymous_6)
FNDA:0,(anonymous_7)
FNDA:0,(anonymous_8)
FNDA:0,(anonymous_9)
FNDA:0,(anonymous_10)
FNDA:0,(anonymous_11)
FNDA:0,(anonymous_12)
FNDA:0,(anonymous_13)
FNDA:0,(anonymous_14)
FNDA:0,(anonymous_15)
FNDA:0,(anonymous_16)
FNDA:0,(anonymous_17)
FNDA:0,(anonymous_18)
FNDA:0,(anonymous_19)
FNDA:0,(anonymous_20)
DA:25,0
DA:28,0
DA:29,0
DA:33,0
DA:37,0
DA:39,0
DA:41,0
DA:42,0
DA:94,0
DA:95,0
DA:96,0
DA:97,0
DA:100,0
DA:101,0
DA:102,0
DA:104,0
DA:105,0
DA:109,0
DA:110,0
DA:114,0
DA:115,0
DA:119,0
DA:120,0
DA:124,0
DA:126,0
DA:132,0
DA:134,0
DA:140,0
DA:148,0
DA:154,0
DA:162,0
DA:169,0
DA:177,0
DA:184,0
DA:192,0
DA:199,0
DA:207,0
DA:214,0
DA:232,0
LF:39
LH:0
BRDA:124,0,0,0
BRDA:124,0,1,0
BRDA:124,0,2,0
BRDA:124,0,3,0
BRDA:124,0,4,0
BRDA:124,0,5,0
BRDA:124,0,6,0
BRDA:124,0,7,0
BRF:8
BRH:0
end_of_record
TN:
SF:components\Settings\Settings.tsx
FN:19,(anonymous_0)
FN:20,(anonymous_1)
FN:30,(anonymous_2)
FNF:3
FNH:0
FNDA:0,(anonymous_0)
FNDA:0,(anonymous_1)
FNDA:0,(anonymous_2)
DA:9,0
DA:19,0
DA:20,0
DA:30,0
DA:31,0
DA:34,0
LF:6
LH:0
BRF:0
BRH:0
end_of_record
TN:
SF:components\Utils\BottomBar.tsx
FN:41,(anonymous_0)
FN:50,(anonymous_1)
FN:51,(anonymous_2)
FN:54,(anonymous_3)
FNF:4
FNH:4
FNDA:7,(anonymous_0)
FNDA:2,(anonymous_1)
FNDA:1,(anonymous_2)
FNDA:7,(anonymous_3)
DA:17,1
DA:41,1
DA:44,7
DA:46,7
DA:48,7
DA:50,7
DA:51,7
DA:53,7
DA:54,7
DA:58,7
DA:59,6
DA:106,1
LF:12
LH:12
BRDA:54,0,0,1
BRDA:54,0,1,6
BRDA:58,1,0,6
BRDA:58,1,1,1
BRDA:68,2,0,5
BRDA:68,2,1,1
BRDA:74,3,0,5
BRDA:74,3,1,1
BRDA:88,4,0,1
BRDA:88,4,1,5
BRDA:94,5,0,1
BRDA:94,5,1,5
BRF:12
BRH:12
end_of_record
TN:
SF:components\Utils\CryptoCurrencyIconsMap.tsx
FNF:0
FNH:0
DA:9,2
LF:1
LH:1
BRF:0
BRH:0
end_of_record
TN:
SF:components\Utils\CryptoIcon.tsx
FN:27,(anonymous_0)
FNF:1
FNH:1
FNDA:2,(anonymous_0)
DA:9,1
DA:27,1
DA:32,2
LF:3
LH:3
BRDA:35,0,0,2
BRDA:35,0,1,1
BRDA:36,1,0,2
BRDA:36,1,1,2
BRDA:40,2,0,2
BRDA:40,2,1,2
BRF:6
BRH:6
end_of_record
TN:
SF:components\Utils\Layout.tsx
FN:32,(anonymous_0)
FN:43,(anonymous_1)
FN:75,(anonymous_2)
FN:76,(anonymous_3)
FN:82,(anonymous_4)
FNF:5
FNH:0
FNDA:0,(anonymous_0)
FNDA:0,(anonymous_1)
FNDA:0,(anonymous_2)
FNDA:0,(anonymous_3)
FNDA:0,(anonymous_4)
DA:22,0
DA:32,0
DA:33,0
DA:37,0
DA:39,0
DA:43,0
DA:44,0
DA:46,0
DA:50,0
DA:54,0
DA:58,0
DA:59,0
DA:64,0
DA:65,0
DA:69,0
DA:75,0
DA:76,0
DA:78,0
DA:82,0
DA:85,0
DA:88,0
DA:89,0
DA:92,0
LF:23
LH:0
BRDA:44,0,0,0
BRDA:44,0,1,0
BRDA:44,0,2,0
BRDA:44,0,3,0
BRDA:44,0,4,0
BRDA:58,1,0,0
BRDA:58,1,1,0
BRDA:88,2,0,0
BRDA:88,2,1,0
BRF:9
BRH:0
end_of_record
TN:
SF:components\Utils\MultilineTooltip.tsx
FN:21,(anonymous_0)
FN:33,(anonymous_1)
FN:39,(anonymous_2)
FN:44,(anonymous_3)
FN:49,(anonymous_4)
FN:54,(anonymous_5)
FNF:6
FNH:0
FNDA:0,(anonymous_0)
FNDA:0,(anonymous_1)
FNDA:0,(anonymous_2)
FNDA:0,(anonymous_3)
FNDA:0,(anonymous_4)
FNDA:0,(anonymous_5)
DA:21,0
DA:30,0
DA:32,0
DA:33,0
DA:38,0
DA:39,0
DA:43,0
DA:44,0
DA:48,0
DA:49,0
DA:53,0
DA:54,0
DA:59,0
LF:13
LH:0
BRDA:39,0,0,0
BRDA:39,0,1,0
BRDA:44,1,0,0
BRDA:44,1,1,0
BRDA:49,2,0,0
BRDA:49,2,1,0
BRDA:54,3,0,0
BRDA:54,3,1,0
BRDA:62,4,0,0
BRDA:62,4,1,0
BRDA:67,5,0,0
BRDA:67,5,1,0
BRDA:71,6,0,0
BRDA:71,6,1,0
BRF:14
BRH:0
end_of_record
TN:
SF:components\Utils\Selector.tsx
FN:41,(anonymous_0)
FN:52,(anonymous_1)
FN:59,(anonymous_2)
FNF:3
FNH:0
FNDA:0,(anonymous_0)
FNDA:0,(anonymous_1)
FNDA:0,(anonymous_2)
DA:9,0
DA:41,0
DA:48,0
DA:50,0
DA:53,0
DA:59,0
LF:6
LH:0
BRDA:54,0,0,0
BRDA:54,0,1,0
BRDA:57,1,0,0
BRDA:57,1,1,0
BRDA:64,2,0,0
BRDA:64,2,1,0
BRDA:67,3,0,0
BRDA:67,3,1,0
BRF:8
BRH:0
end_of_record
TN:
SF:components\Utils\Tile.tsx
FN:62,(anonymous_0)
FN:74,(anonymous_1)
FN:90,(anonymous_2)
FNF:3
FNH:0
FNDA:0,(anonymous_0)
FNDA:0,(anonymous_1)
FNDA:0,(anonymous_2)
DA:18,0
DA:45,0
DA:62,0
DA:71,0
DA:73,0
DA:75,0
DA:77,0
DA:79,0
DA:83,0
DA:89,0
DA:91,0
DA:93,0
DA:95,0
DA:99,0
DA:105,0
LF:15
LH:0
BRDA:75,0,0,0
BRDA:75,0,1,0
BRDA:75,0,2,0
BRDA:75,0,3,0
BRDA:75,0,4,0
BRDA:91,1,0,0
BRDA:91,1,1,0
BRDA:91,1,2,0
BRDA:91,1,3,0
BRDA:91,1,4,0
BRDA:107,2,0,0
BRDA:107,2,1,0
BRDA:111,3,0,0
BRDA:111,3,1,0
BRDA:117,4,0,0
BRDA:117,4,1,0
BRF:16
BRH:0
end_of_record
TN:
SF:components\Utils\TopBar.tsx
FN:20,(anonymous_0)
FN:29,(anonymous_1)
FN:63,(anonymous_2)
FN:69,(anonymous_3)
FN:70,(anonymous_4)
FN:72,(anonymous_5)
FN:81,(anonymous_6)
FN:92,(anonymous_7)
FN:97,(anonymous_8)
FN:102,(anonymous_9)
FN:142,(anonymous_10)
FNF:11
FNH:0
FNDA:0,(anonymous_0)
FNDA:0,(anonymous_1)
FNDA:0,(anonymous_2)
FNDA:0,(anonymous_3)
FNDA:0,(anonymous_4)
FNDA:0,(anonymous_5)
FNDA:0,(anonymous_6)
FNDA:0,(anonymous_7)
FNDA:0,(anonymous_8)
FNDA:0,(anonymous_9)
FNDA:0,(anonymous_10)
DA:20,0
DA:23,0
DA:25,0
DA:27,0
DA:29,0
DA:63,0
DA:67,0
DA:69,0
DA:70,0
DA:72,0
DA:73,0
DA:75,0
DA:77,0
DA:80,0
DA:81,0
DA:82,0
DA:84,0
DA:85,0
DA:88,0
DA:91,0
DA:92,0
DA:96,0
DA:97,0
DA:101,0
DA:103,0
DA:104,0
DA:116,0
DA:117,0
DA:130,0
DA:141,0
DA:143,0
DA:144,0
DA:171,0
DA:187,0
LF:34
LH:0
BRDA:73,0,0,0
BRDA:73,0,1,0
BRDA:77,1,0,0
BRDA:77,1,1,0
BRDA:80,2,0,0
BRDA:80,2,1,0
BRDA:92,3,0,0
BRDA:92,3,1,0
BRDA:97,4,0,0
BRDA:97,4,1,0
BRDA:103,5,0,0
BRDA:103,5,1,0
BRDA:116,6,0,0
BRDA:116,6,1,0
BRDA:143,7,0,0
BRDA:143,7,1,0
BRDA:153,8,0,0
BRDA:153,8,1,0
BRDA:191,9,0,0
BRDA:191,9,1,0
BRF:20
BRH:0
end_of_record
TN:
SF:components\Wallet\Wallet.tsx
FN:67,(anonymous_0)
FN:74,(anonymous_1)
FN:75,(anonymous_2)
FN:76,(anonymous_3)
FN:88,(anonymous_4)
FN:91,(anonymous_5)
FN:93,(anonymous_6)
FN:96,(anonymous_7)
FN:99,(anonymous_8)
FN:100,(anonymous_9)
FN:106,(anonymous_10)
FN:110,(anonymous_11)
FN:115,(anonymous_12)
FN:117,(anonymous_13)
FN:118,(anonymous_14)
FN:127,(anonymous_15)
FN:128,(anonymous_16)
FN:131,(anonymous_17)
FN:141,(anonymous_18)
FN:148,(anonymous_19)
FN:158,(anonymous_20)
FN:164,(anonymous_21)
FN:167,(anonymous_22)
FN:177,(anonymous_23)
FN:178,(anonymous_24)
FN:179,(anonymous_25)
FN:185,(anonymous_26)
FN:186,(anonymous_27)
FN:190,(anonymous_28)
FN:191,(anonymous_29)
FN:205,(anonymous_30)
FN:213,(anonymous_31)
FN:215,(anonymous_32)
FN:223,(anonymous_33)
FN:230,(anonymous_34)
FNF:35
FNH:0
FNDA:0,(anonymous_0)
FNDA:0,(anonymous_1)
FNDA:0,(anonymous_2)
FNDA:0,(anonymous_3)
FNDA:0,(anonymous_4)
FNDA:0,(anonymous_5)
FNDA:0,(anonymous_6)
FNDA:0,(anonymous_7)
FNDA:0,(anonymous_8)
FNDA:0,(anonymous_9)
FNDA:0,(anonymous_10)
FNDA:0,(anonymous_11)
FNDA:0,(anonymous_12)
FNDA:0,(anonymous_13)
FNDA:0,(anonymous_14)
FNDA:0,(anonymous_15)
FNDA:0,(anonymous_16)
FNDA:0,(anonymous_17)
FNDA:0,(anonymous_18)
FNDA:0,(anonymous_19)
FNDA:0,(anonymous_20)
FNDA:0,(anonymous_21)
FNDA:0,(anonymous_22)
FNDA:0,(anonymous_23)
FNDA:0,(anonymous_24)
FNDA:0,(anonymous_25)
FNDA:0,(anonymous_26)
FNDA:0,(anonymous_27)
FNDA:0,(anonymous_28)
FNDA:0,(anonymous_29)
FNDA:0,(anonymous_30)
FNDA:0,(anonymous_31)
FNDA:0,(anonymous_32)
FNDA:0,(anonymous_33)
FNDA:0,(anonymous_34)
DA:25,0
DA:67,0
DA:70,0
DA:72,0
DA:74,0
DA:75,0
DA:76,0
DA:77,0
DA:80,0
DA:82,0
DA:83,0
DA:84,0
DA:86,0
DA:88,0
DA:90,0
DA:91,0
DA:93,0
DA:95,0
DA:96,0
DA:98,0
DA:99,0
DA:100,0
DA:105,0
DA:106,0
DA:110,0
DA:111,0
DA:112,0
DA:115,0
DA:116,0
DA:117,0
DA:118,0
DA:123,0
DA:127,0
DA:128,0
DA:130,0
DA:131,0
DA:134,0
DA:136,0
DA:140,0
DA:141,0
DA:147,0
DA:149,0
DA:150,0
DA:151,0
DA:158,0
DA:159,0
DA:160,0
DA:162,0
DA:163,0
DA:164,0
DA:166,0
DA:167,0
DA:170,0
DA:172,0
DA:173,0
DA:177,0
DA:178,0
DA:179,0
DA:181,0
DA:185,0
DA:186,0
DA:189,0
DA:191,0
DA:192,0
DA:198,0
DA:206,0
DA:213,0
DA:216,0
DA:223,0
DA:230,0
LF:70
LH:0
BRDA:93,0,0,0
BRDA:93,0,1,0
BRDA:117,1,0,0
BRDA:117,1,1,0
BRDA:117,2,0,0
BRDA:117,2,1,0
BRDA:128,3,0,0
BRDA:128,3,1,0
BRDA:141,4,0,0
BRDA:141,4,1,0
BRDA:141,4,2,0
BRDA:148,5,0,0
BRDA:148,6,0,0
BRDA:150,7,0,0
BRDA:150,7,1,0
BRDA:159,8,0,0
BRDA:159,8,1,0
BRDA:159,9,0,0
BRDA:159,9,1,0
BRDA:159,9,2,0
BRDA:162,10,0,0
BRDA:162,10,1,0
BRDA:163,11,0,0
BRDA:163,11,1,0
BRDA:163,12,0,0
BRDA:163,12,1,0
BRF:26
BRH:0
end_of_record
TN:
SF:components\Wallet\WalletListItem.tsx
FN:33,(anonymous_0)
FN:42,(anonymous_1)
FN:42,(anonymous_2)
FN:47,(anonymous_3)
FN:51,(anonymous_4)
FN:142,(anonymous_5)
FN:152,(anonymous_6)
FN:156,(anonymous_7)
FN:160,(anonymous_8)
FN:161,(anonymous_9)
FN:164,(anonymous_10)
FN:170,(anonymous_11)
FN:206,(anonymous_12)
FNF:13
FNH:0
FNDA:0,(anonymous_0)
FNDA:0,(anonymous_1)
FNDA:0,(anonymous_2)
FNDA:0,(anonymous_3)
FNDA:0,(anonymous_4)
FNDA:0,(anonymous_5)
FNDA:0,(anonymous_6)
FNDA:0,(anonymous_7)
FNDA:0,(anonymous_8)
FNDA:0,(anonymous_9)
FNDA:0,(anonymous_10)
FNDA:0,(anonymous_11)
FNDA:0,(anonymous_12)
DA:33,0
DA:39,0
DA:41,0
DA:42,0
DA:46,0
DA:47,0
DA:51,0
DA:138,0
DA:140,0
DA:142,0
DA:146,0
DA:148,0
DA:151,0
DA:152,0
DA:155,0
DA:156,0
DA:160,0
DA:161,0
DA:163,0
DA:164,0
DA:169,0
DA:170,0
DA:174,0
DA:175,0
DA:199,0
DA:200,0
DA:204,0
DA:206,0
LF:28
LH:0
BRDA:42,0,0,0
BRDA:42,0,1,0
BRDA:92,1,0,0
BRDA:92,1,1,0
BRDA:152,2,0,0
BRDA:152,2,1,0
BRDA:156,3,0,0
BRDA:156,3,1,0
BRDA:174,4,0,0
BRDA:174,4,1,0
BRDA:199,5,0,0
BRDA:199,5,1,0
BRF:12
BRH:0
end_of_record
TN:
SF:components\Wallet\WalletModal.tsx
FN:26,(anonymous_0)
FN:41,(anonymous_1)
FN:110,(anonymous_2)
FN:111,(anonymous_3)
FNF:4
FNH:0
FNDA:0,(anonymous_0)
FNDA:0,(anonymous_1)
FNDA:0,(anonymous_2)
FNDA:0,(anonymous_3)
DA:26,0
DA:37,0
DA:39,0
DA:41,0
DA:109,0
DA:110,0
DA:111,0
DA:116,0
LF:8
LH:0
BRDA:140,0,0,0
BRDA:140,0,1,0
BRDA:152,1,0,0
BRDA:152,1,1,0
BRDA:172,2,0,0
BRDA:172,2,1,0
BRF:6
BRH:0
end_of_record
TN:
SF:components\testUtils\bootstrap.tsx
FN:18,(anonymous_0)
FN:36,(anonymous_1)
FN:38,(anonymous_2)
FN:42,(anonymous_3)
FN:47,(anonymous_4)
FNF:5
FNH:5
FNDA:9,(anonymous_0)
FNDA:9,(anonymous_1)
FNDA:2,(anonymous_2)
FNDA:2,(anonymous_3)
FNDA:2,(anonymous_4)
DA:16,2
DA:18,2
DA:19,9
DA:36,9
DA:38,2
DA:39,2
DA:42,2
DA:43,2
DA:46,2
DA:47,2
LF:10
LH:10
BRF:0
BRH:0
end_of_record
TN:
SF:components\testUtils\consoleMocker.ts
FN:9,(anonymous_0)
FN:11,(anonymous_1)
FN:14,(anonymous_2)
FN:26,(anonymous_3)
FNF:4
FNH:2
FNDA:2,(anonymous_0)
FNDA:0,(anonymous_1)
FNDA:0,(anonymous_2)
FNDA:2,(anonymous_3)
DA:2,2
DA:10,2
DA:11,2
DA:12,0
DA:14,0
DA:15,0
DA:16,0
DA:20,0
DA:21,0
DA:27,2
DA:28,2
LF:11
LH:5
BRDA:15,0,0,0
BRDA:15,0,1,0
BRDA:20,1,0,0
BRDA:20,1,1,0
BRDA:27,2,0,2
BRDA:27,2,1,0
BRF:6
BRH:1
end_of_record
TN:
SF:contexts\NavigationProvider.tsx
FN:34,(anonymous_0)
FN:48,(anonymous_1)
FN:62,(anonymous_2)
FN:70,(anonymous_3)
FN:72,(anonymous_4)
FN:75,(anonymous_5)
FN:84,(anonymous_6)
FNF:7
FNH:5
FNDA:9,(anonymous_0)
FNDA:0,(anonymous_1)
FNDA:0,(anonymous_2)
FNDA:9,(anonymous_3)
FNDA:7,(anonymous_4)
FNDA:9,(anonymous_5)
FNDA:9,(anonymous_6)
DA:21,2
DA:34,2
DA:35,9
DA:37,9
DA:39,9
DA:42,9
DA:45,9
DA:46,9
DA:48,9
DA:49,0
DA:52,0
DA:54,0
DA:56,0
DA:57,0
DA:58,0
DA:62,9
DA:63,0
DA:64,0
DA:65,0
DA:67,0
DA:70,9
DA:71,9
DA:72,9
DA:75,9
DA:84,9
DA:85,9
DA:88,9
LF:27
LH:17
BRDA:48,0,0,0
BRDA:49,1,0,0
BRDA:49,1,1,0
BRDA:52,2,0,0
BRDA:52,2,1,0
BRDA:57,3,0,0
BRDA:57,3,1,0
BRDA:63,4,0,0
BRDA:63,4,1,0
BRDA:64,5,0,0
BRDA:64,5,1,0
BRF:11
BRH:0
end_of_record
TN:
SF:contexts\SettingsProvider.tsx
FN:18,(anonymous_0)
FN:25,(anonymous_1)
FN:26,(anonymous_2)
FN:37,(anonymous_3)
FN:39,(anonymous_4)
FN:47,(anonymous_5)
FNF:6
FNH:0
FNDA:0,(anonymous_0)
FNDA:0,(anonymous_1)
FNDA:0,(anonymous_2)
FNDA:0,(anonymous_3)
FNDA:0,(anonymous_4)
FNDA:0,(anonymous_5)
DA:9,2
DA:18,2
DA:21,0
DA:22,0
DA:24,0
DA:26,0
DA:27,0
DA:28,0
DA:29,0
DA:31,0
DA:36,0
DA:38,0
DA:39,0
DA:47,0
DA:52,0
DA:53,0
DA:56,0
LF:17
LH:2
BRDA:52,0,0,0
BRDA:52,0,1,0
BRF:2
BRH:0
end_of_record
TN:
SF:contexts\ThemeProvider.tsx
FN:43,(anonymous_0)
FN:47,(anonymous_1)
FN:50,(anonymous_2)
FN:58,(anonymous_3)
FN:88,(anonymous_4)
FNF:5
FNH:3
FNDA:9,(anonymous_0)
FNDA:9,(anonymous_1)
FNDA:0,(anonymous_2)
FNDA:0,(anonymous_3)
FNDA:9,(anonymous_4)
DA:17,2
DA:34,2
DA:43,2
DA:46,9
DA:47,9
DA:49,9
DA:51,0
DA:52,0
DA:57,9
DA:59,0
DA:60,0
DA:66,0
DA:67,0
DA:70,0
DA:73,0
DA:74,0
DA:78,0
DA:79,0
DA:82,0
DA:87,9
DA:88,9
DA:96,9
LF:22
LH:10
BRDA:50,0,0,0
BRDA:51,1,0,0
BRDA:51,1,1,0
BRDA:52,2,0,0
BRDA:52,2,1,0
BRDA:59,3,0,0
BRDA:59,3,1,0
BRDA:60,4,0,0
BRDA:60,4,1,0
BRDA:66,5,0,0
BRDA:66,5,1,0
BRDA:73,6,0,0
BRDA:73,6,1,0
BRDA:73,7,0,0
BRDA:73,7,1,0
BRDA:74,8,0,0
BRDA:74,8,1,0
BRDA:78,9,0,0
BRDA:78,9,1,0
BRDA:78,10,0,0
BRDA:78,10,1,0
BRDA:79,11,0,0
BRDA:79,11,1,0
BRF:23
BRH:0
end_of_record
TN:
SF:contexts\TranslationProvider.tsx
FN:15,(anonymous_0)
FN:19,(anonymous_1)
FN:22,(anonymous_2)
FNF:3
FNH:3
FNDA:9,(anonymous_0)
FNDA:9,(anonymous_1)
FNDA:9,(anonymous_2)
DA:9,2
DA:15,2
DA:18,9
DA:19,9
DA:21,9
DA:22,9
DA:26,9
LF:7
LH:7
BRF:0
BRH:0
end_of_record
TN:
SF:models\CandleGranularity.ts
FN:9,(anonymous_0)
FN:12,(anonymous_1)
FN:18,(anonymous_2)
FN:21,(anonymous_3)
FN:27,(anonymous_4)
FN:30,(anonymous_5)
FN:36,(anonymous_6)
FN:39,(anonymous_7)
FN:45,(anonymous_8)
FN:48,(anonymous_9)
FN:54,(anonymous_10)
FN:57,(anonymous_11)
FNF:12
FNH:0
FNDA:0,(anonymous_0)
FNDA:0,(anonymous_1)
FNDA:0,(anonymous_2)
FNDA:0,(anonymous_3)
FNDA:0,(anonymous_4)
FNDA:0,(anonymous_5)
FNDA:0,(anonymous_6)
FNDA:0,(anonymous_7)
FNDA:0,(anonymous_8)
FNDA:0,(anonymous_9)
FNDA:0,(anonymous_10)
FNDA:0,(anonymous_11)
DA:3,0
DA:6,0
DA:10,0
DA:13,0
DA:19,0
DA:22,0
DA:28,0
DA:31,0
DA:37,0
DA:40,0
DA:46,0
DA:49,0
DA:55,0
DA:58,0
LF:14
LH:0
BRF:0
BRH:0
end_of_record
TN:
SF:models\Crypto.ts
FNF:0
FNH:0
LF:0
LH:0
BRF:0
BRH:0
end_of_record
TN:
SF:models\DarkMode.ts
FNF:0
FNH:0
DA:3,0
LF:1
LH:0
BRF:0
BRH:0
end_of_record
TN:
SF:models\DateFormat.ts
FNF:0
FNH:0
DA:5,2
LF:1
LH:1
BRF:0
BRH:0
end_of_record
TN:
SF:models\ExhangeRates.ts
FNF:0
FNH:0
LF:0
LH:0
BRF:0
BRH:0
end_of_record
TN:
SF:models\GraphMode.ts
FNF:0
FNH:0
DA:4,0
LF:1
LH:0
BRF:0
BRH:0
end_of_record
TN:
SF:models\Price.ts
FNF:0
FNH:0
LF:0
LH:0
BRF:0
BRH:0
end_of_record
TN:
SF:models\QuoteType.ts
FNF:0
FNH:0
DA:4,0
LF:1
LH:0
BRF:0
BRH:0
end_of_record
TN:
SF:models\SettingType.ts
FNF:0
FNH:0
LF:0
LH:0
BRF:0
BRH:0
end_of_record
TN:
SF:models\SettingsType.ts
FN:29,(anonymous_0)
FNF:1
FNH:1
FNDA:16,(anonymous_0)
DA:18,2
DA:29,16
LF:2
LH:2
BRF:0
BRH:0
end_of_record
TN:
SF:models\ShowOtherAssets.ts
FNF:0
FNH:0
DA:4,0
LF:1
LH:0
BRF:0
BRH:0
end_of_record
TN:
SF:models\Stats.ts
FNF:0
FNH:0
LF:0
LH:0
BRF:0
BRH:0
end_of_record
TN:
SF:models\Tabs.ts
FNF:0
FNH:0
DA:3,2
LF:1
LH:1
BRF:0
BRH:0
end_of_record
TN:
SF:models\TranslationType.ts
FNF:0
FNH:0
LF:0
LH:0
BRF:0
BRH:0
end_of_record
TN:
SF:models\WalletItem.ts
FNF:0
FNH:0
LF:0
LH:0
BRF:0
BRH:0
end_of_record
TN:
SF:services\Color.service.ts
FN:6,(anonymous_0)
FN:20,(anonymous_1)
FN:24,(anonymous_2)
FNF:3
FNH:0
FNDA:0,(anonymous_0)
FNDA:0,(anonymous_1)
FNDA:0,(anonymous_2)
DA:4,2
DA:8,0
DA:9,0
DA:10,0
DA:11,0
DA:13,0
DA:15,0
DA:17,0
DA:21,0
DA:26,0
DA:28,0
DA:30,0
DA:32,0
DA:33,0
DA:36,0
DA:38,0
DA:39,0
DA:42,0
DA:44,0
DA:45,0
DA:48,0
LF:21
LH:1
BRDA:8,0,0,0
BRDA:8,0,1,0
BRDA:10,1,0,0
BRDA:10,1,1,0
BRDA:21,2,0,0
BRDA:21,2,1,0
BRDA:32,3,0,0
BRDA:32,3,1,0
BRDA:33,4,0,0
BRDA:33,4,1,0
BRDA:38,5,0,0
BRDA:38,5,1,0
BRDA:39,6,0,0
BRDA:39,6,1,0
BRDA:44,7,0,0
BRDA:44,7,1,0
BRDA:45,8,0,0
BRDA:45,8,1,0
BRF:18
BRH:0
end_of_record
TN:
SF:services\DateTime.service.ts
FN:5,(anonymous_0)
FN:9,(anonymous_1)
FNF:2
FNH:0
FNDA:0,(anonymous_0)
FNDA:0,(anonymous_1)
DA:3,0
DA:6,0
DA:10,0
LF:3
LH:0
BRF:0
BRH:0
end_of_record
TN:
SF:services\Logger.service.ts
FN:4,(anonymous_0)
FN:5,(anonymous_1)
FN:6,(anonymous_2)
FNF:3
FNH:0
FNDA:0,(anonymous_0)
FNDA:0,(anonymous_1)
FNDA:0,(anonymous_2)
DA:3,0
DA:4,0
DA:5,0
DA:6,0
LF:4
LH:0
BRF:0
BRH:0
end_of_record
TN:
SF:services\Network.service.ts
FN:12,(anonymous_0)
FN:14,(anonymous_1)
FN:16,(anonymous_2)
FN:18,(anonymous_3)
FN:21,(anonymous_4)
FN:23,(anonymous_5)
FN:26,(anonymous_6)
FN:28,(anonymous_7)
FN:30,(anonymous_8)
FN:32,(anonymous_9)
FN:35,(anonymous_10)
FN:42,(anonymous_11)
FNF:12
FNH:0
FNDA:0,(anonymous_0)
FNDA:0,(anonymous_1)
FNDA:0,(anonymous_2)
FNDA:0,(anonymous_3)
FNDA:0,(anonymous_4)
FNDA:0,(anonymous_5)
FNDA:0,(anonymous_6)
FNDA:0,(anonymous_7)
FNDA:0,(anonymous_8)
FNDA:0,(anonymous_9)
FNDA:0,(anonymous_10)
FNDA:0,(anonymous_11)
DA:7,0
DA:8,0
DA:11,0
DA:13,0
DA:14,0
DA:17,0
DA:18,0
DA:22,0
DA:23,0
DA:27,0
DA:28,0
DA:31,0
DA:32,0
DA:40,0
DA:41,0
DA:42,0
LF:16
LH:0
BRF:0
BRH:0
end_of_record
TN:
SF:services\Settings.service.ts
FN:6,(anonymous_0)
FN:13,(anonymous_1)
FN:20,(anonymous_2)
FN:23,(anonymous_3)
FN:26,(anonymous_4)
FNF:5
FNH:0
FNDA:0,(anonymous_0)
FNDA:0,(anonymous_1)
FNDA:0,(anonymous_2)
FNDA:0,(anonymous_3)
FNDA:0,(anonymous_4)
DA:5,2
DA:7,0
DA:8,0
DA:9,0
DA:11,0
DA:16,0
DA:21,0
DA:23,0
DA:26,0
LF:9
LH:1
BRDA:8,0,0,0
BRDA:8,0,1,0
BRDA:9,1,0,0
BRDA:9,1,1,0
BRDA:18,2,0,0
BRDA:18,2,1,0
BRF:6
BRH:0
end_of_record
TN:
SF:services\Storage.service.ts
FN:6,(anonymous_0)
FN:10,(anonymous_1)
FNF:2
FNH:0
FNDA:0,(anonymous_0)
FNDA:0,(anonymous_1)
DA:4,2
DA:7,0
DA:11,0
LF:3
LH:1
BRF:0
BRH:0
end_of_record
TN:
SF:services\Translation.service.ts
FN:11,(anonymous_0)
FNF:1
FNH:1
FNDA:9,(anonymous_0)
DA:5,2
DA:10,2
DA:11,9
LF:3
LH:3
BRF:0
BRH:0
end_of_record
TN:
SF:services\Utils.service.ts
FN:4,(anonymous_0)
FN:10,(anonymous_1)
FN:14,(anonymous_2)
FN:21,(anonymous_3)
FN:30,(anonymous_4)
FN:31,(anonymous_5)
FNF:6
FNH:0
FNDA:0,(anonymous_0)
FNDA:0,(anonymous_1)
FNDA:0,(anonymous_2)
FNDA:0,(anonymous_3)
FNDA:0,(anonymous_4)
FNDA:0,(anonymous_5)
DA:2,0
DA:5,0
DA:6,0
DA:7,0
DA:11,0
DA:15,0
DA:16,0
DA:17,0
DA:19,0
DA:22,0
DA:23,0
DA:24,0
DA:26,0
DA:31,0
DA:32,0
DA:33,0
DA:35,0
LF:17
LH:0
BRDA:5,0,0,0
BRDA:5,0,1,0
BRDA:6,1,0,0
BRDA:6,1,1,0
BRDA:14,2,0,0
BRDA:16,3,0,0
BRDA:16,3,1,0
BRDA:21,4,0,0
BRDA:23,5,0,0
BRDA:23,5,1,0
BRDA:26,6,0,0
BRDA:26,6,1,0
BRDA:32,7,0,0
BRDA:32,7,1,0
BRDA:32,8,0,0
BRDA:32,8,1,0
BRF:16
BRH:0
end_of_record
